[2020-07-04 14:32:45]--[src_cgi/dealsharefile_cgi.c:552]--cmd = cancel
[2020-07-04 14:32:45]--[src_cgi/dealsharefile_cgi.c:584]--buf = {
    "filename": "ui_buttongroup.h",
    "md5": "a89390d867d5da18c8b1a95908d7c653",
    "user": "milo"
}

[2020-07-04 14:32:45]--[src_cgi/dealsharefile_cgi.c:587]--user = milo, md5 = a89390d867d5da18c8b1a95908d7c653, file_name = ui_buttongroup.h
[2020-07-04 14:35:41]--[src_cgi/dealsharefile_cgi.c:552]--cmd = save
[2020-07-04 14:35:41]--[src_cgi/dealsharefile_cgi.c:584]--buf = {
    "filename": "ui_buttongroup.h",
    "md5": "a89390d867d5da18c8b1a95908d7c653",
    "user": "milo90"
}

[2020-07-04 14:35:41]--[src_cgi/dealsharefile_cgi.c:587]--user = milo90, md5 = a89390d867d5da18c8b1a95908d7c653, file_name = ui_buttongroup.h
[2020-07-04 15:33:58]--[src_cgi/dealsharefile_cgi.c:552]--cmd = pv
[2020-07-04 15:33:58]--[src_cgi/dealsharefile_cgi.c:584]--buf = {
    "filename": "ui_buttongroup.h",
    "md5": "a89390d867d5da18c8b1a95908d7c653",
    "user": "milo"
}

[2020-07-04 15:33:58]--[src_cgi/dealsharefile_cgi.c:587]--user = milo, md5 = a89390d867d5da18c8b1a95908d7c653, file_name = ui_buttongroup.h
[2020-07-04 15:33:58]--[src_cgi/dealsharefile_cgi.c:158]--sql:select pv from share_file_list where md5 = 'a89390d867d5da18c8b1a95908d7c653' and file_name = 'ui_buttongroup.h'
[2020-07-04 15:33:58]--[src_cgi/dealsharefile_cgi.c:175]--sql:update share_file_list set pv = 1 where md5 = 'a89390d867d5da18c8b1a95908d7c653' and file_name = 'ui_buttongroup.h'
[2020-07-04 15:33:58]--[src_cgi/dealsharefile_cgi.c:190]--rop_zset_increment 操作失败
[2020-07-04 15:34:23]--[src_cgi/dealsharefile_cgi.c:552]--cmd = pv
[2020-07-04 15:34:23]--[src_cgi/dealsharefile_cgi.c:584]--buf = {
    "filename": "object_script.0voiceCloudDisk.Debug",
    "md5": "4d41f1670e561265d08d8900a5b33550",
    "user": "milo"
}

[2020-07-04 15:34:23]--[src_cgi/dealsharefile_cgi.c:587]--user = milo, md5 = 4d41f1670e561265d08d8900a5b33550, file_name = object_script.0voiceCloudDisk.Debug
[2020-07-04 15:34:23]--[src_cgi/dealsharefile_cgi.c:158]--sql:select pv from share_file_list where md5 = '4d41f1670e561265d08d8900a5b33550' and file_name = 'object_script.0voiceCloudDisk.Debug'
[2020-07-04 15:34:23]--[src_cgi/dealsharefile_cgi.c:175]--sql:update share_file_list set pv = 1 where md5 = '4d41f1670e561265d08d8900a5b33550' and file_name = 'object_script.0voiceCloudDisk.Debug'
[2020-07-04 15:34:23]--[src_cgi/dealsharefile_cgi.c:190]--rop_zset_increment 操作失败
