[2020-07-08 11:28:29]--[src_cgi/login_cgi.c:287]--buf = {
    "pwd": "e10adc3949ba59abbe56e057f20f883e",
    "user": "milo"
}

[2020-07-08 11:28:29]--[src_cgi/login_cgi.c:293]--username = milo, pwd = e10adc3949ba59abbe56e057f20f883e
[2020-07-08 11:28:29]--[src_cgi/login_cgi.c:100]--mysql_user = root, mysql_pwd = 123456, mysql_db = 0voice_cloud_disk
[2020-07-08 11:28:29]--[src_cgi/login_cgi.c:160]--redis:[ip=127.0.0.1,port=6379]
[2020-07-08 11:28:29]--[src_cgi/login_cgi.c:184]--tmp = milo530699619149
[2020-07-08 11:28:29]--[src_cgi/login_cgi.c:200]--base64 = 1CkUkC9EZ4vHBg1pEdhq4i0ZxLNK7pNJ
[2020-07-08 11:28:29]--[src_cgi/login_cgi.c:302]--token = 2ee5be44c9397b917d52c318b9ee11d8
[2020-07-08 11:28:41]--[src_cgi/login_cgi.c:287]--buf = {
    "pwd": "e10adc3949ba59abbe56e057f20f883e",
    "user": "milo"
}

[2020-07-08 11:28:41]--[src_cgi/login_cgi.c:293]--username = milo, pwd = e10adc3949ba59abbe56e057f20f883e
[2020-07-08 11:28:41]--[src_cgi/login_cgi.c:100]--mysql_user = root, mysql_pwd = 123456, mysql_db = 0voice_cloud_disk
[2020-07-08 11:28:41]--[src_cgi/login_cgi.c:160]--redis:[ip=127.0.0.1,port=6379]
[2020-07-08 11:28:41]--[src_cgi/login_cgi.c:184]--tmp = milo4539650752
[2020-07-08 11:28:41]--[src_cgi/login_cgi.c:200]--base64 = 1zDEuxDH/9QicUVNpmSHBQ==
[2020-07-08 11:28:41]--[src_cgi/login_cgi.c:302]--token = 89facccc81acaa279a2afe69f5a1d18c
[2020-07-08 14:12:02]--[src_cgi/login_cgi.c:287]--buf = {
    "pwd": "e10adc3949ba59abbe56e057f20f883e",
    "user": "milo"
}

[2020-07-08 14:12:02]--[src_cgi/login_cgi.c:293]--username = milo, pwd = e10adc3949ba59abbe56e057f20f883e
[2020-07-08 14:12:02]--[src_cgi/login_cgi.c:100]--mysql_user = root, mysql_pwd = 123456, mysql_db = 0voice_cloud_disk
[2020-07-08 14:12:02]--[src_cgi/login_cgi.c:160]--redis:[ip=127.0.0.1,port=6379]
[2020-07-08 14:12:02]--[src_cgi/login_cgi.c:184]--tmp = milo669107363495
[2020-07-08 14:12:02]--[src_cgi/login_cgi.c:200]--base64 = XlFD82mjyFtRw6MWYy/WkC0ZxLNK7pNJ
[2020-07-08 14:12:02]--[src_cgi/login_cgi.c:302]--token = 2915ab52fb4df2ed776c26b2ed5e0739
