[2020-07-04 14:32:25]--[src_cgi/login_cgi.c:287]--buf = {
    "pwd": "e10adc3949ba59abbe56e057f20f883e",
    "user": "milo"
}

[2020-07-04 14:32:25]--[src_cgi/login_cgi.c:293]--username = milo, pwd = e10adc3949ba59abbe56e057f20f883e
[2020-07-04 14:32:25]--[src_cgi/login_cgi.c:100]--mysql_user = root, mysql_pwd = 123456, mysql_db = 0voice_cloud_disk
[2020-07-04 14:32:25]--[src_cgi/login_cgi.c:160]--redis:[ip=127.0.0.1,port=6379]
[2020-07-04 14:32:25]--[src_cgi/login_cgi.c:184]--tmp = milo63348483608
[2020-07-04 14:32:25]--[src_cgi/login_cgi.c:200]--base64 = E5QwYQ5NxTA42W4XSm0IAQ==
[2020-07-04 14:32:25]--[src_cgi/login_cgi.c:302]--token = 661214b022a1f5689e9cdc6f9f332ff6
[2020-07-04 14:35:17]--[src_cgi/login_cgi.c:287]--buf = {
    "pwd": "e10adc3949ba59abbe56e057f20f883e",
    "user": "milo"
}

[2020-07-04 14:35:17]--[src_cgi/login_cgi.c:293]--username = milo, pwd = e10adc3949ba59abbe56e057f20f883e
[2020-07-04 14:35:17]--[src_cgi/login_cgi.c:100]--mysql_user = root, mysql_pwd = 123456, mysql_db = 0voice_cloud_disk
[2020-07-04 14:35:17]--[src_cgi/login_cgi.c:160]--redis:[ip=127.0.0.1,port=6379]
[2020-07-04 14:35:17]--[src_cgi/login_cgi.c:184]--tmp = milo180679140248
[2020-07-04 14:35:17]--[src_cgi/login_cgi.c:200]--base64 = aDZsvzCmgQQTcTj6zh3w9S0ZxLNK7pNJ
[2020-07-04 14:35:17]--[src_cgi/login_cgi.c:302]--token = e65b6534219e0f0771438b34465ef7e5
[2020-07-04 14:35:27]--[src_cgi/login_cgi.c:287]--buf = {
    "pwd": "e10adc3949ba59abbe56e057f20f883e",
    "user": "milo9"
}

[2020-07-04 14:35:27]--[src_cgi/login_cgi.c:293]--username = milo9, pwd = e10adc3949ba59abbe56e057f20f883e
[2020-07-04 14:35:27]--[src_cgi/login_cgi.c:100]--mysql_user = root, mysql_pwd = 123456, mysql_db = 0voice_cloud_disk
[2020-07-04 14:35:30]--[src_cgi/login_cgi.c:287]--buf = {
    "pwd": "e10adc3949ba59abbe56e057f20f883e",
    "user": "milo90"
}

[2020-07-04 14:35:30]--[src_cgi/login_cgi.c:293]--username = milo90, pwd = e10adc3949ba59abbe56e057f20f883e
[2020-07-04 14:35:30]--[src_cgi/login_cgi.c:100]--mysql_user = root, mysql_pwd = 123456, mysql_db = 0voice_cloud_disk
[2020-07-04 14:35:30]--[src_cgi/login_cgi.c:160]--redis:[ip=127.0.0.1,port=6379]
[2020-07-04 14:35:30]--[src_cgi/login_cgi.c:184]--tmp = milo90338292726996
[2020-07-04 14:35:30]--[src_cgi/login_cgi.c:200]--base64 = U0dGOCTa7CM2ptFzxxt55Y7osQwnCBRq
[2020-07-04 14:35:30]--[src_cgi/login_cgi.c:302]--token = cf7d1a977d4394b254186d27b8c1c67a
[2020-07-04 14:51:54]--[src_cgi/login_cgi.c:287]--buf = {
    "pwd": "e10adc3949ba59abbe56e057f20f883e",
    "user": "milo"
}

[2020-07-04 14:51:54]--[src_cgi/login_cgi.c:293]--username = milo, pwd = e10adc3949ba59abbe56e057f20f883e
[2020-07-04 14:51:54]--[src_cgi/login_cgi.c:100]--mysql_user = root, mysql_pwd = 123456, mysql_db = 0voice_cloud_disk
[2020-07-04 14:51:54]--[src_cgi/login_cgi.c:160]--redis:[ip=127.0.0.1,port=6379]
[2020-07-04 14:51:54]--[src_cgi/login_cgi.c:184]--tmp = milo708359779927
[2020-07-04 14:51:54]--[src_cgi/login_cgi.c:200]--base64 = aJ1ttYBk7tTumWQGYFuKGS0ZxLNK7pNJ
[2020-07-04 14:51:54]--[src_cgi/login_cgi.c:302]--token = d493f777020f02d0b941ea8e50660ae4
[2020-07-04 15:31:48]--[src_cgi/login_cgi.c:287]--buf = {
    "pwd": "e10adc3949ba59abbe56e057f20f883e",
    "user": "milo"
}

[2020-07-04 15:31:48]--[src_cgi/login_cgi.c:293]--username = milo, pwd = e10adc3949ba59abbe56e057f20f883e
[2020-07-04 15:31:48]--[src_cgi/login_cgi.c:100]--mysql_user = root, mysql_pwd = 123456, mysql_db = 0voice_cloud_disk
[2020-07-04 15:31:48]--[src_cgi/login_cgi.c:160]--redis:[ip=127.0.0.1,port=6379]
[2020-07-04 15:31:48]--[src_cgi/login_cgi.c:184]--tmp = milo598888124379
[2020-07-04 15:31:48]--[src_cgi/login_cgi.c:200]--base64 = pKSNQNv3zwDpMzn2b46/rC0ZxLNK7pNJ
[2020-07-04 15:31:48]--[src_cgi/login_cgi.c:302]--token = 82b363791cc123e9a50d0fbf60412652
[2020-07-04 16:56:57]--[src_cgi/login_cgi.c:287]--buf = {
    "pwd": "e10adc3949ba59abbe56e057f20f883e",
    "user": "milo"
}

[2020-07-04 16:56:57]--[src_cgi/login_cgi.c:293]--username = milo, pwd = e10adc3949ba59abbe56e057f20f883e
[2020-07-04 16:56:57]--[src_cgi/login_cgi.c:100]--mysql_user = root, mysql_pwd = 123456, mysql_db = 0voice_cloud_disk
[2020-07-04 16:56:57]--[src_cgi/login_cgi.c:160]--redis:[ip=127.0.0.1,port=6379]
[2020-07-04 16:56:57]--[src_cgi/login_cgi.c:184]--tmp = milo186477306864
[2020-07-04 16:56:57]--[src_cgi/login_cgi.c:200]--base64 = MQ9aABz/hpl1fw75IjnhKy0ZxLNK7pNJ
[2020-07-04 16:56:57]--[src_cgi/login_cgi.c:302]--token = d41bdaa138a274b32c2a97b321b3323f
[2020-07-04 17:22:11]--[src_cgi/login_cgi.c:287]--buf = {
    "pwd": "e10adc3949ba59abbe56e057f20f883e",
    "user": "milo"
}

[2020-07-04 17:22:11]--[src_cgi/login_cgi.c:293]--username = milo, pwd = e10adc3949ba59abbe56e057f20f883e
[2020-07-04 17:22:11]--[src_cgi/login_cgi.c:100]--mysql_user = root, mysql_pwd = 123456, mysql_db = 0voice_cloud_disk
[2020-07-04 17:22:11]--[src_cgi/login_cgi.c:160]--redis:[ip=127.0.0.1,port=6379]
[2020-07-04 17:22:11]--[src_cgi/login_cgi.c:184]--tmp = milo553509105180
[2020-07-04 17:22:11]--[src_cgi/login_cgi.c:200]--base64 = pP2AZ1VuuVcJxzwETXc7ZS0ZxLNK7pNJ
[2020-07-04 17:22:11]--[src_cgi/login_cgi.c:302]--token = dce2ed0c6c7fb5a7f370cfeade24cc6c
[2020-07-04 21:18:19]--[src_cgi/login_cgi.c:287]--buf = {
    "pwd": "e10adc3949ba59abbe56e057f20f883e",
    "user": "milo"
}

[2020-07-04 21:18:19]--[src_cgi/login_cgi.c:293]--username = milo, pwd = e10adc3949ba59abbe56e057f20f883e
[2020-07-04 21:18:19]--[src_cgi/login_cgi.c:100]--mysql_user = root, mysql_pwd = 123456, mysql_db = 0voice_cloud_disk
[2020-07-04 21:18:19]--[src_cgi/login_cgi.c:160]--redis:[ip=127.0.0.1,port=6379]
[2020-07-04 21:18:19]--[src_cgi/login_cgi.c:184]--tmp = milo116144383344
[2020-07-04 21:18:19]--[src_cgi/login_cgi.c:200]--base64 = prxcn9AUAUkUhL7tpuhumS0ZxLNK7pNJ
[2020-07-04 21:18:19]--[src_cgi/login_cgi.c:302]--token = a673062d746c1a9eaac6ee7e2c5930fa
