[2020-07-06 17:00:23]--[src_cgi/login_cgi.c:287]--buf = {
    "pwd": "e10adc3949ba59abbe56e057f20f883e",
    "user": "milo"
}

[2020-07-06 17:00:23]--[src_cgi/login_cgi.c:293]--username = milo, pwd = e10adc3949ba59abbe56e057f20f883e
[2020-07-06 17:00:23]--[src_cgi/login_cgi.c:100]--mysql_user = root, mysql_pwd = 123456, mysql_db = 0voice_cloud_disk
[2020-07-06 17:00:23]--[src_cgi/login_cgi.c:160]--redis:[ip=127.0.0.1,port=6379]
[2020-07-06 17:00:23]--[src_cgi/login_cgi.c:184]--tmp = milo6815418335
[2020-07-06 17:00:23]--[src_cgi/login_cgi.c:200]--base64 = TjvxwP4XMIAqHyrdVtKUxA==
[2020-07-06 17:00:23]--[src_cgi/login_cgi.c:302]--token = e13d088194e7844a7573ec260d78c219
[2020-07-06 17:12:09]--[src_cgi/login_cgi.c:287]--buf = {
    "pwd": "e10adc3949ba59abbe56e057f20f883e",
    "user": "milo"
}

[2020-07-06 17:12:09]--[src_cgi/login_cgi.c:293]--username = milo, pwd = e10adc3949ba59abbe56e057f20f883e
[2020-07-06 17:12:09]--[src_cgi/login_cgi.c:100]--mysql_user = root, mysql_pwd = 123456, mysql_db = 0voice_cloud_disk
[2020-07-06 17:12:09]--[src_cgi/login_cgi.c:160]--redis:[ip=127.0.0.1,port=6379]
[2020-07-06 17:12:09]--[src_cgi/login_cgi.c:184]--tmp = milo802439507566
[2020-07-06 17:12:09]--[src_cgi/login_cgi.c:200]--base64 = 7suVkr0k6NjEYrmtLL8psS0ZxLNK7pNJ
[2020-07-06 17:12:09]--[src_cgi/login_cgi.c:302]--token = 4e9d7ee5ca6e0d80b73672ac19b4dbbc
[2020-07-06 17:13:47]--[src_cgi/login_cgi.c:287]--buf = {
    "pwd": "e10adc3949ba59abbe56e057f20f883e",
    "user": "milo"
}

[2020-07-06 17:13:47]--[src_cgi/login_cgi.c:293]--username = milo, pwd = e10adc3949ba59abbe56e057f20f883e
[2020-07-06 17:13:47]--[src_cgi/login_cgi.c:100]--mysql_user = root, mysql_pwd = 123456, mysql_db = 0voice_cloud_disk
[2020-07-06 17:13:47]--[src_cgi/login_cgi.c:160]--redis:[ip=127.0.0.1,port=6379]
[2020-07-06 17:13:47]--[src_cgi/login_cgi.c:184]--tmp = milo512334254873
[2020-07-06 17:13:47]--[src_cgi/login_cgi.c:200]--base64 = 4ISP4qwypPRtHxKIEUMmuS0ZxLNK7pNJ
[2020-07-06 17:13:47]--[src_cgi/login_cgi.c:302]--token = 317b7a171714104cea5af1ac73d7d2ed
[2020-07-06 20:55:37]--[src_cgi/login_cgi.c:287]--buf = {
    "pwd": "e10adc3949ba59abbe56e057f20f883e",
    "user": "milo"
}

[2020-07-06 20:55:37]--[src_cgi/login_cgi.c:293]--username = milo, pwd = e10adc3949ba59abbe56e057f20f883e
[2020-07-06 20:55:37]--[src_cgi/login_cgi.c:100]--mysql_user = root, mysql_pwd = 123456, mysql_db = 0voice_cloud_disk
[2020-07-06 20:55:37]--[src_cgi/login_cgi.c:160]--redis:[ip=127.0.0.1,port=6379]
[2020-07-06 20:55:37]--[src_cgi/login_cgi.c:184]--tmp = milo339774606739
[2020-07-06 20:55:37]--[src_cgi/login_cgi.c:200]--base64 = 4M7j3ffcWdyb8v22lG4/yy0ZxLNK7pNJ
[2020-07-06 20:55:37]--[src_cgi/login_cgi.c:302]--token = 55d15a9d2bc577f84179e85a031a4c66
[2020-07-06 20:55:46]--[src_cgi/login_cgi.c:287]--buf = {
    "pwd": "e10adc3949ba59abbe56e057f20f883e",
    "user": "milo"
}

[2020-07-06 20:55:46]--[src_cgi/login_cgi.c:293]--username = milo, pwd = e10adc3949ba59abbe56e057f20f883e
[2020-07-06 20:55:46]--[src_cgi/login_cgi.c:100]--mysql_user = root, mysql_pwd = 123456, mysql_db = 0voice_cloud_disk
[2020-07-06 20:55:46]--[src_cgi/login_cgi.c:160]--redis:[ip=127.0.0.1,port=6379]
[2020-07-06 20:55:46]--[src_cgi/login_cgi.c:184]--tmp = milo678690831935
[2020-07-06 20:55:46]--[src_cgi/login_cgi.c:200]--base64 = 4LrgfInGr/21AEMmqAQtGS0ZxLNK7pNJ
[2020-07-06 20:55:46]--[src_cgi/login_cgi.c:302]--token = ccc31aae5009b7e2ae3d82f00a938b4e
[2020-07-06 20:56:53]--[src_cgi/login_cgi.c:287]--buf = {
    "pwd": "e10adc3949ba59abbe56e057f20f883e",
    "user": "milo"
}

[2020-07-06 20:56:53]--[src_cgi/login_cgi.c:293]--username = milo, pwd = e10adc3949ba59abbe56e057f20f883e
[2020-07-06 20:56:53]--[src_cgi/login_cgi.c:100]--mysql_user = root, mysql_pwd = 123456, mysql_db = 0voice_cloud_disk
[2020-07-06 20:56:53]--[src_cgi/login_cgi.c:160]--redis:[ip=127.0.0.1,port=6379]
[2020-07-06 20:56:53]--[src_cgi/login_cgi.c:184]--tmp = milo888849283356
[2020-07-06 20:56:53]--[src_cgi/login_cgi.c:200]--base64 = sM67Dr63zStWXKDEXVGvSC0ZxLNK7pNJ
[2020-07-06 20:56:53]--[src_cgi/login_cgi.c:302]--token = a98956a461ee54d81c6e2c2fe959e5c6
[2020-07-06 21:02:46]--[src_cgi/login_cgi.c:287]--buf = {
    "pwd": "e10adc3949ba59abbe56e057f20f883e",
    "user": "milo"
}

[2020-07-06 21:02:46]--[src_cgi/login_cgi.c:293]--username = milo, pwd = e10adc3949ba59abbe56e057f20f883e
[2020-07-06 21:02:46]--[src_cgi/login_cgi.c:100]--mysql_user = root, mysql_pwd = 123456, mysql_db = 0voice_cloud_disk
[2020-07-06 21:02:46]--[src_cgi/login_cgi.c:160]--redis:[ip=127.0.0.1,port=6379]
[2020-07-06 21:02:46]--[src_cgi/login_cgi.c:184]--tmp = milo717493554795
[2020-07-06 21:02:46]--[src_cgi/login_cgi.c:200]--base64 = gdDcspqUeAG8iD8GOF0Rhi0ZxLNK7pNJ
[2020-07-06 21:02:46]--[src_cgi/login_cgi.c:302]--token = 0bfcfe117b5f5e278e1925934c57fbfa
[2020-07-06 21:05:06]--[src_cgi/login_cgi.c:287]--buf = {
    "pwd": "e10adc3949ba59abbe56e057f20f883e",
    "user": "milo"
}

[2020-07-06 21:05:06]--[src_cgi/login_cgi.c:293]--username = milo, pwd = e10adc3949ba59abbe56e057f20f883e
[2020-07-06 21:05:06]--[src_cgi/login_cgi.c:100]--mysql_user = root, mysql_pwd = 123456, mysql_db = 0voice_cloud_disk
[2020-07-06 21:05:06]--[src_cgi/login_cgi.c:160]--redis:[ip=127.0.0.1,port=6379]
[2020-07-06 21:05:06]--[src_cgi/login_cgi.c:184]--tmp = milo874248573503
[2020-07-06 21:05:06]--[src_cgi/login_cgi.c:200]--base64 = O2FzI5FrK8ucvEUQLuhviC0ZxLNK7pNJ
[2020-07-06 21:05:06]--[src_cgi/login_cgi.c:302]--token = 6b79c4ee2368e2943d1bb7fe0ad20687
[2020-07-06 21:10:43]--[src_cgi/login_cgi.c:287]--buf = {
    "pwd": "e10adc3949ba59abbe56e057f20f883e",
    "user": "milo"
}

[2020-07-06 21:10:43]--[src_cgi/login_cgi.c:293]--username = milo, pwd = e10adc3949ba59abbe56e057f20f883e
[2020-07-06 21:10:43]--[src_cgi/login_cgi.c:100]--mysql_user = root, mysql_pwd = 123456, mysql_db = 0voice_cloud_disk
[2020-07-06 21:10:43]--[src_cgi/login_cgi.c:160]--redis:[ip=127.0.0.1,port=6379]
[2020-07-06 21:10:43]--[src_cgi/login_cgi.c:184]--tmp = milo994447679770
[2020-07-06 21:10:43]--[src_cgi/login_cgi.c:200]--base64 = BYwThKuCPeaJKnwFJqL5aS0ZxLNK7pNJ
[2020-07-06 21:10:43]--[src_cgi/login_cgi.c:302]--token = b32f1d8a8207c7e31c1523436e40f926
[2020-07-06 21:11:44]--[src_cgi/login_cgi.c:287]--buf = {
    "pwd": "e10adc3949ba59abbe56e057f20f883e",
    "user": "milo"
}

[2020-07-06 21:11:44]--[src_cgi/login_cgi.c:293]--username = milo, pwd = e10adc3949ba59abbe56e057f20f883e
[2020-07-06 21:11:44]--[src_cgi/login_cgi.c:100]--mysql_user = root, mysql_pwd = 123456, mysql_db = 0voice_cloud_disk
[2020-07-06 21:11:44]--[src_cgi/login_cgi.c:160]--redis:[ip=127.0.0.1,port=6379]
[2020-07-06 21:11:44]--[src_cgi/login_cgi.c:184]--tmp = milo450240436878
[2020-07-06 21:11:44]--[src_cgi/login_cgi.c:200]--base64 = irPct3nMwOUTZQSvj2spJS0ZxLNK7pNJ
[2020-07-06 21:11:44]--[src_cgi/login_cgi.c:302]--token = 1bfda70352c110231de9d54d4b839da2
[2020-07-06 21:16:03]--[src_cgi/login_cgi.c:287]--buf = {
    "pwd": "e10adc3949ba59abbe56e057f20f883e",
    "user": "milo"
}

[2020-07-06 21:16:03]--[src_cgi/login_cgi.c:293]--username = milo, pwd = e10adc3949ba59abbe56e057f20f883e
[2020-07-06 21:16:03]--[src_cgi/login_cgi.c:100]--mysql_user = root, mysql_pwd = 123456, mysql_db = 0voice_cloud_disk
[2020-07-06 21:16:03]--[src_cgi/login_cgi.c:160]--redis:[ip=127.0.0.1,port=6379]
[2020-07-06 21:16:03]--[src_cgi/login_cgi.c:184]--tmp = milo244839599636
[2020-07-06 21:16:03]--[src_cgi/login_cgi.c:200]--base64 = lc3UILnPNzLyEC3EpaM3iC0ZxLNK7pNJ
[2020-07-06 21:16:03]--[src_cgi/login_cgi.c:302]--token = a6185bea3ca6c1b47584a10cbd410aeb
[2020-07-06 21:28:40]--[src_cgi/login_cgi.c:287]--buf = {
    "pwd": "e10adc3949ba59abbe56e057f20f883e",
    "user": "milo"
}

[2020-07-06 21:28:40]--[src_cgi/login_cgi.c:293]--username = milo, pwd = e10adc3949ba59abbe56e057f20f883e
[2020-07-06 21:28:40]--[src_cgi/login_cgi.c:100]--mysql_user = root, mysql_pwd = 123456, mysql_db = 0voice_cloud_disk
[2020-07-06 21:28:40]--[src_cgi/login_cgi.c:160]--redis:[ip=127.0.0.1,port=6379]
[2020-07-06 21:28:40]--[src_cgi/login_cgi.c:184]--tmp = milo446318314375
[2020-07-06 21:28:40]--[src_cgi/login_cgi.c:200]--base64 = aRGX9yRTKFoUjqqGnTPLLy0ZxLNK7pNJ
[2020-07-06 21:28:40]--[src_cgi/login_cgi.c:302]--token = 368ad762e73e792dce4331dbd308542b
[2020-07-06 21:33:52]--[src_cgi/login_cgi.c:287]--buf = {
    "pwd": "e10adc3949ba59abbe56e057f20f883e",
    "user": "milo"
}

[2020-07-06 21:33:52]--[src_cgi/login_cgi.c:293]--username = milo, pwd = e10adc3949ba59abbe56e057f20f883e
[2020-07-06 21:33:52]--[src_cgi/login_cgi.c:100]--mysql_user = root, mysql_pwd = 123456, mysql_db = 0voice_cloud_disk
[2020-07-06 21:33:52]--[src_cgi/login_cgi.c:160]--redis:[ip=127.0.0.1,port=6379]
[2020-07-06 21:33:52]--[src_cgi/login_cgi.c:184]--tmp = milo980116299798
[2020-07-06 21:33:52]--[src_cgi/login_cgi.c:200]--base64 = dfU0+zDdUwaKFdPuzxbeui0ZxLNK7pNJ
[2020-07-06 21:33:52]--[src_cgi/login_cgi.c:302]--token = 890cef5ade284a1e77ad1a84cf988983
[2020-07-06 21:36:27]--[src_cgi/login_cgi.c:287]--buf = {
    "pwd": "e10adc3949ba59abbe56e057f20f883e",
    "user": "milo89"
}

[2020-07-06 21:36:27]--[src_cgi/login_cgi.c:293]--username = milo89, pwd = e10adc3949ba59abbe56e057f20f883e
[2020-07-06 21:36:27]--[src_cgi/login_cgi.c:100]--mysql_user = root, mysql_pwd = 123456, mysql_db = 0voice_cloud_disk
[2020-07-06 21:36:27]--[src_cgi/login_cgi.c:160]--redis:[ip=127.0.0.1,port=6379]
[2020-07-06 21:36:27]--[src_cgi/login_cgi.c:184]--tmp = milo89123169847921
[2020-07-06 21:36:27]--[src_cgi/login_cgi.c:200]--base64 = CkkZDyjyODbnsRj8b4w5+qPaVi2mTmfL
[2020-07-06 21:36:27]--[src_cgi/login_cgi.c:302]--token = 9bf9e172154cb4e6d320f7275c797047
[2020-07-06 21:37:15]--[src_cgi/login_cgi.c:287]--buf = {
    "pwd": "e10adc3949ba59abbe56e057f20f883e",
    "user": "milo89"
}

[2020-07-06 21:37:15]--[src_cgi/login_cgi.c:293]--username = milo89, pwd = e10adc3949ba59abbe56e057f20f883e
[2020-07-06 21:37:15]--[src_cgi/login_cgi.c:100]--mysql_user = root, mysql_pwd = 123456, mysql_db = 0voice_cloud_disk
[2020-07-06 21:37:15]--[src_cgi/login_cgi.c:160]--redis:[ip=127.0.0.1,port=6379]
[2020-07-06 21:37:15]--[src_cgi/login_cgi.c:184]--tmp = milo8991032876350
[2020-07-06 21:37:15]--[src_cgi/login_cgi.c:200]--base64 = WRlO2nIKgqqkZQyEfenFrLN71Jkkp7xg
[2020-07-06 21:37:15]--[src_cgi/login_cgi.c:302]--token = 60b830bd751d2d03b81b51409ad2e886
[2020-07-06 21:38:05]--[src_cgi/login_cgi.c:287]--buf = {
    "pwd": "e10adc3949ba59abbe56e057f20f883e",
    "user": "milo89"
}

[2020-07-06 21:38:05]--[src_cgi/login_cgi.c:293]--username = milo89, pwd = e10adc3949ba59abbe56e057f20f883e
[2020-07-06 21:38:05]--[src_cgi/login_cgi.c:100]--mysql_user = root, mysql_pwd = 123456, mysql_db = 0voice_cloud_disk
[2020-07-06 21:38:05]--[src_cgi/login_cgi.c:160]--redis:[ip=127.0.0.1,port=6379]
[2020-07-06 21:38:05]--[src_cgi/login_cgi.c:184]--tmp = milo8950191127794
[2020-07-06 21:38:05]--[src_cgi/login_cgi.c:200]--base64 = b9uXoXCwYY4HZ/aFNspREJ+HwxKUAZ0k
[2020-07-06 21:38:05]--[src_cgi/login_cgi.c:302]--token = 1f7dafc50c05075e7fd8ae901db30ff1
[2020-07-06 21:39:46]--[src_cgi/login_cgi.c:287]--buf = {
    "pwd": "e10adc3949ba59abbe56e057f20f883e",
    "user": "milo89"
}

[2020-07-06 21:39:46]--[src_cgi/login_cgi.c:293]--username = milo89, pwd = e10adc3949ba59abbe56e057f20f883e
[2020-07-06 21:39:46]--[src_cgi/login_cgi.c:100]--mysql_user = root, mysql_pwd = 123456, mysql_db = 0voice_cloud_disk
[2020-07-06 21:39:46]--[src_cgi/login_cgi.c:160]--redis:[ip=127.0.0.1,port=6379]
[2020-07-06 21:39:46]--[src_cgi/login_cgi.c:184]--tmp = milo89862909576558
[2020-07-06 21:39:46]--[src_cgi/login_cgi.c:200]--base64 = JYM6qqevYpNjqsrwSUWBlzWCZUySgM55
[2020-07-06 21:39:46]--[src_cgi/login_cgi.c:302]--token = 5b5d9493c30eb9879fc5aa8c7296ab57
[2020-07-06 21:41:25]--[src_cgi/login_cgi.c:287]--buf = {
    "pwd": "e10adc3949ba59abbe56e057f20f883e",
    "user": "milo89"
}

[2020-07-06 21:41:25]--[src_cgi/login_cgi.c:293]--username = milo89, pwd = e10adc3949ba59abbe56e057f20f883e
[2020-07-06 21:41:25]--[src_cgi/login_cgi.c:100]--mysql_user = root, mysql_pwd = 123456, mysql_db = 0voice_cloud_disk
[2020-07-06 21:41:25]--[src_cgi/login_cgi.c:160]--redis:[ip=127.0.0.1,port=6379]
[2020-07-06 21:41:25]--[src_cgi/login_cgi.c:184]--tmp = milo89876136733496
[2020-07-06 21:41:25]--[src_cgi/login_cgi.c:200]--base64 = 7fPYWgiWJukbQP0QYOpDdo7osQwnCBRq
[2020-07-06 21:41:25]--[src_cgi/login_cgi.c:302]--token = 0ee4e4d7e13db20004e57cf51ae138b3
[2020-07-06 22:00:14]--[src_cgi/login_cgi.c:287]--buf = {
    "pwd": "e10adc3949ba59abbe56e057f20f883e",
    "user": "milo"
}

[2020-07-06 22:00:14]--[src_cgi/login_cgi.c:293]--username = milo, pwd = e10adc3949ba59abbe56e057f20f883e
[2020-07-06 22:00:14]--[src_cgi/login_cgi.c:100]--mysql_user = root, mysql_pwd = 123456, mysql_db = 0voice_cloud_disk
[2020-07-06 22:00:14]--[src_cgi/login_cgi.c:160]--redis:[ip=127.0.0.1,port=6379]
[2020-07-06 22:00:14]--[src_cgi/login_cgi.c:184]--tmp = milo50438436620
[2020-07-06 22:00:14]--[src_cgi/login_cgi.c:200]--base64 = iSUVqc/DeY63NCxBpD5VeA==
[2020-07-06 22:00:14]--[src_cgi/login_cgi.c:302]--token = 45a7680bcf27266da7fadd8de111c1f6
[2020-07-06 22:00:38]--[src_cgi/login_cgi.c:287]--buf = {
    "pwd": "e10adc3949ba59abbe56e057f20f883e",
    "user": "milo"
}

[2020-07-06 22:00:38]--[src_cgi/login_cgi.c:293]--username = milo, pwd = e10adc3949ba59abbe56e057f20f883e
[2020-07-06 22:00:38]--[src_cgi/login_cgi.c:100]--mysql_user = root, mysql_pwd = 123456, mysql_db = 0voice_cloud_disk
[2020-07-06 22:00:38]--[src_cgi/login_cgi.c:160]--redis:[ip=127.0.0.1,port=6379]
[2020-07-06 22:00:38]--[src_cgi/login_cgi.c:184]--tmp = milo77421226113
[2020-07-06 22:00:38]--[src_cgi/login_cgi.c:200]--base64 = ImHQoYI6GggcgVqmDYOGew==
[2020-07-06 22:00:38]--[src_cgi/login_cgi.c:302]--token = e8963ff41d6b577e46b4178d352eac4a
[2020-07-06 22:00:41]--[src_cgi/login_cgi.c:287]--buf = {
    "pwd": "e10adc3949ba59abbe56e057f20f883e",
    "user": "milo"
}

[2020-07-06 22:00:41]--[src_cgi/login_cgi.c:293]--username = milo, pwd = e10adc3949ba59abbe56e057f20f883e
[2020-07-06 22:00:41]--[src_cgi/login_cgi.c:100]--mysql_user = root, mysql_pwd = 123456, mysql_db = 0voice_cloud_disk
[2020-07-06 22:00:41]--[src_cgi/login_cgi.c:160]--redis:[ip=127.0.0.1,port=6379]
[2020-07-06 22:00:41]--[src_cgi/login_cgi.c:184]--tmp = milo75148423632
[2020-07-06 22:00:41]--[src_cgi/login_cgi.c:200]--base64 = WY8NtaTrPMfDjItieiMo6A==
[2020-07-06 22:00:41]--[src_cgi/login_cgi.c:302]--token = f4ce9b4487369da0c4f483ae9334fb07
[2020-07-06 22:03:39]--[src_cgi/login_cgi.c:287]--buf = {
    "pwd": "e10adc3949ba59abbe56e057f20f883e",
    "user": "milo"
}

[2020-07-06 22:03:39]--[src_cgi/login_cgi.c:293]--username = milo, pwd = e10adc3949ba59abbe56e057f20f883e
[2020-07-06 22:03:39]--[src_cgi/login_cgi.c:100]--mysql_user = root, mysql_pwd = 123456, mysql_db = 0voice_cloud_disk
[2020-07-06 22:03:39]--[src_cgi/login_cgi.c:160]--redis:[ip=127.0.0.1,port=6379]
[2020-07-06 22:03:39]--[src_cgi/login_cgi.c:184]--tmp = milo609302443757
[2020-07-06 22:03:39]--[src_cgi/login_cgi.c:200]--base64 = ciNzQnuFbcEjBiWqrxYd4i0ZxLNK7pNJ
[2020-07-06 22:03:39]--[src_cgi/login_cgi.c:302]--token = aa0a4d376b169e3bb55ebd430baba57b
[2020-07-06 22:07:44]--[src_cgi/login_cgi.c:287]--buf = {
    "pwd": "e10adc3949ba59abbe56e057f20f883e",
    "user": "milo"
}

[2020-07-06 22:07:44]--[src_cgi/login_cgi.c:293]--username = milo, pwd = e10adc3949ba59abbe56e057f20f883e
[2020-07-06 22:07:44]--[src_cgi/login_cgi.c:100]--mysql_user = root, mysql_pwd = 123456, mysql_db = 0voice_cloud_disk
[2020-07-06 22:07:44]--[src_cgi/login_cgi.c:160]--redis:[ip=127.0.0.1,port=6379]
[2020-07-06 22:07:44]--[src_cgi/login_cgi.c:184]--tmp = milo747830588962
[2020-07-06 22:07:44]--[src_cgi/login_cgi.c:200]--base64 = RDV9iz9WCjxRiUWgOf/X3C0ZxLNK7pNJ
[2020-07-06 22:07:44]--[src_cgi/login_cgi.c:302]--token = 0f0c5ea508d1b18c5ea689c265f86e2b
[2020-07-06 22:07:51]--[src_cgi/login_cgi.c:287]--buf = {
    "pwd": "e10adc3949ba59abbe56e057f20f883e",
    "user": "milo"
}

[2020-07-06 22:07:51]--[src_cgi/login_cgi.c:293]--username = milo, pwd = e10adc3949ba59abbe56e057f20f883e
[2020-07-06 22:07:51]--[src_cgi/login_cgi.c:100]--mysql_user = root, mysql_pwd = 123456, mysql_db = 0voice_cloud_disk
[2020-07-06 22:07:51]--[src_cgi/login_cgi.c:160]--redis:[ip=127.0.0.1,port=6379]
[2020-07-06 22:07:51]--[src_cgi/login_cgi.c:184]--tmp = milo55744068272
[2020-07-06 22:07:51]--[src_cgi/login_cgi.c:200]--base64 = 8nqp9W6BrNmwCS9Ep+Lc5Q==
[2020-07-06 22:07:51]--[src_cgi/login_cgi.c:302]--token = 3ec768109fb715758eef1d6e00d5e57d
[2020-07-06 22:09:26]--[src_cgi/login_cgi.c:287]--buf = {
    "pwd": "e10adc3949ba59abbe56e057f20f883e",
    "user": "milo"
}

[2020-07-06 22:09:26]--[src_cgi/login_cgi.c:293]--username = milo, pwd = e10adc3949ba59abbe56e057f20f883e
[2020-07-06 22:09:26]--[src_cgi/login_cgi.c:100]--mysql_user = root, mysql_pwd = 123456, mysql_db = 0voice_cloud_disk
[2020-07-06 22:09:26]--[src_cgi/login_cgi.c:160]--redis:[ip=127.0.0.1,port=6379]
[2020-07-06 22:09:26]--[src_cgi/login_cgi.c:184]--tmp = milo160159953233
[2020-07-06 22:09:26]--[src_cgi/login_cgi.c:200]--base64 = 0Ua/exZhLCoTAkyuaqTANy0ZxLNK7pNJ
[2020-07-06 22:09:26]--[src_cgi/login_cgi.c:302]--token = e33e2bf48863e19a63ebc6573ac5ced7
[2020-07-06 22:09:44]--[src_cgi/login_cgi.c:287]--buf = {
    "pwd": "e10adc3949ba59abbe56e057f20f883e",
    "user": "milo"
}

[2020-07-06 22:09:44]--[src_cgi/login_cgi.c:293]--username = milo, pwd = e10adc3949ba59abbe56e057f20f883e
[2020-07-06 22:09:44]--[src_cgi/login_cgi.c:100]--mysql_user = root, mysql_pwd = 123456, mysql_db = 0voice_cloud_disk
[2020-07-06 22:09:44]--[src_cgi/login_cgi.c:160]--redis:[ip=127.0.0.1,port=6379]
[2020-07-06 22:09:44]--[src_cgi/login_cgi.c:184]--tmp = milo717514163164
[2020-07-06 22:09:44]--[src_cgi/login_cgi.c:200]--base64 = Kagvv+pjJRFnI+TDZvQm+i0ZxLNK7pNJ
[2020-07-06 22:09:44]--[src_cgi/login_cgi.c:302]--token = deeab0a74b3b599bad8d62bc58b80c2f
