[2020-07-03 20:10:34]--[src_cgi/login_cgi.c:287]--buf = {
    "pwd": "e10adc3949ba59abbe56e057f20f883e",
    "user": "milo"
}

[2020-07-03 20:10:34]--[src_cgi/login_cgi.c:293]--username = milo, pwd = e10adc3949ba59abbe56e057f20f883e
[2020-07-03 20:10:34]--[src_cgi/login_cgi.c:100]--mysql_user = root, mysql_pwd = 123456, mysql_db = 0voice_cloud_disk
[2020-07-03 20:10:34]--[src_cgi/login_cgi.c:160]--redis:[ip=127.0.0.1,port=6379]
[2020-07-03 20:10:34]--[src_cgi/login_cgi.c:184]--tmp = milo776478251616
[2020-07-03 20:10:34]--[src_cgi/login_cgi.c:200]--base64 = TuG2zXxb03J12lpgbXmcIS0ZxLNK7pNJ
[2020-07-03 20:10:34]--[src_cgi/login_cgi.c:302]--token = e722854fd2595b6c0168b02f8d657d6d
[2020-07-03 20:37:54]--[src_cgi/login_cgi.c:287]--buf = {
    "pwd": "e10adc3949ba59abbe56e057f20f883e",
    "user": "milo"
}

[2020-07-03 20:37:54]--[src_cgi/login_cgi.c:293]--username = milo, pwd = e10adc3949ba59abbe56e057f20f883e
[2020-07-03 20:37:54]--[src_cgi/login_cgi.c:100]--mysql_user = root, mysql_pwd = 123456, mysql_db = 0voice_cloud_disk
[2020-07-03 20:37:54]--[src_cgi/login_cgi.c:160]--redis:[ip=127.0.0.1,port=6379]
[2020-07-03 20:37:54]--[src_cgi/login_cgi.c:184]--tmp = milo399378974998
[2020-07-03 20:37:54]--[src_cgi/login_cgi.c:200]--base64 = NFN/hSchdbrtVcBmH1q/di0ZxLNK7pNJ
[2020-07-03 20:37:54]--[src_cgi/login_cgi.c:302]--token = 94683fec955a97104ece5c5624ed4d10
[2020-07-03 20:51:21]--[src_cgi/login_cgi.c:287]--buf = {
    "pwd": "e10adc3949ba59abbe56e057f20f883e",
    "user": "milo"
}

[2020-07-03 20:51:21]--[src_cgi/login_cgi.c:293]--username = milo, pwd = e10adc3949ba59abbe56e057f20f883e
[2020-07-03 20:51:21]--[src_cgi/login_cgi.c:100]--mysql_user = root, mysql_pwd = 123456, mysql_db = 0voice_cloud_disk
[2020-07-03 20:51:21]--[src_cgi/login_cgi.c:160]--redis:[ip=127.0.0.1,port=6379]
[2020-07-03 20:51:21]--[src_cgi/login_cgi.c:184]--tmp = milo33026692564
[2020-07-03 20:51:21]--[src_cgi/login_cgi.c:200]--base64 = NPxPz1lE8CQd66nNC3H+rA==
[2020-07-03 20:51:21]--[src_cgi/login_cgi.c:302]--token = 9af36a1a2b9f7546bffe7ba9fec81e61
[2020-07-03 23:04:25]--[src_cgi/login_cgi.c:287]--buf = {
    "pwd": "e10adc3949ba59abbe56e057f20f883e",
    "user": "milo"
}

[2020-07-03 23:04:25]--[src_cgi/login_cgi.c:293]--username = milo, pwd = e10adc3949ba59abbe56e057f20f883e
[2020-07-03 23:04:25]--[src_cgi/login_cgi.c:100]--mysql_user = root, mysql_pwd = 123456, mysql_db = 0voice_cloud_disk
[2020-07-03 23:04:25]--[src_cgi/login_cgi.c:160]--redis:[ip=127.0.0.1,port=6379]
[2020-07-03 23:04:25]--[src_cgi/login_cgi.c:184]--tmp = milo135893814813
[2020-07-03 23:04:25]--[src_cgi/login_cgi.c:200]--base64 = gJeMtTm+ys7SGGK5qmqoEi0ZxLNK7pNJ
[2020-07-03 23:04:25]--[src_cgi/login_cgi.c:302]--token = 02f0bd2953493c0eaf79dc9004cd6734
[2020-07-03 23:29:39]--[src_cgi/login_cgi.c:287]--buf = {
    "pwd": "e10adc3949ba59abbe56e057f20f883e",
    "user": "milo"
}

[2020-07-03 23:29:39]--[src_cgi/login_cgi.c:293]--username = milo, pwd = e10adc3949ba59abbe56e057f20f883e
[2020-07-03 23:29:39]--[src_cgi/login_cgi.c:100]--mysql_user = root, mysql_pwd = 123456, mysql_db = 0voice_cloud_disk
[2020-07-03 23:29:39]--[src_cgi/login_cgi.c:160]--redis:[ip=127.0.0.1,port=6379]
[2020-07-03 23:29:39]--[src_cgi/login_cgi.c:184]--tmp = milo93424759546
[2020-07-03 23:29:39]--[src_cgi/login_cgi.c:200]--base64 = ScZequS+qjPi9v75ITbrJA==
[2020-07-03 23:29:39]--[src_cgi/login_cgi.c:302]--token = ecf3ac6f8863cd17ed1d3909c4386684
