[2020-07-07 10:44:47]--[src_cgi/login_cgi.c:287]--buf = {
    "pwd": "e10adc3949ba59abbe56e057f20f883e",
    "user": "milo"
}

[2020-07-07 10:44:47]--[src_cgi/login_cgi.c:293]--username = milo, pwd = e10adc3949ba59abbe56e057f20f883e
[2020-07-07 10:44:47]--[src_cgi/login_cgi.c:100]--mysql_user = root, mysql_pwd = 123456, mysql_db = 0voice_cloud_disk
[2020-07-07 10:44:47]--[src_cgi/login_cgi.c:160]--redis:[ip=127.0.0.1,port=6379]
[2020-07-07 10:44:47]--[src_cgi/login_cgi.c:184]--tmp = milo370573262884
[2020-07-07 10:44:47]--[src_cgi/login_cgi.c:200]--base64 = 9kWWFw2frXjxtHiBZwqP/C0ZxLNK7pNJ
[2020-07-07 10:44:47]--[src_cgi/login_cgi.c:302]--token = 2b58be52d83b360ad291ae351a871f17
[2020-07-07 10:44:58]--[src_cgi/login_cgi.c:287]--buf = {
    "pwd": "e10adc3949ba59abbe56e057f20f883e",
    "user": "milo"
}

[2020-07-07 10:44:58]--[src_cgi/login_cgi.c:293]--username = milo, pwd = e10adc3949ba59abbe56e057f20f883e
[2020-07-07 10:44:58]--[src_cgi/login_cgi.c:100]--mysql_user = root, mysql_pwd = 123456, mysql_db = 0voice_cloud_disk
[2020-07-07 10:44:58]--[src_cgi/login_cgi.c:160]--redis:[ip=127.0.0.1,port=6379]
[2020-07-07 10:44:58]--[src_cgi/login_cgi.c:184]--tmp = milo39883605367
[2020-07-07 10:44:58]--[src_cgi/login_cgi.c:200]--base64 = kgWvW386P6wd6FAwUV6gBg==
[2020-07-07 10:44:58]--[src_cgi/login_cgi.c:302]--token = 0863eb1c5ddbfead06a5a0b83e7dc6af
[2020-07-07 15:34:14]--[src_cgi/login_cgi.c:287]--buf = {
    "pwd": "e10adc3949ba59abbe56e057f20f883e",
    "user": "milo"
}

[2020-07-07 15:34:14]--[src_cgi/login_cgi.c:293]--username = milo, pwd = e10adc3949ba59abbe56e057f20f883e
[2020-07-07 15:34:14]--[src_cgi/login_cgi.c:100]--mysql_user = root, mysql_pwd = 123456, mysql_db = 0voice_cloud_disk
[2020-07-07 15:34:14]--[src_cgi/login_cgi.c:160]--redis:[ip=127.0.0.1,port=6379]
[2020-07-07 15:34:14]--[src_cgi/login_cgi.c:184]--tmp = milo99115396213
[2020-07-07 15:34:14]--[src_cgi/login_cgi.c:200]--base64 = y+jWc5xEuFOG8shH5HJ+Qg==
[2020-07-07 15:34:14]--[src_cgi/login_cgi.c:302]--token = 4f418c0e4ee79252a294fc56dbc2fae5
[2020-07-07 15:37:33]--[src_cgi/login_cgi.c:287]--buf = {
    "pwd": "e10adc3949ba59abbe56e057f20f883e",
    "user": "milo"
}

[2020-07-07 15:37:33]--[src_cgi/login_cgi.c:293]--username = milo, pwd = e10adc3949ba59abbe56e057f20f883e
[2020-07-07 15:37:33]--[src_cgi/login_cgi.c:100]--mysql_user = root, mysql_pwd = 123456, mysql_db = 0voice_cloud_disk
[2020-07-07 15:37:33]--[src_cgi/login_cgi.c:160]--redis:[ip=127.0.0.1,port=6379]
[2020-07-07 15:37:33]--[src_cgi/login_cgi.c:184]--tmp = milo422453745355
[2020-07-07 15:37:33]--[src_cgi/login_cgi.c:200]--base64 = 5QGKySfjS+YGSM176t1n8C0ZxLNK7pNJ
[2020-07-07 15:37:33]--[src_cgi/login_cgi.c:302]--token = da020287888ecd1eef39abbcc15abe10
[2020-07-07 17:22:58]--[src_cgi/login_cgi.c:287]--buf = {
    "pwd": "e10adc3949ba59abbe56e057f20f883e",
    "user": "milo"
}

[2020-07-07 17:22:58]--[src_cgi/login_cgi.c:293]--username = milo, pwd = e10adc3949ba59abbe56e057f20f883e
[2020-07-07 17:22:58]--[src_cgi/login_cgi.c:100]--mysql_user = root, mysql_pwd = 123456, mysql_db = 0voice_cloud_disk
[2020-07-07 17:22:58]--[src_cgi/login_cgi.c:160]--redis:[ip=127.0.0.1,port=6379]
[2020-07-07 17:22:58]--[src_cgi/login_cgi.c:184]--tmp = milo898139407253
[2020-07-07 17:22:58]--[src_cgi/login_cgi.c:200]--base64 = ssRnROo93aYoMuoXXrZ+Vy0ZxLNK7pNJ
[2020-07-07 17:22:58]--[src_cgi/login_cgi.c:302]--token = c8b05de88a75a5cbfe3d4832de43cdd9
[2020-07-07 21:27:16]--[src_cgi/login_cgi.c:287]--buf = {
    "pwd": "e10adc3949ba59abbe56e057f20f883e",
    "user": "milo90"
}

[2020-07-07 21:27:16]--[src_cgi/login_cgi.c:293]--username = milo90, pwd = e10adc3949ba59abbe56e057f20f883e
[2020-07-07 21:27:16]--[src_cgi/login_cgi.c:100]--mysql_user = root, mysql_pwd = 123456, mysql_db = 0voice_cloud_disk
[2020-07-07 21:27:16]--[src_cgi/login_cgi.c:160]--redis:[ip=127.0.0.1,port=6379]
[2020-07-07 21:27:16]--[src_cgi/login_cgi.c:184]--tmp = milo9064683874887
[2020-07-07 21:27:16]--[src_cgi/login_cgi.c:200]--base64 = UW6z2aeHgx4QO7xNHjdB8fUujTBmz0dF
[2020-07-07 21:27:16]--[src_cgi/login_cgi.c:302]--token = c42a889697674bdf29502887f6fefe0a
