[2020-07-04 14:26:41]--[src_cgi/md5_cgi.c:337]--buf = {
    "fileName": "ui_buttongroup.h",
    "md5": "a89390d867d5da18c8b1a95908d7c653",
    "token": "ecf3ac6f8863cd17ed1d3909c4386684",
    "user": "milo"
}

[2020-07-04 14:26:41]--[src_cgi/md5_cgi.c:359]--user = milo, token = ecf3ac6f8863cd17ed1d3909c4386684, md5 = a89390d867d5da18c8b1a95908d7c653, filename = ui_buttongroup.h
[2020-07-04 15:19:02]--[src_cgi/md5_cgi.c:337]--buf = {
    "fileName": "ui_buttongroup.h",
    "md5": "a89390d867d5da18c8b1a95908d7c653",
    "token": "d493f777020f02d0b941ea8e50660ae4",
    "user": "milo"
}

[2020-07-04 15:19:02]--[src_cgi/md5_cgi.c:359]--user = milo, token = d493f777020f02d0b941ea8e50660ae4, md5 = a89390d867d5da18c8b1a95908d7c653, filename = ui_buttongroup.h
[2020-07-04 15:19:02]--[src_cgi/md5_cgi.c:183]--milo[filename:ui_buttongroup.h, md5:a89390d867d5da18c8b1a95908d7c653]已存在
[2020-07-04 15:30:56]--[src_cgi/md5_cgi.c:337]--buf = {
    "fileName": "ui_buttongroup.h",
    "md5": "a89390d867d5da18c8b1a95908d7c653",
    "token": "d493f777020f02d0b941ea8e50660ae4",
    "user": "milo"
}

[2020-07-04 15:30:56]--[src_cgi/md5_cgi.c:359]--user = milo, token = d493f777020f02d0b941ea8e50660ae4, md5 = a89390d867d5da18c8b1a95908d7c653, filename = ui_buttongroup.h
[2020-07-04 15:30:56]--[src_cgi/md5_cgi.c:183]--milo[filename:ui_buttongroup.h, md5:a89390d867d5da18c8b1a95908d7c653]已存在
[2020-07-04 15:31:05]--[src_cgi/md5_cgi.c:337]--buf = {
    "fileName": "object_script.0voiceCloudDisk.Debug",
    "md5": "4d41f1670e561265d08d8900a5b33550",
    "token": "d493f777020f02d0b941ea8e50660ae4",
    "user": "milo"
}

[2020-07-04 15:31:05]--[src_cgi/md5_cgi.c:359]--user = milo, token = d493f777020f02d0b941ea8e50660ae4, md5 = 4d41f1670e561265d08d8900a5b33550, filename = object_script.0voiceCloudDisk.Debug
[2020-07-04 21:56:53]--[src_cgi/md5_cgi.c:337]--buf = {
    "fileName": "ui_login.h",
    "md5": "0091239159a4e85dd9f132409e845cfc",
    "token": "a673062d746c1a9eaac6ee7e2c5930fa",
    "user": "milo"
}

[2020-07-04 21:56:53]--[src_cgi/md5_cgi.c:359]--user = milo, token = a673062d746c1a9eaac6ee7e2c5930fa, md5 = 0091239159a4e85dd9f132409e845cfc, filename = ui_login.h
[2020-07-04 21:58:29]--[src_cgi/md5_cgi.c:337]--buf = {
    "fileName": "main.cpp",
    "md5": "5f2a390a60cb3d51355469fea61efa0b",
    "token": "a673062d746c1a9eaac6ee7e2c5930fa",
    "user": "milo"
}

[2020-07-04 21:58:29]--[src_cgi/md5_cgi.c:359]--user = milo, token = a673062d746c1a9eaac6ee7e2c5930fa, md5 = 5f2a390a60cb3d51355469fea61efa0b, filename = main.cpp
[2020-07-04 22:00:35]--[src_cgi/md5_cgi.c:337]--buf = {
    "fileName": "avi.png",
    "md5": "2869fd80cf88d03946a1d8b74ffabbac",
    "token": "a673062d746c1a9eaac6ee7e2c5930fa",
    "user": "milo"
}

[2020-07-04 22:00:35]--[src_cgi/md5_cgi.c:359]--user = milo, token = a673062d746c1a9eaac6ee7e2c5930fa, md5 = 2869fd80cf88d03946a1d8b74ffabbac, filename = avi.png
