[2020-07-06 16:59:22]--[src_cgi/md5_cgi.c:337]--buf = {
    "fileName": "fla.png",
    "md5": "511c32ba1f11a2d3a9669f17f4c1966a",
    "token": "ca6fd912afd9f9908fde899d4a4de55a",
    "user": "milo"
}

[2020-07-06 16:59:22]--[src_cgi/md5_cgi.c:359]--user = milo, token = ca6fd912afd9f9908fde899d4a4de55a, md5 = 511c32ba1f11a2d3a9669f17f4c1966a, filename = fla.png
[2020-07-06 17:00:27]--[src_cgi/md5_cgi.c:337]--buf = {
    "fileName": "rar.png",
    "md5": "0141bb5134645ac80764dbff546d4a7b",
    "token": "e13d088194e7844a7573ec260d78c219",
    "user": "milo"
}

[2020-07-06 17:00:27]--[src_cgi/md5_cgi.c:359]--user = milo, token = e13d088194e7844a7573ec260d78c219, md5 = 0141bb5134645ac80764dbff546d4a7b, filename = rar.png
[2020-07-06 17:12:19]--[src_cgi/md5_cgi.c:337]--buf = {
    "fileName": "url.png",
    "md5": "11b1aec06a02cbb0a9372fe5df208175",
    "token": "4e9d7ee5ca6e0d80b73672ac19b4dbbc",
    "user": "milo"
}

[2020-07-06 17:12:19]--[src_cgi/md5_cgi.c:359]--user = milo, token = 4e9d7ee5ca6e0d80b73672ac19b4dbbc, md5 = 11b1aec06a02cbb0a9372fe5df208175, filename = url.png
[2020-07-06 17:13:34]--[src_cgi/md5_cgi.c:39]--mysql:[user=root,pwd=123456,database=0voice_cloud_disk][2020-07-06 17:13:55]--[src_cgi/md5_cgi.c:337]--buf = {
    "fileName": "jpeg.png",
    "md5": "da620bb6bf584be1be12390b92e81c91",
    "token": "317b7a171714104cea5af1ac73d7d2ed",
    "user": "milo"
}

[2020-07-06 17:13:55]--[src_cgi/md5_cgi.c:359]--user = milo, token = 317b7a171714104cea5af1ac73d7d2ed, md5 = da620bb6bf584be1be12390b92e81c91, filename = jpeg.png
[2020-07-06 20:33:03]--[src_cgi/md5_cgi.c:337]--buf = {
    "fileName": "fla.png",
    "md5": "511c32ba1f11a2d3a9669f17f4c1966a",
    "token": "317b7a171714104cea5af1ac73d7d2ed",
    "user": "milo"
}

[2020-07-06 20:33:03]--[src_cgi/md5_cgi.c:359]--user = milo, token = 317b7a171714104cea5af1ac73d7d2ed, md5 = 511c32ba1f11a2d3a9669f17f4c1966a, filename = fla.png
