[2020-07-03 20:10:34]--[src_cgi/myfiles_cgi.c:504]--cmd = count
[2020-07-03 20:10:34]--[src_cgi/myfiles_cgi.c:536]--buf = {
    "token": "e722854fd2595b6c0168b02f8d657d6d",
    "user": "milo"
}

[2020-07-03 20:10:34]--[src_cgi/myfiles_cgi.c:163]--select count from user_file_count where user='milo' 操作失败
[2020-07-03 20:10:34]--[src_cgi/myfiles_cgi.c:175]--line = 0
[2020-07-03 20:37:18]--[src_cgi/myfiles_cgi.c:504]--cmd = count
[2020-07-03 20:37:18]--[src_cgi/myfiles_cgi.c:536]--buf = {
    "token": "e722854fd2595b6c0168b02f8d657d6d",
    "user": "milo"
}

[2020-07-03 20:37:18]--[src_cgi/myfiles_cgi.c:175]--line = 1
[2020-07-03 20:37:18]--[src_cgi/myfiles_cgi.c:504]--cmd = normal
[2020-07-03 20:37:18]--[src_cgi/myfiles_cgi.c:536]--buf = {
    "count": 1,
    "start": 0,
    "token": "e722854fd2595b6c0168b02f8d657d6d",
    "user": "milo"
}

[2020-07-03 20:37:18]--[src_cgi/myfiles_cgi.c:556]--user = milo, token = e722854fd2595b6c0168b02f8d657d6d, start = 0, count = 1
[2020-07-03 20:37:18]--[src_cgi/myfiles_cgi.c:305]--select user_file_list.*, file_info.url, file_info.size, file_info.type from file_info, user_file_list where user = 'milo' and file_info.md5 = user_file_list.md5 limit 0, 1 在操作
[2020-07-03 20:37:18]--[src_cgi/myfiles_cgi.c:436]--{
	"files":	[{
			"user":	"milo",
			"md5":	"602fdf30db2aacf517badf4565124f51",
			"create_time":	"2020-07-03 20:37:18",
			"file_name":	"Makefile",
			"share_status":	0,
			"pv":	0,
			"url":	"http://172.16.0.15:80/group1/M00/00/00/rBAAD17_Jn6AM-iuAACBBC5AIsc2532509",
			"size":	33028,
			"type":	"null"
		}]
}
[2020-07-03 20:37:54]--[src_cgi/myfiles_cgi.c:504]--cmd = count
[2020-07-03 20:37:54]--[src_cgi/myfiles_cgi.c:536]--buf = {
    "token": "94683fec955a97104ece5c5624ed4d10",
    "user": "milo"
}

[2020-07-03 20:37:54]--[src_cgi/myfiles_cgi.c:175]--line = 1
[2020-07-03 20:37:54]--[src_cgi/myfiles_cgi.c:504]--cmd = normal
[2020-07-03 20:37:54]--[src_cgi/myfiles_cgi.c:536]--buf = {
    "count": 1,
    "start": 0,
    "token": "94683fec955a97104ece5c5624ed4d10",
    "user": "milo"
}

[2020-07-03 20:37:54]--[src_cgi/myfiles_cgi.c:556]--user = milo, token = 94683fec955a97104ece5c5624ed4d10, start = 0, count = 1
[2020-07-03 20:37:54]--[src_cgi/myfiles_cgi.c:305]--select user_file_list.*, file_info.url, file_info.size, file_info.type from file_info, user_file_list where user = 'milo' and file_info.md5 = user_file_list.md5 limit 0, 1 在操作
[2020-07-03 20:37:54]--[src_cgi/myfiles_cgi.c:436]--{
	"files":	[{
			"user":	"milo",
			"md5":	"602fdf30db2aacf517badf4565124f51",
			"create_time":	"2020-07-03 20:37:18",
			"file_name":	"Makefile",
			"share_status":	0,
			"pv":	0,
			"url":	"http://172.16.0.15:80/group1/M00/00/00/rBAAD17_Jn6AM-iuAACBBC5AIsc2532509",
			"size":	33028,
			"type":	"null"
		}]
}
[2020-07-03 20:51:21]--[src_cgi/myfiles_cgi.c:504]--cmd = count
[2020-07-03 20:51:21]--[src_cgi/myfiles_cgi.c:536]--buf = {
    "token": "9af36a1a2b9f7546bffe7ba9fec81e61",
    "user": "milo"
}

[2020-07-03 20:51:21]--[src_cgi/myfiles_cgi.c:175]--line = 1
[2020-07-03 20:51:22]--[src_cgi/myfiles_cgi.c:504]--cmd = normal
[2020-07-03 20:51:22]--[src_cgi/myfiles_cgi.c:536]--buf = {
    "count": 1,
    "start": 0,
    "token": "9af36a1a2b9f7546bffe7ba9fec81e61",
    "user": "milo"
}

[2020-07-03 20:51:22]--[src_cgi/myfiles_cgi.c:556]--user = milo, token = 9af36a1a2b9f7546bffe7ba9fec81e61, start = 0, count = 1
[2020-07-03 20:51:22]--[src_cgi/myfiles_cgi.c:305]--select user_file_list.*, file_info.url, file_info.size, file_info.type from file_info, user_file_list where user = 'milo' and file_info.md5 = user_file_list.md5 limit 0, 1 在操作
[2020-07-03 20:51:22]--[src_cgi/myfiles_cgi.c:436]--{
	"files":	[{
			"user":	"milo",
			"md5":	"602fdf30db2aacf517badf4565124f51",
			"create_time":	"2020-07-03 20:37:18",
			"file_name":	"Makefile",
			"share_status":	0,
			"pv":	0,
			"url":	"http://172.16.0.15:80/group1/M00/00/00/rBAAD17_Jn6AM-iuAACBBC5AIsc2532509",
			"size":	33028,
			"type":	"null"
		}]
}
[2020-07-03 23:04:25]--[src_cgi/myfiles_cgi.c:504]--cmd = count
[2020-07-03 23:04:25]--[src_cgi/myfiles_cgi.c:536]--buf = {
    "token": "02f0bd2953493c0eaf79dc9004cd6734",
    "user": "milo"
}

[2020-07-03 23:04:25]--[src_cgi/myfiles_cgi.c:175]--line = 1
[2020-07-03 23:04:25]--[src_cgi/myfiles_cgi.c:504]--cmd = normal
[2020-07-03 23:04:25]--[src_cgi/myfiles_cgi.c:536]--buf = {
    "count": 1,
    "start": 0,
    "token": "02f0bd2953493c0eaf79dc9004cd6734",
    "user": "milo"
}

[2020-07-03 23:04:25]--[src_cgi/myfiles_cgi.c:556]--user = milo, token = 02f0bd2953493c0eaf79dc9004cd6734, start = 0, count = 1
[2020-07-03 23:04:25]--[src_cgi/myfiles_cgi.c:305]--select user_file_list.*, file_info.url, file_info.size, file_info.type from file_info, user_file_list where user = 'milo' and file_info.md5 = user_file_list.md5 limit 0, 1 在操作
[2020-07-03 23:04:25]--[src_cgi/myfiles_cgi.c:436]--{
	"files":	[{
			"user":	"milo",
			"md5":	"602fdf30db2aacf517badf4565124f51",
			"create_time":	"2020-07-03 20:37:18",
			"file_name":	"Makefile",
			"share_status":	0,
			"pv":	0,
			"url":	"http://172.16.0.15:80/group1/M00/00/00/rBAAD17_Jn6AM-iuAACBBC5AIsc2532509",
			"size":	33028,
			"type":	"null"
		}]
}
[2020-07-03 23:29:39]--[src_cgi/myfiles_cgi.c:504]--cmd = count
[2020-07-03 23:29:39]--[src_cgi/myfiles_cgi.c:536]--buf = {
    "token": "ecf3ac6f8863cd17ed1d3909c4386684",
    "user": "milo"
}

[2020-07-03 23:29:39]--[src_cgi/myfiles_cgi.c:175]--line = 1
[2020-07-03 23:29:39]--[src_cgi/myfiles_cgi.c:504]--cmd = normal
[2020-07-03 23:29:39]--[src_cgi/myfiles_cgi.c:536]--buf = {
    "count": 1,
    "start": 0,
    "token": "ecf3ac6f8863cd17ed1d3909c4386684",
    "user": "milo"
}

[2020-07-03 23:29:39]--[src_cgi/myfiles_cgi.c:556]--user = milo, token = ecf3ac6f8863cd17ed1d3909c4386684, start = 0, count = 1
[2020-07-03 23:29:39]--[src_cgi/myfiles_cgi.c:305]--select user_file_list.*, file_info.url, file_info.size, file_info.type from file_info, user_file_list where user = 'milo' and file_info.md5 = user_file_list.md5 limit 0, 1 在操作
[2020-07-03 23:29:39]--[src_cgi/myfiles_cgi.c:436]--{
	"files":	[{
			"user":	"milo",
			"md5":	"602fdf30db2aacf517badf4565124f51",
			"create_time":	"2020-07-03 20:37:18",
			"file_name":	"Makefile",
			"share_status":	0,
			"pv":	0,
			"url":	"http://172.16.0.15:80/group1/M00/00/00/rBAAD17_Jn6AM-iuAACBBC5AIsc2532509",
			"size":	33028,
			"type":	"null"
		}]
}
[2020-07-03 23:39:29]--[src_cgi/myfiles_cgi.c:504]--cmd = count
[2020-07-03 23:39:29]--[src_cgi/myfiles_cgi.c:536]--buf = {
    "token": "ecf3ac6f8863cd17ed1d3909c4386684",
    "user": "milo"
}

[2020-07-03 23:39:29]--[src_cgi/myfiles_cgi.c:175]--line = 1
[2020-07-03 23:39:29]--[src_cgi/myfiles_cgi.c:504]--cmd = normal
[2020-07-03 23:39:29]--[src_cgi/myfiles_cgi.c:536]--buf = {
    "count": 1,
    "start": 0,
    "token": "ecf3ac6f8863cd17ed1d3909c4386684",
    "user": "milo"
}

[2020-07-03 23:39:29]--[src_cgi/myfiles_cgi.c:556]--user = milo, token = ecf3ac6f8863cd17ed1d3909c4386684, start = 0, count = 1
[2020-07-03 23:39:29]--[src_cgi/myfiles_cgi.c:305]--select user_file_list.*, file_info.url, file_info.size, file_info.type from file_info, user_file_list where user = 'milo' and file_info.md5 = user_file_list.md5 limit 0, 1 在操作
[2020-07-03 23:39:29]--[src_cgi/myfiles_cgi.c:436]--{
	"files":	[{
			"user":	"milo",
			"md5":	"602fdf30db2aacf517badf4565124f51",
			"create_time":	"2020-07-03 20:37:18",
			"file_name":	"Makefile",
			"share_status":	0,
			"pv":	0,
			"url":	"http://172.16.0.15:80/group1/M00/00/00/rBAAD17_Jn6AM-iuAACBBC5AIsc2532509",
			"size":	33028,
			"type":	"null"
		}]
}
[2020-07-03 23:39:43]--[src_cgi/myfiles_cgi.c:504]--cmd = count
[2020-07-03 23:39:43]--[src_cgi/myfiles_cgi.c:536]--buf = {
    "token": "ecf3ac6f8863cd17ed1d3909c4386684",
    "user": "milo"
}

[2020-07-03 23:39:43]--[src_cgi/myfiles_cgi.c:175]--line = 2
[2020-07-03 23:39:43]--[src_cgi/myfiles_cgi.c:504]--cmd = normal
[2020-07-03 23:39:43]--[src_cgi/myfiles_cgi.c:536]--buf = {
    "count": 2,
    "start": 0,
    "token": "ecf3ac6f8863cd17ed1d3909c4386684",
    "user": "milo"
}

[2020-07-03 23:39:43]--[src_cgi/myfiles_cgi.c:556]--user = milo, token = ecf3ac6f8863cd17ed1d3909c4386684, start = 0, count = 2
[2020-07-03 23:39:43]--[src_cgi/myfiles_cgi.c:305]--select user_file_list.*, file_info.url, file_info.size, file_info.type from file_info, user_file_list where user = 'milo' and file_info.md5 = user_file_list.md5 limit 0, 2 在操作
[2020-07-03 23:39:43]--[src_cgi/myfiles_cgi.c:436]--{
	"files":	[{
			"user":	"milo",
			"md5":	"602fdf30db2aacf517badf4565124f51",
			"create_time":	"2020-07-03 20:37:18",
			"file_name":	"Makefile",
			"share_status":	0,
			"pv":	0,
			"url":	"http://172.16.0.15:80/group1/M00/00/00/rBAAD17_Jn6AM-iuAACBBC5AIsc2532509",
			"size":	33028,
			"type":	"null"
		}, {
			"user":	"milo",
			"md5":	"9f4095fb550d683f4ce6fbf65c335010",
			"create_time":	"2020-07-03 23:39:38",
			"file_name":	"ui_buttongroup.h",
			"share_status":	0,
			"pv":	0,
			"url":	"http://172.16.0.15:80/group1/M00/00/00/rBAAD17_UTqAQmjGAAAk_uOxU8E23375.h",
			"size":	9470,
			"type":	"h"
		}]
}
[2020-07-03 23:40:00]--[src_cgi/myfiles_cgi.c:504]--cmd = count
[2020-07-03 23:40:00]--[src_cgi/myfiles_cgi.c:536]--buf = {
    "token": "ecf3ac6f8863cd17ed1d3909c4386684",
    "user": "milo"
}

[2020-07-03 23:40:00]--[src_cgi/myfiles_cgi.c:175]--line = 2
[2020-07-03 23:40:00]--[src_cgi/myfiles_cgi.c:504]--cmd = normal
[2020-07-03 23:40:00]--[src_cgi/myfiles_cgi.c:536]--buf = {
    "count": 2,
    "start": 0,
    "token": "ecf3ac6f8863cd17ed1d3909c4386684",
    "user": "milo"
}

[2020-07-03 23:40:00]--[src_cgi/myfiles_cgi.c:556]--user = milo, token = ecf3ac6f8863cd17ed1d3909c4386684, start = 0, count = 2
[2020-07-03 23:40:00]--[src_cgi/myfiles_cgi.c:305]--select user_file_list.*, file_info.url, file_info.size, file_info.type from file_info, user_file_list where user = 'milo' and file_info.md5 = user_file_list.md5 limit 0, 2 在操作
[2020-07-03 23:40:00]--[src_cgi/myfiles_cgi.c:436]--{
	"files":	[{
			"user":	"milo",
			"md5":	"602fdf30db2aacf517badf4565124f51",
			"create_time":	"2020-07-03 20:37:18",
			"file_name":	"Makefile",
			"share_status":	0,
			"pv":	0,
			"url":	"http://172.16.0.15:80/group1/M00/00/00/rBAAD17_Jn6AM-iuAACBBC5AIsc2532509",
			"size":	33028,
			"type":	"null"
		}, {
			"user":	"milo",
			"md5":	"9f4095fb550d683f4ce6fbf65c335010",
			"create_time":	"2020-07-03 23:39:38",
			"file_name":	"ui_buttongroup.h",
			"share_status":	0,
			"pv":	0,
			"url":	"http://172.16.0.15:80/group1/M00/00/00/rBAAD17_UTqAQmjGAAAk_uOxU8E23375.h",
			"size":	9470,
			"type":	"h"
		}]
}
[2020-07-03 23:40:17]--[src_cgi/myfiles_cgi.c:504]--cmd = count
[2020-07-03 23:40:17]--[src_cgi/myfiles_cgi.c:536]--buf = {
    "token": "ecf3ac6f8863cd17ed1d3909c4386684",
    "user": "milo"
}

[2020-07-03 23:40:17]--[src_cgi/myfiles_cgi.c:175]--line = 1
[2020-07-03 23:40:17]--[src_cgi/myfiles_cgi.c:504]--cmd = normal
[2020-07-03 23:40:17]--[src_cgi/myfiles_cgi.c:536]--buf = {
    "count": 1,
    "start": 0,
    "token": "ecf3ac6f8863cd17ed1d3909c4386684",
    "user": "milo"
}

[2020-07-03 23:40:17]--[src_cgi/myfiles_cgi.c:556]--user = milo, token = ecf3ac6f8863cd17ed1d3909c4386684, start = 0, count = 1
[2020-07-03 23:40:17]--[src_cgi/myfiles_cgi.c:305]--select user_file_list.*, file_info.url, file_info.size, file_info.type from file_info, user_file_list where user = 'milo' and file_info.md5 = user_file_list.md5 limit 0, 1 在操作
[2020-07-03 23:40:17]--[src_cgi/myfiles_cgi.c:436]--{
	"files":	[{
			"user":	"milo",
			"md5":	"602fdf30db2aacf517badf4565124f51",
			"create_time":	"2020-07-03 20:37:18",
			"file_name":	"Makefile",
			"share_status":	0,
			"pv":	0,
			"url":	"http://172.16.0.15:80/group1/M00/00/00/rBAAD17_Jn6AM-iuAACBBC5AIsc2532509",
			"size":	33028,
			"type":	"null"
		}]
}
[2020-07-03 23:40:42]--[src_cgi/myfiles_cgi.c:504]--cmd = count
[2020-07-03 23:40:42]--[src_cgi/myfiles_cgi.c:536]--buf = {
    "token": "ecf3ac6f8863cd17ed1d3909c4386684",
    "user": "milo"
}

[2020-07-03 23:40:42]--[src_cgi/myfiles_cgi.c:175]--line = 1
[2020-07-03 23:40:42]--[src_cgi/myfiles_cgi.c:504]--cmd = normal
[2020-07-03 23:40:42]--[src_cgi/myfiles_cgi.c:536]--buf = {
    "count": 1,
    "start": 0,
    "token": "ecf3ac6f8863cd17ed1d3909c4386684",
    "user": "milo"
}

[2020-07-03 23:40:42]--[src_cgi/myfiles_cgi.c:556]--user = milo, token = ecf3ac6f8863cd17ed1d3909c4386684, start = 0, count = 1
[2020-07-03 23:40:42]--[src_cgi/myfiles_cgi.c:305]--select user_file_list.*, file_info.url, file_info.size, file_info.type from file_info, user_file_list where user = 'milo' and file_info.md5 = user_file_list.md5 limit 0, 1 在操作
[2020-07-03 23:40:42]--[src_cgi/myfiles_cgi.c:436]--{
	"files":	[{
			"user":	"milo",
			"md5":	"602fdf30db2aacf517badf4565124f51",
			"create_time":	"2020-07-03 20:37:18",
			"file_name":	"Makefile",
			"share_status":	1,
			"pv":	0,
			"url":	"http://172.16.0.15:80/group1/M00/00/00/rBAAD17_Jn6AM-iuAACBBC5AIsc2532509",
			"size":	33028,
			"type":	"null"
		}]
}
[2020-07-03 23:40:52]--[src_cgi/myfiles_cgi.c:504]--cmd = count
[2020-07-03 23:40:52]--[src_cgi/myfiles_cgi.c:536]--buf = {
    "token": "ecf3ac6f8863cd17ed1d3909c4386684",
    "user": "milo"
}

[2020-07-03 23:40:52]--[src_cgi/myfiles_cgi.c:175]--line = 1
[2020-07-03 23:40:52]--[src_cgi/myfiles_cgi.c:504]--cmd = normal
[2020-07-03 23:40:52]--[src_cgi/myfiles_cgi.c:536]--buf = {
    "count": 1,
    "start": 0,
    "token": "ecf3ac6f8863cd17ed1d3909c4386684",
    "user": "milo"
}

[2020-07-03 23:40:52]--[src_cgi/myfiles_cgi.c:556]--user = milo, token = ecf3ac6f8863cd17ed1d3909c4386684, start = 0, count = 1
[2020-07-03 23:40:52]--[src_cgi/myfiles_cgi.c:305]--select user_file_list.*, file_info.url, file_info.size, file_info.type from file_info, user_file_list where user = 'milo' and file_info.md5 = user_file_list.md5 limit 0, 1 在操作
[2020-07-03 23:40:52]--[src_cgi/myfiles_cgi.c:436]--{
	"files":	[{
			"user":	"milo",
			"md5":	"602fdf30db2aacf517badf4565124f51",
			"create_time":	"2020-07-03 20:37:18",
			"file_name":	"Makefile",
			"share_status":	0,
			"pv":	0,
			"url":	"http://172.16.0.15:80/group1/M00/00/00/rBAAD17_Jn6AM-iuAACBBC5AIsc2532509",
			"size":	33028,
			"type":	"null"
		}]
}
[2020-07-03 23:41:13]--[src_cgi/myfiles_cgi.c:504]--cmd = count
[2020-07-03 23:41:13]--[src_cgi/myfiles_cgi.c:536]--buf = {
    "token": "ecf3ac6f8863cd17ed1d3909c4386684",
    "user": "milo"
}

[2020-07-03 23:41:13]--[src_cgi/myfiles_cgi.c:175]--line = 1
[2020-07-03 23:41:13]--[src_cgi/myfiles_cgi.c:504]--cmd = normal
[2020-07-03 23:41:13]--[src_cgi/myfiles_cgi.c:536]--buf = {
    "count": 1,
    "start": 0,
    "token": "ecf3ac6f8863cd17ed1d3909c4386684",
    "user": "milo"
}

[2020-07-03 23:41:13]--[src_cgi/myfiles_cgi.c:556]--user = milo, token = ecf3ac6f8863cd17ed1d3909c4386684, start = 0, count = 1
[2020-07-03 23:41:13]--[src_cgi/myfiles_cgi.c:305]--select user_file_list.*, file_info.url, file_info.size, file_info.type from file_info, user_file_list where user = 'milo' and file_info.md5 = user_file_list.md5 limit 0, 1 在操作
[2020-07-03 23:41:13]--[src_cgi/myfiles_cgi.c:436]--{
	"files":	[{
			"user":	"milo",
			"md5":	"602fdf30db2aacf517badf4565124f51",
			"create_time":	"2020-07-03 20:37:18",
			"file_name":	"Makefile",
			"share_status":	0,
			"pv":	0,
			"url":	"http://172.16.0.15:80/group1/M00/00/00/rBAAD17_Jn6AM-iuAACBBC5AIsc2532509",
			"size":	33028,
			"type":	"null"
		}]
}
