[2020-07-08 00:30:51]--[src_cgi/myfiles_cgi.c:504]--cmd = count
[2020-07-08 00:30:51]--[src_cgi/myfiles_cgi.c:536]--buf = {
    "token": "c42a889697674bdf29502887f6fefe0a",
    "user": "milo90"
}

[2020-07-08 00:30:51]--[src_cgi/myfiles_cgi.c:175]--line = 1
[2020-07-08 00:30:51]--[src_cgi/myfiles_cgi.c:504]--cmd = normal
[2020-07-08 00:30:51]--[src_cgi/myfiles_cgi.c:536]--buf = {
    "count": 1,
    "start": 0,
    "token": "c42a889697674bdf29502887f6fefe0a",
    "user": "milo90"
}

[2020-07-08 00:30:51]--[src_cgi/myfiles_cgi.c:556]--user = milo90, token = c42a889697674bdf29502887f6fefe0a, start = 0, count = 1
[2020-07-08 00:30:51]--[src_cgi/myfiles_cgi.c:305]--select user_file_list.*, file_info.url, file_info.size, file_info.type from file_info, user_file_list where user = 'milo90' and file_info.md5 = user_file_list.md5 limit 0, 1 在操作
[2020-07-08 00:30:51]--[src_cgi/myfiles_cgi.c:436]--{
	"files":	[{
			"user":	"milo90",
			"md5":	"a89390d867d5da18c8b1a95908d7c653",
			"create_time":	"2020-07-04 14:35:41",
			"file_name":	"ui_buttongroup.h",
			"share_status":	0,
			"pv":	0,
			"url":	"http://172.16.0.15:80/group1/M00/00/00/rBAAD18AISGAP6QrAAACRhizVvQ79062.h",
			"size":	582,
			"type":	"h"
		}]
}
[2020-07-08 11:28:29]--[src_cgi/myfiles_cgi.c:504]--cmd = count
[2020-07-08 11:28:29]--[src_cgi/myfiles_cgi.c:536]--buf = {
    "token": "2ee5be44c9397b917d52c318b9ee11d8",
    "user": "milo"
}

[2020-07-08 11:28:29]--[src_cgi/myfiles_cgi.c:175]--line = 10
[2020-07-08 11:28:29]--[src_cgi/myfiles_cgi.c:504]--cmd = normal
[2020-07-08 11:28:29]--[src_cgi/myfiles_cgi.c:536]--buf = {
    "count": 10,
    "start": 0,
    "token": "2ee5be44c9397b917d52c318b9ee11d8",
    "user": "milo"
}

[2020-07-08 11:28:29]--[src_cgi/myfiles_cgi.c:556]--user = milo, token = 2ee5be44c9397b917d52c318b9ee11d8, start = 0, count = 10
[2020-07-08 11:28:29]--[src_cgi/myfiles_cgi.c:305]--select user_file_list.*, file_info.url, file_info.size, file_info.type from file_info, user_file_list where user = 'milo' and file_info.md5 = user_file_list.md5 limit 0, 10 在操作
[2020-07-08 11:28:29]--[src_cgi/myfiles_cgi.c:436]--{
	"files":	[{
			"user":	"milo",
			"md5":	"a89390d867d5da18c8b1a95908d7c653",
			"create_time":	"2020-07-04 14:26:41",
			"file_name":	"ui_buttongroup.h",
			"share_status":	1,
			"pv":	0,
			"url":	"http://172.16.0.15:80/group1/M00/00/00/rBAAD18AISGAP6QrAAACRhizVvQ79062.h",
			"size":	582,
			"type":	"h"
		}, {
			"user":	"milo",
			"md5":	"4d41f1670e561265d08d8900a5b33550",
			"create_time":	"2020-07-04 15:31:05",
			"file_name":	"object_script.0voiceCloudDisk.Debug",
			"share_status":	1,
			"pv":	1,
			"url":	"http://172.16.0.15:80/group1/M00/00/00/rBAAD18AMDmATF-XAAADCJyG1G02.Debug",
			"size":	776,
			"type":	"Debug"
		}, {
			"user":	"milo",
			"md5":	"0091239159a4e85dd9f132409e845cfc",
			"create_time":	"2020-07-04 21:56:53",
			"file_name":	"ui_login.h",
			"share_status":	0,
			"pv":	0,
			"url":	"http://172.16.0.15:80/group1/M00/00/00/rBAAD18AiqWAIVtJAABjm5l-kMg56699.h",
			"size":	25499,
			"type":	"h"
		}, {
			"user":	"milo",
			"md5":	"5f2a390a60cb3d51355469fea61efa0b",
			"create_time":	"2020-07-04 21:58:29",
			"file_name":	"main.cpp",
			"share_status":	0,
			"pv":	0,
			"url":	"http://172.16.0.15:80/group1/M00/00/00/rBAAD18AiwWAIfJVAAAAxnRgnrY197.cpp",
			"size":	198,
			"type":	"cpp"
		}, {
			"user":	"milo",
			"md5":	"2869fd80cf88d03946a1d8b74ffabbac",
			"create_time":	"2020-07-04 22:00:35",
			"file_name":	"avi.png",
			"share_status":	0,
			"pv":	0,
			"url":	"http://172.16.0.15:80/group1/M00/00/00/rBAAD18Ai4OATDjtAABe1OvdyN4283.png",
			"size":	24276,
			"type":	"png"
		}, {
			"user":	"milo",
			"md5":	"77f456d737cad6ad2ca7f5607031f216",
			"create_time":	"2020-07-05 23:49:18",
			"file_name":	"eml.png",
			"share_status":	0,
			"pv":	0,
			"url":	"http://172.16.0.15:80/group1/M00/00/00/rBAAD18B9n6AM2JSAAB8HIjqiqs906.png",
			"size":	31772,
			"type":	"png"
		}, {
			"user":	"milo",
			"md5":	"da620bb6bf584be1be12390b92e81c91",
			"create_time":	"2020-07-06 17:13:55",
			"file_name":	"jpeg.png",
			"share_status":	0,
			"pv":	0,
			"url":	"http://172.16.0.15:80/group1/M00/00/00/rBAAD18C61OAMTVGAABooeK2aEg658.png",
			"size":	26785,
			"type":	"png"
		}, {
			"user":	"milo",
			"md5":	"511c32ba1f11a2d3a9669f17f4c1966a",
			"create_time":	"2020-07-06 20:33:03",
			"file_name":	"fla.png",
			"share_status":	0,
			"pv":	0,
			"url":	"http://172.16.0.15:80/group1/M00/00/00/rBAAD18DGf-APzquAABWnq-ehjQ534.png",
			"size":	22174,
			"type":	"png"
		}, {
			"user":	"milo",
			"md5":	"59110cfbd09855a12bf39e623beccfd2",
			"create_time":	"2020-07-07 17:23:20",
			"file_name":	"架构.jpg",
			"share_status":	0,
			"pv":	0,
			"url":	"http://172.16.0.15:80/group1/M00/00/00/rBAAD18EPwiAGr-KAAERzKZ4Roo046.jpg",
			"size":	70092,
			"type":	"jpg"
		}, {
			"user":	"milo",
			"md5":	"ef33f8e0a6a30355408a8821fa83cece",
			"create_time":	"2020-07-07 17:25:56",
			"file_name":	"mongodb2.png",
			"share_status":	0,
			"pv":	0,
			"url":	"http://172.16.0.15:80/group1/M00/00/00/rBAAD18EP6SAPi87AALdkTYfuEY978.png",
			"size":	187793,
			"type":	"png"
		}]
}
[2020-07-08 11:28:41]--[src_cgi/myfiles_cgi.c:504]--cmd = count
[2020-07-08 11:28:41]--[src_cgi/myfiles_cgi.c:536]--buf = {
    "token": "89facccc81acaa279a2afe69f5a1d18c",
    "user": "milo"
}

[2020-07-08 11:28:41]--[src_cgi/myfiles_cgi.c:175]--line = 10
[2020-07-08 11:28:41]--[src_cgi/myfiles_cgi.c:504]--cmd = normal
[2020-07-08 11:28:41]--[src_cgi/myfiles_cgi.c:536]--buf = {
    "count": 10,
    "start": 0,
    "token": "89facccc81acaa279a2afe69f5a1d18c",
    "user": "milo"
}

[2020-07-08 11:28:41]--[src_cgi/myfiles_cgi.c:556]--user = milo, token = 89facccc81acaa279a2afe69f5a1d18c, start = 0, count = 10
[2020-07-08 11:28:41]--[src_cgi/myfiles_cgi.c:305]--select user_file_list.*, file_info.url, file_info.size, file_info.type from file_info, user_file_list where user = 'milo' and file_info.md5 = user_file_list.md5 limit 0, 10 在操作
[2020-07-08 11:28:41]--[src_cgi/myfiles_cgi.c:436]--{
	"files":	[{
			"user":	"milo",
			"md5":	"a89390d867d5da18c8b1a95908d7c653",
			"create_time":	"2020-07-04 14:26:41",
			"file_name":	"ui_buttongroup.h",
			"share_status":	1,
			"pv":	0,
			"url":	"http://172.16.0.15:80/group1/M00/00/00/rBAAD18AISGAP6QrAAACRhizVvQ79062.h",
			"size":	582,
			"type":	"h"
		}, {
			"user":	"milo",
			"md5":	"4d41f1670e561265d08d8900a5b33550",
			"create_time":	"2020-07-04 15:31:05",
			"file_name":	"object_script.0voiceCloudDisk.Debug",
			"share_status":	1,
			"pv":	1,
			"url":	"http://172.16.0.15:80/group1/M00/00/00/rBAAD18AMDmATF-XAAADCJyG1G02.Debug",
			"size":	776,
			"type":	"Debug"
		}, {
			"user":	"milo",
			"md5":	"0091239159a4e85dd9f132409e845cfc",
			"create_time":	"2020-07-04 21:56:53",
			"file_name":	"ui_login.h",
			"share_status":	0,
			"pv":	0,
			"url":	"http://172.16.0.15:80/group1/M00/00/00/rBAAD18AiqWAIVtJAABjm5l-kMg56699.h",
			"size":	25499,
			"type":	"h"
		}, {
			"user":	"milo",
			"md5":	"5f2a390a60cb3d51355469fea61efa0b",
			"create_time":	"2020-07-04 21:58:29",
			"file_name":	"main.cpp",
			"share_status":	0,
			"pv":	0,
			"url":	"http://172.16.0.15:80/group1/M00/00/00/rBAAD18AiwWAIfJVAAAAxnRgnrY197.cpp",
			"size":	198,
			"type":	"cpp"
		}, {
			"user":	"milo",
			"md5":	"2869fd80cf88d03946a1d8b74ffabbac",
			"create_time":	"2020-07-04 22:00:35",
			"file_name":	"avi.png",
			"share_status":	0,
			"pv":	0,
			"url":	"http://172.16.0.15:80/group1/M00/00/00/rBAAD18Ai4OATDjtAABe1OvdyN4283.png",
			"size":	24276,
			"type":	"png"
		}, {
			"user":	"milo",
			"md5":	"77f456d737cad6ad2ca7f5607031f216",
			"create_time":	"2020-07-05 23:49:18",
			"file_name":	"eml.png",
			"share_status":	0,
			"pv":	0,
			"url":	"http://172.16.0.15:80/group1/M00/00/00/rBAAD18B9n6AM2JSAAB8HIjqiqs906.png",
			"size":	31772,
			"type":	"png"
		}, {
			"user":	"milo",
			"md5":	"da620bb6bf584be1be12390b92e81c91",
			"create_time":	"2020-07-06 17:13:55",
			"file_name":	"jpeg.png",
			"share_status":	0,
			"pv":	0,
			"url":	"http://172.16.0.15:80/group1/M00/00/00/rBAAD18C61OAMTVGAABooeK2aEg658.png",
			"size":	26785,
			"type":	"png"
		}, {
			"user":	"milo",
			"md5":	"511c32ba1f11a2d3a9669f17f4c1966a",
			"create_time":	"2020-07-06 20:33:03",
			"file_name":	"fla.png",
			"share_status":	0,
			"pv":	0,
			"url":	"http://172.16.0.15:80/group1/M00/00/00/rBAAD18DGf-APzquAABWnq-ehjQ534.png",
			"size":	22174,
			"type":	"png"
		}, {
			"user":	"milo",
			"md5":	"59110cfbd09855a12bf39e623beccfd2",
			"create_time":	"2020-07-07 17:23:20",
			"file_name":	"架构.jpg",
			"share_status":	0,
			"pv":	0,
			"url":	"http://172.16.0.15:80/group1/M00/00/00/rBAAD18EPwiAGr-KAAERzKZ4Roo046.jpg",
			"size":	70092,
			"type":	"jpg"
		}, {
			"user":	"milo",
			"md5":	"ef33f8e0a6a30355408a8821fa83cece",
			"create_time":	"2020-07-07 17:25:56",
			"file_name":	"mongodb2.png",
			"share_status":	0,
			"pv":	0,
			"url":	"http://172.16.0.15:80/group1/M00/00/00/rBAAD18EP6SAPi87AALdkTYfuEY978.png",
			"size":	187793,
			"type":	"png"
		}]
}
[2020-07-08 14:12:02]--[src_cgi/myfiles_cgi.c:504]--cmd = count
[2020-07-08 14:12:02]--[src_cgi/myfiles_cgi.c:536]--buf = {
    "token": "2915ab52fb4df2ed776c26b2ed5e0739",
    "user": "milo"
}

[2020-07-08 14:12:02]--[src_cgi/myfiles_cgi.c:175]--line = 10
[2020-07-08 14:12:02]--[src_cgi/myfiles_cgi.c:504]--cmd = normal
[2020-07-08 14:12:02]--[src_cgi/myfiles_cgi.c:536]--buf = {
    "count": 10,
    "start": 0,
    "token": "2915ab52fb4df2ed776c26b2ed5e0739",
    "user": "milo"
}

[2020-07-08 14:12:02]--[src_cgi/myfiles_cgi.c:556]--user = milo, token = 2915ab52fb4df2ed776c26b2ed5e0739, start = 0, count = 10
[2020-07-08 14:12:02]--[src_cgi/myfiles_cgi.c:305]--select user_file_list.*, file_info.url, file_info.size, file_info.type from file_info, user_file_list where user = 'milo' and file_info.md5 = user_file_list.md5 limit 0, 10 在操作
[2020-07-08 14:12:02]--[src_cgi/myfiles_cgi.c:436]--{
	"files":	[{
			"user":	"milo",
			"md5":	"a89390d867d5da18c8b1a95908d7c653",
			"create_time":	"2020-07-04 14:26:41",
			"file_name":	"ui_buttongroup.h",
			"share_status":	1,
			"pv":	0,
			"url":	"http://172.16.0.15:80/group1/M00/00/00/rBAAD18AISGAP6QrAAACRhizVvQ79062.h",
			"size":	582,
			"type":	"h"
		}, {
			"user":	"milo",
			"md5":	"4d41f1670e561265d08d8900a5b33550",
			"create_time":	"2020-07-04 15:31:05",
			"file_name":	"object_script.0voiceCloudDisk.Debug",
			"share_status":	1,
			"pv":	1,
			"url":	"http://172.16.0.15:80/group1/M00/00/00/rBAAD18AMDmATF-XAAADCJyG1G02.Debug",
			"size":	776,
			"type":	"Debug"
		}, {
			"user":	"milo",
			"md5":	"0091239159a4e85dd9f132409e845cfc",
			"create_time":	"2020-07-04 21:56:53",
			"file_name":	"ui_login.h",
			"share_status":	0,
			"pv":	0,
			"url":	"http://172.16.0.15:80/group1/M00/00/00/rBAAD18AiqWAIVtJAABjm5l-kMg56699.h",
			"size":	25499,
			"type":	"h"
		}, {
			"user":	"milo",
			"md5":	"5f2a390a60cb3d51355469fea61efa0b",
			"create_time":	"2020-07-04 21:58:29",
			"file_name":	"main.cpp",
			"share_status":	0,
			"pv":	0,
			"url":	"http://172.16.0.15:80/group1/M00/00/00/rBAAD18AiwWAIfJVAAAAxnRgnrY197.cpp",
			"size":	198,
			"type":	"cpp"
		}, {
			"user":	"milo",
			"md5":	"2869fd80cf88d03946a1d8b74ffabbac",
			"create_time":	"2020-07-04 22:00:35",
			"file_name":	"avi.png",
			"share_status":	0,
			"pv":	0,
			"url":	"http://172.16.0.15:80/group1/M00/00/00/rBAAD18Ai4OATDjtAABe1OvdyN4283.png",
			"size":	24276,
			"type":	"png"
		}, {
			"user":	"milo",
			"md5":	"77f456d737cad6ad2ca7f5607031f216",
			"create_time":	"2020-07-05 23:49:18",
			"file_name":	"eml.png",
			"share_status":	0,
			"pv":	0,
			"url":	"http://172.16.0.15:80/group1/M00/00/00/rBAAD18B9n6AM2JSAAB8HIjqiqs906.png",
			"size":	31772,
			"type":	"png"
		}, {
			"user":	"milo",
			"md5":	"da620bb6bf584be1be12390b92e81c91",
			"create_time":	"2020-07-06 17:13:55",
			"file_name":	"jpeg.png",
			"share_status":	0,
			"pv":	0,
			"url":	"http://172.16.0.15:80/group1/M00/00/00/rBAAD18C61OAMTVGAABooeK2aEg658.png",
			"size":	26785,
			"type":	"png"
		}, {
			"user":	"milo",
			"md5":	"511c32ba1f11a2d3a9669f17f4c1966a",
			"create_time":	"2020-07-06 20:33:03",
			"file_name":	"fla.png",
			"share_status":	0,
			"pv":	0,
			"url":	"http://172.16.0.15:80/group1/M00/00/00/rBAAD18DGf-APzquAABWnq-ehjQ534.png",
			"size":	22174,
			"type":	"png"
		}, {
			"user":	"milo",
			"md5":	"59110cfbd09855a12bf39e623beccfd2",
			"create_time":	"2020-07-07 17:23:20",
			"file_name":	"架构.jpg",
			"share_status":	0,
			"pv":	0,
			"url":	"http://172.16.0.15:80/group1/M00/00/00/rBAAD18EPwiAGr-KAAERzKZ4Roo046.jpg",
			"size":	70092,
			"type":	"jpg"
		}, {
			"user":	"milo",
			"md5":	"ef33f8e0a6a30355408a8821fa83cece",
			"create_time":	"2020-07-07 17:25:56",
			"file_name":	"mongodb2.png",
			"share_status":	0,
			"pv":	0,
			"url":	"http://172.16.0.15:80/group1/M00/00/00/rBAAD18EP6SAPi87AALdkTYfuEY978.png",
			"size":	187793,
			"type":	"png"
		}]
}
[2020-07-08 14:12:09]--[src_cgi/myfiles_cgi.c:504]--cmd = count
[2020-07-08 14:12:09]--[src_cgi/myfiles_cgi.c:536]--buf = {
    "token": "2915ab52fb4df2ed776c26b2ed5e0739",
    "user": "milo"
}

[2020-07-08 14:12:09]--[src_cgi/myfiles_cgi.c:175]--line = 10
[2020-07-08 14:12:09]--[src_cgi/myfiles_cgi.c:504]--cmd = normal
[2020-07-08 14:12:09]--[src_cgi/myfiles_cgi.c:536]--buf = {
    "count": 10,
    "start": 0,
    "token": "2915ab52fb4df2ed776c26b2ed5e0739",
    "user": "milo"
}

[2020-07-08 14:12:09]--[src_cgi/myfiles_cgi.c:556]--user = milo, token = 2915ab52fb4df2ed776c26b2ed5e0739, start = 0, count = 10
[2020-07-08 14:12:09]--[src_cgi/myfiles_cgi.c:305]--select user_file_list.*, file_info.url, file_info.size, file_info.type from file_info, user_file_list where user = 'milo' and file_info.md5 = user_file_list.md5 limit 0, 10 在操作
[2020-07-08 14:12:09]--[src_cgi/myfiles_cgi.c:436]--{
	"files":	[{
			"user":	"milo",
			"md5":	"a89390d867d5da18c8b1a95908d7c653",
			"create_time":	"2020-07-04 14:26:41",
			"file_name":	"ui_buttongroup.h",
			"share_status":	1,
			"pv":	0,
			"url":	"http://172.16.0.15:80/group1/M00/00/00/rBAAD18AISGAP6QrAAACRhizVvQ79062.h",
			"size":	582,
			"type":	"h"
		}, {
			"user":	"milo",
			"md5":	"4d41f1670e561265d08d8900a5b33550",
			"create_time":	"2020-07-04 15:31:05",
			"file_name":	"object_script.0voiceCloudDisk.Debug",
			"share_status":	1,
			"pv":	1,
			"url":	"http://172.16.0.15:80/group1/M00/00/00/rBAAD18AMDmATF-XAAADCJyG1G02.Debug",
			"size":	776,
			"type":	"Debug"
		}, {
			"user":	"milo",
			"md5":	"0091239159a4e85dd9f132409e845cfc",
			"create_time":	"2020-07-04 21:56:53",
			"file_name":	"ui_login.h",
			"share_status":	0,
			"pv":	0,
			"url":	"http://172.16.0.15:80/group1/M00/00/00/rBAAD18AiqWAIVtJAABjm5l-kMg56699.h",
			"size":	25499,
			"type":	"h"
		}, {
			"user":	"milo",
			"md5":	"5f2a390a60cb3d51355469fea61efa0b",
			"create_time":	"2020-07-04 21:58:29",
			"file_name":	"main.cpp",
			"share_status":	0,
			"pv":	0,
			"url":	"http://172.16.0.15:80/group1/M00/00/00/rBAAD18AiwWAIfJVAAAAxnRgnrY197.cpp",
			"size":	198,
			"type":	"cpp"
		}, {
			"user":	"milo",
			"md5":	"2869fd80cf88d03946a1d8b74ffabbac",
			"create_time":	"2020-07-04 22:00:35",
			"file_name":	"avi.png",
			"share_status":	0,
			"pv":	0,
			"url":	"http://172.16.0.15:80/group1/M00/00/00/rBAAD18Ai4OATDjtAABe1OvdyN4283.png",
			"size":	24276,
			"type":	"png"
		}, {
			"user":	"milo",
			"md5":	"77f456d737cad6ad2ca7f5607031f216",
			"create_time":	"2020-07-05 23:49:18",
			"file_name":	"eml.png",
			"share_status":	0,
			"pv":	0,
			"url":	"http://172.16.0.15:80/group1/M00/00/00/rBAAD18B9n6AM2JSAAB8HIjqiqs906.png",
			"size":	31772,
			"type":	"png"
		}, {
			"user":	"milo",
			"md5":	"da620bb6bf584be1be12390b92e81c91",
			"create_time":	"2020-07-06 17:13:55",
			"file_name":	"jpeg.png",
			"share_status":	0,
			"pv":	0,
			"url":	"http://172.16.0.15:80/group1/M00/00/00/rBAAD18C61OAMTVGAABooeK2aEg658.png",
			"size":	26785,
			"type":	"png"
		}, {
			"user":	"milo",
			"md5":	"511c32ba1f11a2d3a9669f17f4c1966a",
			"create_time":	"2020-07-06 20:33:03",
			"file_name":	"fla.png",
			"share_status":	0,
			"pv":	0,
			"url":	"http://172.16.0.15:80/group1/M00/00/00/rBAAD18DGf-APzquAABWnq-ehjQ534.png",
			"size":	22174,
			"type":	"png"
		}, {
			"user":	"milo",
			"md5":	"59110cfbd09855a12bf39e623beccfd2",
			"create_time":	"2020-07-07 17:23:20",
			"file_name":	"架构.jpg",
			"share_status":	0,
			"pv":	0,
			"url":	"http://172.16.0.15:80/group1/M00/00/00/rBAAD18EPwiAGr-KAAERzKZ4Roo046.jpg",
			"size":	70092,
			"type":	"jpg"
		}, {
			"user":	"milo",
			"md5":	"ef33f8e0a6a30355408a8821fa83cece",
			"create_time":	"2020-07-07 17:25:56",
			"file_name":	"mongodb2.png",
			"share_status":	0,
			"pv":	0,
			"url":	"http://172.16.0.15:80/group1/M00/00/00/rBAAD18EP6SAPi87AALdkTYfuEY978.png",
			"size":	187793,
			"type":	"png"
		}]
}
