[2020-07-04 10:36:35]--[src_cgi/myfiles_cgi.c:504]--cmd = count
[2020-07-04 10:36:35]--[src_cgi/myfiles_cgi.c:536]--buf = {
    "token": "ecf3ac6f8863cd17ed1d3909c4386684",
    "user": "milo"
}

[2020-07-04 10:36:35]--[src_cgi/myfiles_cgi.c:175]--line = 1
[2020-07-04 10:36:35]--[src_cgi/myfiles_cgi.c:504]--cmd = normal
[2020-07-04 10:36:35]--[src_cgi/myfiles_cgi.c:536]--buf = {
    "count": 1,
    "start": 0,
    "token": "ecf3ac6f8863cd17ed1d3909c4386684",
    "user": "milo"
}

[2020-07-04 10:36:35]--[src_cgi/myfiles_cgi.c:556]--user = milo, token = ecf3ac6f8863cd17ed1d3909c4386684, start = 0, count = 1
[2020-07-04 10:36:35]--[src_cgi/myfiles_cgi.c:305]--select user_file_list.*, file_info.url, file_info.size, file_info.type from file_info, user_file_list where user = 'milo' and file_info.md5 = user_file_list.md5 limit 0, 1 在操作
[2020-07-04 10:36:35]--[src_cgi/myfiles_cgi.c:436]--{
	"files":	[{
			"user":	"milo",
			"md5":	"602fdf30db2aacf517badf4565124f51",
			"create_time":	"2020-07-03 20:37:18",
			"file_name":	"Makefile",
			"share_status":	1,
			"pv":	0,
			"url":	"http://172.16.0.15:80/group1/M00/00/00/rBAAD17_Jn6AM-iuAACBBC5AIsc2532509",
			"size":	33028,
			"type":	"null"
		}]
}
[2020-07-04 14:16:30]--[src_cgi/myfiles_cgi.c:504]--cmd = count
[2020-07-04 14:16:30]--[src_cgi/myfiles_cgi.c:536]--buf = {
    "token": "ecf3ac6f8863cd17ed1d3909c4386684",
    "user": "milo"
}

[2020-07-04 14:16:30]--[src_cgi/myfiles_cgi.c:175]--line = 1
[2020-07-04 14:16:30]--[src_cgi/myfiles_cgi.c:504]--cmd = normal
[2020-07-04 14:16:30]--[src_cgi/myfiles_cgi.c:536]--buf = {
    "count": 1,
    "start": 0,
    "token": "ecf3ac6f8863cd17ed1d3909c4386684",
    "user": "milo"
}

[2020-07-04 14:16:30]--[src_cgi/myfiles_cgi.c:556]--user = milo, token = ecf3ac6f8863cd17ed1d3909c4386684, start = 0, count = 1
[2020-07-04 14:16:30]--[src_cgi/myfiles_cgi.c:305]--select user_file_list.*, file_info.url, file_info.size, file_info.type from file_info, user_file_list where user = 'milo' and file_info.md5 = user_file_list.md5 limit 0, 1 在操作
[2020-07-04 14:16:30]--[src_cgi/myfiles_cgi.c:436]--{
	"files":	[{
			"user":	"milo",
			"md5":	"602fdf30db2aacf517badf4565124f51",
			"create_time":	"2020-07-03 20:37:18",
			"file_name":	"Makefile",
			"share_status":	1,
			"pv":	0,
			"url":	"http://172.16.0.15:80/group1/M00/00/00/rBAAD17_Jn6AM-iuAACBBC5AIsc2532509",
			"size":	33028,
			"type":	"null"
		}]
}
[2020-07-04 14:22:04]--[src_cgi/myfiles_cgi.c:504]--cmd = count
[2020-07-04 14:22:04]--[src_cgi/myfiles_cgi.c:536]--buf = {
    "token": "ecf3ac6f8863cd17ed1d3909c4386684",
    "user": "milo"
}

[2020-07-04 14:22:04]--[src_cgi/myfiles_cgi.c:175]--line = 1
[2020-07-04 14:22:04]--[src_cgi/myfiles_cgi.c:504]--cmd = normal
[2020-07-04 14:22:04]--[src_cgi/myfiles_cgi.c:536]--buf = {
    "count": 1,
    "start": 0,
    "token": "ecf3ac6f8863cd17ed1d3909c4386684",
    "user": "milo"
}

[2020-07-04 14:22:04]--[src_cgi/myfiles_cgi.c:556]--user = milo, token = ecf3ac6f8863cd17ed1d3909c4386684, start = 0, count = 1
[2020-07-04 14:22:04]--[src_cgi/myfiles_cgi.c:305]--select user_file_list.*, file_info.url, file_info.size, file_info.type from file_info, user_file_list where user = 'milo' and file_info.md5 = user_file_list.md5 limit 0, 1 在操作
[2020-07-04 14:22:04]--[src_cgi/myfiles_cgi.c:436]--{
	"files":	[{
			"user":	"milo",
			"md5":	"602fdf30db2aacf517badf4565124f51",
			"create_time":	"2020-07-03 20:37:18",
			"file_name":	"Makefile",
			"share_status":	1,
			"pv":	0,
			"url":	"http://172.16.0.15:80/group1/M00/00/00/rBAAD17_Jn6AM-iuAACBBC5AIsc2532509",
			"size":	33028,
			"type":	"null"
		}]
}
[2020-07-04 14:22:17]--[src_cgi/myfiles_cgi.c:504]--cmd = count
[2020-07-04 14:22:17]--[src_cgi/myfiles_cgi.c:536]--buf = {
    "token": "ecf3ac6f8863cd17ed1d3909c4386684",
    "user": "milo"
}

[2020-07-04 14:22:17]--[src_cgi/myfiles_cgi.c:175]--line = 1
[2020-07-04 14:22:17]--[src_cgi/myfiles_cgi.c:504]--cmd = normal
[2020-07-04 14:22:17]--[src_cgi/myfiles_cgi.c:536]--buf = {
    "count": 1,
    "start": 0,
    "token": "ecf3ac6f8863cd17ed1d3909c4386684",
    "user": "milo"
}

[2020-07-04 14:22:17]--[src_cgi/myfiles_cgi.c:556]--user = milo, token = ecf3ac6f8863cd17ed1d3909c4386684, start = 0, count = 1
[2020-07-04 14:22:17]--[src_cgi/myfiles_cgi.c:305]--select user_file_list.*, file_info.url, file_info.size, file_info.type from file_info, user_file_list where user = 'milo' and file_info.md5 = user_file_list.md5 limit 0, 1 在操作
[2020-07-04 14:22:17]--[src_cgi/myfiles_cgi.c:436]--{
	"files":	[{
			"user":	"milo",
			"md5":	"602fdf30db2aacf517badf4565124f51",
			"create_time":	"2020-07-03 20:37:18",
			"file_name":	"Makefile",
			"share_status":	1,
			"pv":	0,
			"url":	"http://172.16.0.15:80/group1/M00/00/00/rBAAD17_Jn6AM-iuAACBBC5AIsc2532509",
			"size":	33028,
			"type":	"null"
		}]
}
[2020-07-04 14:24:39]--[src_cgi/myfiles_cgi.c:504]--cmd = count
[2020-07-04 14:24:39]--[src_cgi/myfiles_cgi.c:536]--buf = {
    "token": "ecf3ac6f8863cd17ed1d3909c4386684",
    "user": "milo"
}

[2020-07-04 14:24:39]--[src_cgi/myfiles_cgi.c:175]--line = 1
[2020-07-04 14:24:39]--[src_cgi/myfiles_cgi.c:504]--cmd = normal
[2020-07-04 14:24:39]--[src_cgi/myfiles_cgi.c:536]--buf = {
    "count": 1,
    "start": 0,
    "token": "ecf3ac6f8863cd17ed1d3909c4386684",
    "user": "milo"
}

[2020-07-04 14:24:39]--[src_cgi/myfiles_cgi.c:556]--user = milo, token = ecf3ac6f8863cd17ed1d3909c4386684, start = 0, count = 1
[2020-07-04 14:24:39]--[src_cgi/myfiles_cgi.c:305]--select user_file_list.*, file_info.url, file_info.size, file_info.type from file_info, user_file_list where user = 'milo' and file_info.md5 = user_file_list.md5 limit 0, 1 在操作
[2020-07-04 14:24:39]--[src_cgi/myfiles_cgi.c:436]--{
	"files":	[{
			"user":	"milo",
			"md5":	"602fdf30db2aacf517badf4565124f51",
			"create_time":	"2020-07-03 20:37:18",
			"file_name":	"Makefile",
			"share_status":	1,
			"pv":	1,
			"url":	"http://172.16.0.15:80/group1/M00/00/00/rBAAD17_Jn6AM-iuAACBBC5AIsc2532509",
			"size":	33028,
			"type":	"null"
		}]
}
[2020-07-04 14:26:42]--[src_cgi/myfiles_cgi.c:504]--cmd = count
[2020-07-04 14:26:42]--[src_cgi/myfiles_cgi.c:536]--buf = {
    "token": "ecf3ac6f8863cd17ed1d3909c4386684",
    "user": "milo"
}

[2020-07-04 14:26:42]--[src_cgi/myfiles_cgi.c:175]--line = 1
[2020-07-04 14:26:42]--[src_cgi/myfiles_cgi.c:504]--cmd = normal
[2020-07-04 14:26:42]--[src_cgi/myfiles_cgi.c:536]--buf = {
    "count": 1,
    "start": 0,
    "token": "ecf3ac6f8863cd17ed1d3909c4386684",
    "user": "milo"
}

[2020-07-04 14:26:42]--[src_cgi/myfiles_cgi.c:556]--user = milo, token = ecf3ac6f8863cd17ed1d3909c4386684, start = 0, count = 1
[2020-07-04 14:26:42]--[src_cgi/myfiles_cgi.c:305]--select user_file_list.*, file_info.url, file_info.size, file_info.type from file_info, user_file_list where user = 'milo' and file_info.md5 = user_file_list.md5 limit 0, 1 在操作
[2020-07-04 14:26:42]--[src_cgi/myfiles_cgi.c:436]--{
	"files":	[{
			"user":	"milo",
			"md5":	"a89390d867d5da18c8b1a95908d7c653",
			"create_time":	"2020-07-04 14:26:41",
			"file_name":	"ui_buttongroup.h",
			"share_status":	0,
			"pv":	0,
			"url":	"http://172.16.0.15:80/group1/M00/00/00/rBAAD18AISGAP6QrAAACRhizVvQ79062.h",
			"size":	582,
			"type":	"h"
		}]
}
[2020-07-04 14:32:25]--[src_cgi/myfiles_cgi.c:504]--cmd = count
[2020-07-04 14:32:25]--[src_cgi/myfiles_cgi.c:536]--buf = {
    "token": "661214b022a1f5689e9cdc6f9f332ff6",
    "user": "milo"
}

[2020-07-04 14:32:25]--[src_cgi/myfiles_cgi.c:175]--line = 1
[2020-07-04 14:32:25]--[src_cgi/myfiles_cgi.c:504]--cmd = normal
[2020-07-04 14:32:25]--[src_cgi/myfiles_cgi.c:536]--buf = {
    "count": 1,
    "start": 0,
    "token": "661214b022a1f5689e9cdc6f9f332ff6",
    "user": "milo"
}

[2020-07-04 14:32:25]--[src_cgi/myfiles_cgi.c:556]--user = milo, token = 661214b022a1f5689e9cdc6f9f332ff6, start = 0, count = 1
[2020-07-04 14:32:25]--[src_cgi/myfiles_cgi.c:305]--select user_file_list.*, file_info.url, file_info.size, file_info.type from file_info, user_file_list where user = 'milo' and file_info.md5 = user_file_list.md5 limit 0, 1 在操作
[2020-07-04 14:32:25]--[src_cgi/myfiles_cgi.c:436]--{
	"files":	[{
			"user":	"milo",
			"md5":	"a89390d867d5da18c8b1a95908d7c653",
			"create_time":	"2020-07-04 14:26:41",
			"file_name":	"ui_buttongroup.h",
			"share_status":	0,
			"pv":	0,
			"url":	"http://172.16.0.15:80/group1/M00/00/00/rBAAD18AISGAP6QrAAACRhizVvQ79062.h",
			"size":	582,
			"type":	"h"
		}]
}
[2020-07-04 14:32:30]--[src_cgi/myfiles_cgi.c:504]--cmd = count
[2020-07-04 14:32:30]--[src_cgi/myfiles_cgi.c:536]--buf = {
    "token": "661214b022a1f5689e9cdc6f9f332ff6",
    "user": "milo"
}

[2020-07-04 14:32:30]--[src_cgi/myfiles_cgi.c:175]--line = 1
[2020-07-04 14:32:30]--[src_cgi/myfiles_cgi.c:504]--cmd = normal
[2020-07-04 14:32:30]--[src_cgi/myfiles_cgi.c:536]--buf = {
    "count": 1,
    "start": 0,
    "token": "661214b022a1f5689e9cdc6f9f332ff6",
    "user": "milo"
}

[2020-07-04 14:32:30]--[src_cgi/myfiles_cgi.c:556]--user = milo, token = 661214b022a1f5689e9cdc6f9f332ff6, start = 0, count = 1
[2020-07-04 14:32:30]--[src_cgi/myfiles_cgi.c:305]--select user_file_list.*, file_info.url, file_info.size, file_info.type from file_info, user_file_list where user = 'milo' and file_info.md5 = user_file_list.md5 limit 0, 1 在操作
[2020-07-04 14:32:30]--[src_cgi/myfiles_cgi.c:436]--{
	"files":	[{
			"user":	"milo",
			"md5":	"a89390d867d5da18c8b1a95908d7c653",
			"create_time":	"2020-07-04 14:26:41",
			"file_name":	"ui_buttongroup.h",
			"share_status":	0,
			"pv":	0,
			"url":	"http://172.16.0.15:80/group1/M00/00/00/rBAAD18AISGAP6QrAAACRhizVvQ79062.h",
			"size":	582,
			"type":	"h"
		}]
}
[2020-07-04 14:34:33]--[src_cgi/myfiles_cgi.c:504]--cmd = count
[2020-07-04 14:34:33]--[src_cgi/myfiles_cgi.c:536]--buf = {
    "token": "661214b022a1f5689e9cdc6f9f332ff6",
    "user": "milo"
}

[2020-07-04 14:34:33]--[src_cgi/myfiles_cgi.c:175]--line = 1
[2020-07-04 14:34:33]--[src_cgi/myfiles_cgi.c:504]--cmd = normal
[2020-07-04 14:34:33]--[src_cgi/myfiles_cgi.c:536]--buf = {
    "count": 1,
    "start": 0,
    "token": "661214b022a1f5689e9cdc6f9f332ff6",
    "user": "milo"
}

[2020-07-04 14:34:33]--[src_cgi/myfiles_cgi.c:556]--user = milo, token = 661214b022a1f5689e9cdc6f9f332ff6, start = 0, count = 1
[2020-07-04 14:34:33]--[src_cgi/myfiles_cgi.c:305]--select user_file_list.*, file_info.url, file_info.size, file_info.type from file_info, user_file_list where user = 'milo' and file_info.md5 = user_file_list.md5 limit 0, 1 在操作
[2020-07-04 14:34:33]--[src_cgi/myfiles_cgi.c:436]--{
	"files":	[{
			"user":	"milo",
			"md5":	"a89390d867d5da18c8b1a95908d7c653",
			"create_time":	"2020-07-04 14:26:41",
			"file_name":	"ui_buttongroup.h",
			"share_status":	0,
			"pv":	0,
			"url":	"http://172.16.0.15:80/group1/M00/00/00/rBAAD18AISGAP6QrAAACRhizVvQ79062.h",
			"size":	582,
			"type":	"h"
		}]
}
[2020-07-04 14:35:17]--[src_cgi/myfiles_cgi.c:504]--cmd = count
[2020-07-04 14:35:17]--[src_cgi/myfiles_cgi.c:536]--buf = {
    "token": "e65b6534219e0f0771438b34465ef7e5",
    "user": "milo"
}

[2020-07-04 14:35:17]--[src_cgi/myfiles_cgi.c:175]--line = 1
[2020-07-04 14:35:17]--[src_cgi/myfiles_cgi.c:504]--cmd = normal
[2020-07-04 14:35:17]--[src_cgi/myfiles_cgi.c:536]--buf = {
    "count": 1,
    "start": 0,
    "token": "e65b6534219e0f0771438b34465ef7e5",
    "user": "milo"
}

[2020-07-04 14:35:17]--[src_cgi/myfiles_cgi.c:556]--user = milo, token = e65b6534219e0f0771438b34465ef7e5, start = 0, count = 1
[2020-07-04 14:35:17]--[src_cgi/myfiles_cgi.c:305]--select user_file_list.*, file_info.url, file_info.size, file_info.type from file_info, user_file_list where user = 'milo' and file_info.md5 = user_file_list.md5 limit 0, 1 在操作
[2020-07-04 14:35:17]--[src_cgi/myfiles_cgi.c:436]--{
	"files":	[{
			"user":	"milo",
			"md5":	"a89390d867d5da18c8b1a95908d7c653",
			"create_time":	"2020-07-04 14:26:41",
			"file_name":	"ui_buttongroup.h",
			"share_status":	1,
			"pv":	0,
			"url":	"http://172.16.0.15:80/group1/M00/00/00/rBAAD18AISGAP6QrAAACRhizVvQ79062.h",
			"size":	582,
			"type":	"h"
		}]
}
[2020-07-04 14:35:30]--[src_cgi/myfiles_cgi.c:504]--cmd = count
[2020-07-04 14:35:30]--[src_cgi/myfiles_cgi.c:536]--buf = {
    "token": "cf7d1a977d4394b254186d27b8c1c67a",
    "user": "milo90"
}

[2020-07-04 14:35:30]--[src_cgi/myfiles_cgi.c:163]--select count from user_file_count where user='milo90' 操作失败
[2020-07-04 14:35:30]--[src_cgi/myfiles_cgi.c:175]--line = 0
[2020-07-04 14:51:54]--[src_cgi/myfiles_cgi.c:504]--cmd = count
[2020-07-04 14:51:54]--[src_cgi/myfiles_cgi.c:536]--buf = {
    "token": "d493f777020f02d0b941ea8e50660ae4",
    "user": "milo"
}

[2020-07-04 14:51:54]--[src_cgi/myfiles_cgi.c:175]--line = 1
[2020-07-04 14:51:54]--[src_cgi/myfiles_cgi.c:504]--cmd = normal
[2020-07-04 14:51:54]--[src_cgi/myfiles_cgi.c:536]--buf = {
    "count": 1,
    "start": 0,
    "token": "d493f777020f02d0b941ea8e50660ae4",
    "user": "milo"
}

[2020-07-04 14:51:54]--[src_cgi/myfiles_cgi.c:556]--user = milo, token = d493f777020f02d0b941ea8e50660ae4, start = 0, count = 1
[2020-07-04 14:51:54]--[src_cgi/myfiles_cgi.c:305]--select user_file_list.*, file_info.url, file_info.size, file_info.type from file_info, user_file_list where user = 'milo' and file_info.md5 = user_file_list.md5 limit 0, 1 在操作
[2020-07-04 14:51:54]--[src_cgi/myfiles_cgi.c:436]--{
	"files":	[{
			"user":	"milo",
			"md5":	"a89390d867d5da18c8b1a95908d7c653",
			"create_time":	"2020-07-04 14:26:41",
			"file_name":	"ui_buttongroup.h",
			"share_status":	1,
			"pv":	0,
			"url":	"http://172.16.0.15:80/group1/M00/00/00/rBAAD18AISGAP6QrAAACRhizVvQ79062.h",
			"size":	582,
			"type":	"h"
		}]
}
[2020-07-04 15:15:35]--[src_cgi/myfiles_cgi.c:504]--cmd = count
[2020-07-04 15:15:35]--[src_cgi/myfiles_cgi.c:536]--buf = {
    "token": "d493f777020f02d0b941ea8e50660ae4",
    "user": "milo"
}

[2020-07-04 15:15:35]--[src_cgi/myfiles_cgi.c:175]--line = 1
[2020-07-04 15:15:35]--[src_cgi/myfiles_cgi.c:504]--cmd = normal
[2020-07-04 15:15:35]--[src_cgi/myfiles_cgi.c:536]--buf = {
    "count": 1,
    "start": 0,
    "token": "d493f777020f02d0b941ea8e50660ae4",
    "user": "milo"
}

[2020-07-04 15:15:35]--[src_cgi/myfiles_cgi.c:556]--user = milo, token = d493f777020f02d0b941ea8e50660ae4, start = 0, count = 1
[2020-07-04 15:15:35]--[src_cgi/myfiles_cgi.c:305]--select user_file_list.*, file_info.url, file_info.size, file_info.type from file_info, user_file_list where user = 'milo' and file_info.md5 = user_file_list.md5 limit 0, 1 在操作
[2020-07-04 15:15:35]--[src_cgi/myfiles_cgi.c:436]--{
	"files":	[{
			"user":	"milo",
			"md5":	"a89390d867d5da18c8b1a95908d7c653",
			"create_time":	"2020-07-04 14:26:41",
			"file_name":	"ui_buttongroup.h",
			"share_status":	1,
			"pv":	0,
			"url":	"http://172.16.0.15:80/group1/M00/00/00/rBAAD18AISGAP6QrAAACRhizVvQ79062.h",
			"size":	582,
			"type":	"h"
		}]
}
[2020-07-04 15:18:56]--[src_cgi/myfiles_cgi.c:504]--cmd = count
[2020-07-04 15:18:56]--[src_cgi/myfiles_cgi.c:536]--buf = {
    "token": "d493f777020f02d0b941ea8e50660ae4",
    "user": "milo"
}

[2020-07-04 15:18:56]--[src_cgi/myfiles_cgi.c:175]--line = 1
[2020-07-04 15:18:57]--[src_cgi/myfiles_cgi.c:504]--cmd = normal
[2020-07-04 15:18:57]--[src_cgi/myfiles_cgi.c:536]--buf = {
    "count": 1,
    "start": 0,
    "token": "d493f777020f02d0b941ea8e50660ae4",
    "user": "milo"
}

[2020-07-04 15:18:57]--[src_cgi/myfiles_cgi.c:556]--user = milo, token = d493f777020f02d0b941ea8e50660ae4, start = 0, count = 1
[2020-07-04 15:18:57]--[src_cgi/myfiles_cgi.c:305]--select user_file_list.*, file_info.url, file_info.size, file_info.type from file_info, user_file_list where user = 'milo' and file_info.md5 = user_file_list.md5 limit 0, 1 在操作
[2020-07-04 15:18:57]--[src_cgi/myfiles_cgi.c:436]--{
	"files":	[{
			"user":	"milo",
			"md5":	"a89390d867d5da18c8b1a95908d7c653",
			"create_time":	"2020-07-04 14:26:41",
			"file_name":	"ui_buttongroup.h",
			"share_status":	1,
			"pv":	0,
			"url":	"http://172.16.0.15:80/group1/M00/00/00/rBAAD18AISGAP6QrAAACRhizVvQ79062.h",
			"size":	582,
			"type":	"h"
		}]
}
[2020-07-04 15:19:06]--[src_cgi/myfiles_cgi.c:504]--cmd = count
[2020-07-04 15:19:06]--[src_cgi/myfiles_cgi.c:536]--buf = {
    "token": "d493f777020f02d0b941ea8e50660ae4",
    "user": "milo"
}

[2020-07-04 15:19:06]--[src_cgi/myfiles_cgi.c:175]--line = 1
[2020-07-04 15:19:06]--[src_cgi/myfiles_cgi.c:504]--cmd = normal
[2020-07-04 15:19:06]--[src_cgi/myfiles_cgi.c:536]--buf = {
    "count": 1,
    "start": 0,
    "token": "d493f777020f02d0b941ea8e50660ae4",
    "user": "milo"
}

[2020-07-04 15:19:06]--[src_cgi/myfiles_cgi.c:556]--user = milo, token = d493f777020f02d0b941ea8e50660ae4, start = 0, count = 1
[2020-07-04 15:19:06]--[src_cgi/myfiles_cgi.c:305]--select user_file_list.*, file_info.url, file_info.size, file_info.type from file_info, user_file_list where user = 'milo' and file_info.md5 = user_file_list.md5 limit 0, 1 在操作
[2020-07-04 15:19:06]--[src_cgi/myfiles_cgi.c:436]--{
	"files":	[{
			"user":	"milo",
			"md5":	"a89390d867d5da18c8b1a95908d7c653",
			"create_time":	"2020-07-04 14:26:41",
			"file_name":	"ui_buttongroup.h",
			"share_status":	1,
			"pv":	0,
			"url":	"http://172.16.0.15:80/group1/M00/00/00/rBAAD18AISGAP6QrAAACRhizVvQ79062.h",
			"size":	582,
			"type":	"h"
		}]
}
[2020-07-04 15:19:09]--[src_cgi/myfiles_cgi.c:504]--cmd = count
[2020-07-04 15:19:09]--[src_cgi/myfiles_cgi.c:536]--buf = {
    "token": "d493f777020f02d0b941ea8e50660ae4",
    "user": "milo"
}

[2020-07-04 15:19:09]--[src_cgi/myfiles_cgi.c:175]--line = 1
[2020-07-04 15:19:09]--[src_cgi/myfiles_cgi.c:504]--cmd = normal
[2020-07-04 15:19:09]--[src_cgi/myfiles_cgi.c:536]--buf = {
    "count": 1,
    "start": 0,
    "token": "d493f777020f02d0b941ea8e50660ae4",
    "user": "milo"
}

[2020-07-04 15:19:09]--[src_cgi/myfiles_cgi.c:556]--user = milo, token = d493f777020f02d0b941ea8e50660ae4, start = 0, count = 1
[2020-07-04 15:19:09]--[src_cgi/myfiles_cgi.c:305]--select user_file_list.*, file_info.url, file_info.size, file_info.type from file_info, user_file_list where user = 'milo' and file_info.md5 = user_file_list.md5 limit 0, 1 在操作
[2020-07-04 15:19:09]--[src_cgi/myfiles_cgi.c:436]--{
	"files":	[{
			"user":	"milo",
			"md5":	"a89390d867d5da18c8b1a95908d7c653",
			"create_time":	"2020-07-04 14:26:41",
			"file_name":	"ui_buttongroup.h",
			"share_status":	1,
			"pv":	0,
			"url":	"http://172.16.0.15:80/group1/M00/00/00/rBAAD18AISGAP6QrAAACRhizVvQ79062.h",
			"size":	582,
			"type":	"h"
		}]
}
[2020-07-04 15:19:12]--[src_cgi/myfiles_cgi.c:504]--cmd = count
[2020-07-04 15:19:12]--[src_cgi/myfiles_cgi.c:536]--buf = {
    "token": "d493f777020f02d0b941ea8e50660ae4",
    "user": "milo"
}

[2020-07-04 15:19:12]--[src_cgi/myfiles_cgi.c:175]--line = 1
[2020-07-04 15:19:12]--[src_cgi/myfiles_cgi.c:504]--cmd = pvasc
[2020-07-04 15:19:12]--[src_cgi/myfiles_cgi.c:536]--buf = {
    "count": 1,
    "start": 0,
    "token": "d493f777020f02d0b941ea8e50660ae4",
    "user": "milo"
}

[2020-07-04 15:19:12]--[src_cgi/myfiles_cgi.c:556]--user = milo, token = d493f777020f02d0b941ea8e50660ae4, start = 0, count = 1
[2020-07-04 15:19:12]--[src_cgi/myfiles_cgi.c:305]--select user_file_list.*, file_info.url, file_info.size, file_info.type from file_info, user_file_list where user = 'milo' and file_info.md5 = user_file_list.md5  order by pv asc limit 0, 1 在操作
[2020-07-04 15:19:12]--[src_cgi/myfiles_cgi.c:436]--{
	"files":	[{
			"user":	"milo",
			"md5":	"a89390d867d5da18c8b1a95908d7c653",
			"create_time":	"2020-07-04 14:26:41",
			"file_name":	"ui_buttongroup.h",
			"share_status":	1,
			"pv":	0,
			"url":	"http://172.16.0.15:80/group1/M00/00/00/rBAAD18AISGAP6QrAAACRhizVvQ79062.h",
			"size":	582,
			"type":	"h"
		}]
}
[2020-07-04 15:19:37]--[src_cgi/myfiles_cgi.c:504]--cmd = count
[2020-07-04 15:19:37]--[src_cgi/myfiles_cgi.c:536]--buf = {
    "token": "d493f777020f02d0b941ea8e50660ae4",
    "user": "milo"
}

[2020-07-04 15:19:37]--[src_cgi/myfiles_cgi.c:175]--line = 1
[2020-07-04 15:19:37]--[src_cgi/myfiles_cgi.c:504]--cmd = pvasc
[2020-07-04 15:19:37]--[src_cgi/myfiles_cgi.c:536]--buf = {
    "count": 1,
    "start": 0,
    "token": "d493f777020f02d0b941ea8e50660ae4",
    "user": "milo"
}

[2020-07-04 15:19:37]--[src_cgi/myfiles_cgi.c:556]--user = milo, token = d493f777020f02d0b941ea8e50660ae4, start = 0, count = 1
[2020-07-04 15:19:37]--[src_cgi/myfiles_cgi.c:305]--select user_file_list.*, file_info.url, file_info.size, file_info.type from file_info, user_file_list where user = 'milo' and file_info.md5 = user_file_list.md5  order by pv asc limit 0, 1 在操作
[2020-07-04 15:19:37]--[src_cgi/myfiles_cgi.c:436]--{
	"files":	[{
			"user":	"milo",
			"md5":	"a89390d867d5da18c8b1a95908d7c653",
			"create_time":	"2020-07-04 14:26:41",
			"file_name":	"ui_buttongroup.h",
			"share_status":	1,
			"pv":	0,
			"url":	"http://172.16.0.15:80/group1/M00/00/00/rBAAD18AISGAP6QrAAACRhizVvQ79062.h",
			"size":	582,
			"type":	"h"
		}]
}
[2020-07-04 15:22:10]--[src_cgi/myfiles_cgi.c:504]--cmd = count
[2020-07-04 15:22:10]--[src_cgi/myfiles_cgi.c:536]--buf = {
    "token": "d493f777020f02d0b941ea8e50660ae4",
    "user": "milo"
}

[2020-07-04 15:22:10]--[src_cgi/myfiles_cgi.c:175]--line = 1
[2020-07-04 15:22:10]--[src_cgi/myfiles_cgi.c:504]--cmd = pvdesc
[2020-07-04 15:22:10]--[src_cgi/myfiles_cgi.c:536]--buf = {
    "count": 1,
    "start": 0,
    "token": "d493f777020f02d0b941ea8e50660ae4",
    "user": "milo"
}

[2020-07-04 15:22:10]--[src_cgi/myfiles_cgi.c:556]--user = milo, token = d493f777020f02d0b941ea8e50660ae4, start = 0, count = 1
[2020-07-04 15:22:10]--[src_cgi/myfiles_cgi.c:305]--select user_file_list.*, file_info.url, file_info.size, file_info.type from file_info, user_file_list where user = 'milo' and file_info.md5 = user_file_list.md5 order by pv desc limit 0, 1 在操作
[2020-07-04 15:22:10]--[src_cgi/myfiles_cgi.c:436]--{
	"files":	[{
			"user":	"milo",
			"md5":	"a89390d867d5da18c8b1a95908d7c653",
			"create_time":	"2020-07-04 14:26:41",
			"file_name":	"ui_buttongroup.h",
			"share_status":	1,
			"pv":	0,
			"url":	"http://172.16.0.15:80/group1/M00/00/00/rBAAD18AISGAP6QrAAACRhizVvQ79062.h",
			"size":	582,
			"type":	"h"
		}]
}
[2020-07-04 15:30:59]--[src_cgi/myfiles_cgi.c:504]--cmd = count
[2020-07-04 15:30:59]--[src_cgi/myfiles_cgi.c:536]--buf = {
    "token": "d493f777020f02d0b941ea8e50660ae4",
    "user": "milo"
}

[2020-07-04 15:30:59]--[src_cgi/myfiles_cgi.c:175]--line = 1
[2020-07-04 15:30:59]--[src_cgi/myfiles_cgi.c:504]--cmd = normal
[2020-07-04 15:30:59]--[src_cgi/myfiles_cgi.c:536]--buf = {
    "count": 1,
    "start": 0,
    "token": "d493f777020f02d0b941ea8e50660ae4",
    "user": "milo"
}

[2020-07-04 15:30:59]--[src_cgi/myfiles_cgi.c:556]--user = milo, token = d493f777020f02d0b941ea8e50660ae4, start = 0, count = 1
[2020-07-04 15:30:59]--[src_cgi/myfiles_cgi.c:305]--select user_file_list.*, file_info.url, file_info.size, file_info.type from file_info, user_file_list where user = 'milo' and file_info.md5 = user_file_list.md5 limit 0, 1 在操作
[2020-07-04 15:30:59]--[src_cgi/myfiles_cgi.c:436]--{
	"files":	[{
			"user":	"milo",
			"md5":	"a89390d867d5da18c8b1a95908d7c653",
			"create_time":	"2020-07-04 14:26:41",
			"file_name":	"ui_buttongroup.h",
			"share_status":	1,
			"pv":	0,
			"url":	"http://172.16.0.15:80/group1/M00/00/00/rBAAD18AISGAP6QrAAACRhizVvQ79062.h",
			"size":	582,
			"type":	"h"
		}]
}
[2020-07-04 15:31:08]--[src_cgi/myfiles_cgi.c:504]--cmd = count
[2020-07-04 15:31:08]--[src_cgi/myfiles_cgi.c:536]--buf = {
    "token": "d493f777020f02d0b941ea8e50660ae4",
    "user": "milo"
}

[2020-07-04 15:31:08]--[src_cgi/myfiles_cgi.c:175]--line = 2
[2020-07-04 15:31:08]--[src_cgi/myfiles_cgi.c:504]--cmd = normal
[2020-07-04 15:31:08]--[src_cgi/myfiles_cgi.c:536]--buf = {
    "count": 2,
    "start": 0,
    "token": "d493f777020f02d0b941ea8e50660ae4",
    "user": "milo"
}

[2020-07-04 15:31:08]--[src_cgi/myfiles_cgi.c:556]--user = milo, token = d493f777020f02d0b941ea8e50660ae4, start = 0, count = 2
[2020-07-04 15:31:08]--[src_cgi/myfiles_cgi.c:305]--select user_file_list.*, file_info.url, file_info.size, file_info.type from file_info, user_file_list where user = 'milo' and file_info.md5 = user_file_list.md5 limit 0, 2 在操作
[2020-07-04 15:31:08]--[src_cgi/myfiles_cgi.c:436]--{
	"files":	[{
			"user":	"milo",
			"md5":	"a89390d867d5da18c8b1a95908d7c653",
			"create_time":	"2020-07-04 14:26:41",
			"file_name":	"ui_buttongroup.h",
			"share_status":	1,
			"pv":	0,
			"url":	"http://172.16.0.15:80/group1/M00/00/00/rBAAD18AISGAP6QrAAACRhizVvQ79062.h",
			"size":	582,
			"type":	"h"
		}, {
			"user":	"milo",
			"md5":	"4d41f1670e561265d08d8900a5b33550",
			"create_time":	"2020-07-04 15:31:05",
			"file_name":	"object_script.0voiceCloudDisk.Debug",
			"share_status":	0,
			"pv":	0,
			"url":	"http://172.16.0.15:80/group1/M00/00/00/rBAAD18AMDmATF-XAAADCJyG1G02.Debug",
			"size":	776,
			"type":	"Debug"
		}]
}
[2020-07-04 15:31:24]--[src_cgi/myfiles_cgi.c:504]--cmd = count
[2020-07-04 15:31:24]--[src_cgi/myfiles_cgi.c:536]--buf = {
    "token": "d493f777020f02d0b941ea8e50660ae4",
    "user": "milo"
}

[2020-07-04 15:31:24]--[src_cgi/myfiles_cgi.c:175]--line = 2
[2020-07-04 15:31:24]--[src_cgi/myfiles_cgi.c:504]--cmd = normal
[2020-07-04 15:31:24]--[src_cgi/myfiles_cgi.c:536]--buf = {
    "count": 2,
    "start": 0,
    "token": "d493f777020f02d0b941ea8e50660ae4",
    "user": "milo"
}

[2020-07-04 15:31:24]--[src_cgi/myfiles_cgi.c:556]--user = milo, token = d493f777020f02d0b941ea8e50660ae4, start = 0, count = 2
[2020-07-04 15:31:24]--[src_cgi/myfiles_cgi.c:305]--select user_file_list.*, file_info.url, file_info.size, file_info.type from file_info, user_file_list where user = 'milo' and file_info.md5 = user_file_list.md5 limit 0, 2 在操作
[2020-07-04 15:31:24]--[src_cgi/myfiles_cgi.c:436]--{
	"files":	[{
			"user":	"milo",
			"md5":	"a89390d867d5da18c8b1a95908d7c653",
			"create_time":	"2020-07-04 14:26:41",
			"file_name":	"ui_buttongroup.h",
			"share_status":	1,
			"pv":	0,
			"url":	"http://172.16.0.15:80/group1/M00/00/00/rBAAD18AISGAP6QrAAACRhizVvQ79062.h",
			"size":	582,
			"type":	"h"
		}, {
			"user":	"milo",
			"md5":	"4d41f1670e561265d08d8900a5b33550",
			"create_time":	"2020-07-04 15:31:05",
			"file_name":	"object_script.0voiceCloudDisk.Debug",
			"share_status":	0,
			"pv":	0,
			"url":	"http://172.16.0.15:80/group1/M00/00/00/rBAAD18AMDmATF-XAAADCJyG1G02.Debug",
			"size":	776,
			"type":	"Debug"
		}]
}
[2020-07-04 15:31:48]--[src_cgi/myfiles_cgi.c:504]--cmd = count
[2020-07-04 15:31:48]--[src_cgi/myfiles_cgi.c:536]--buf = {
    "token": "82b363791cc123e9a50d0fbf60412652",
    "user": "milo"
}

[2020-07-04 15:31:48]--[src_cgi/myfiles_cgi.c:175]--line = 2
[2020-07-04 15:31:48]--[src_cgi/myfiles_cgi.c:504]--cmd = normal
[2020-07-04 15:31:48]--[src_cgi/myfiles_cgi.c:536]--buf = {
    "count": 2,
    "start": 0,
    "token": "82b363791cc123e9a50d0fbf60412652",
    "user": "milo"
}

[2020-07-04 15:31:48]--[src_cgi/myfiles_cgi.c:556]--user = milo, token = 82b363791cc123e9a50d0fbf60412652, start = 0, count = 2
[2020-07-04 15:31:48]--[src_cgi/myfiles_cgi.c:305]--select user_file_list.*, file_info.url, file_info.size, file_info.type from file_info, user_file_list where user = 'milo' and file_info.md5 = user_file_list.md5 limit 0, 2 在操作
[2020-07-04 15:31:48]--[src_cgi/myfiles_cgi.c:436]--{
	"files":	[{
			"user":	"milo",
			"md5":	"a89390d867d5da18c8b1a95908d7c653",
			"create_time":	"2020-07-04 14:26:41",
			"file_name":	"ui_buttongroup.h",
			"share_status":	1,
			"pv":	0,
			"url":	"http://172.16.0.15:80/group1/M00/00/00/rBAAD18AISGAP6QrAAACRhizVvQ79062.h",
			"size":	582,
			"type":	"h"
		}, {
			"user":	"milo",
			"md5":	"4d41f1670e561265d08d8900a5b33550",
			"create_time":	"2020-07-04 15:31:05",
			"file_name":	"object_script.0voiceCloudDisk.Debug",
			"share_status":	0,
			"pv":	0,
			"url":	"http://172.16.0.15:80/group1/M00/00/00/rBAAD18AMDmATF-XAAADCJyG1G02.Debug",
			"size":	776,
			"type":	"Debug"
		}]
}
[2020-07-04 15:32:17]--[src_cgi/myfiles_cgi.c:504]--cmd = count
[2020-07-04 15:32:17]--[src_cgi/myfiles_cgi.c:536]--buf = {
    "token": "82b363791cc123e9a50d0fbf60412652",
    "user": "milo"
}

[2020-07-04 15:32:17]--[src_cgi/myfiles_cgi.c:175]--line = 2
[2020-07-04 15:32:17]--[src_cgi/myfiles_cgi.c:504]--cmd = normal
[2020-07-04 15:32:17]--[src_cgi/myfiles_cgi.c:536]--buf = {
    "count": 2,
    "start": 0,
    "token": "82b363791cc123e9a50d0fbf60412652",
    "user": "milo"
}

[2020-07-04 15:32:17]--[src_cgi/myfiles_cgi.c:556]--user = milo, token = 82b363791cc123e9a50d0fbf60412652, start = 0, count = 2
[2020-07-04 15:32:17]--[src_cgi/myfiles_cgi.c:305]--select user_file_list.*, file_info.url, file_info.size, file_info.type from file_info, user_file_list where user = 'milo' and file_info.md5 = user_file_list.md5 limit 0, 2 在操作
[2020-07-04 15:32:17]--[src_cgi/myfiles_cgi.c:436]--{
	"files":	[{
			"user":	"milo",
			"md5":	"a89390d867d5da18c8b1a95908d7c653",
			"create_time":	"2020-07-04 14:26:41",
			"file_name":	"ui_buttongroup.h",
			"share_status":	1,
			"pv":	0,
			"url":	"http://172.16.0.15:80/group1/M00/00/00/rBAAD18AISGAP6QrAAACRhizVvQ79062.h",
			"size":	582,
			"type":	"h"
		}, {
			"user":	"milo",
			"md5":	"4d41f1670e561265d08d8900a5b33550",
			"create_time":	"2020-07-04 15:31:05",
			"file_name":	"object_script.0voiceCloudDisk.Debug",
			"share_status":	0,
			"pv":	0,
			"url":	"http://172.16.0.15:80/group1/M00/00/00/rBAAD18AMDmATF-XAAADCJyG1G02.Debug",
			"size":	776,
			"type":	"Debug"
		}]
}
[2020-07-04 15:33:46]--[src_cgi/myfiles_cgi.c:504]--cmd = count
[2020-07-04 15:33:46]--[src_cgi/myfiles_cgi.c:536]--buf = {
    "token": "82b363791cc123e9a50d0fbf60412652",
    "user": "milo"
}

[2020-07-04 15:33:46]--[src_cgi/myfiles_cgi.c:175]--line = 2
[2020-07-04 15:33:46]--[src_cgi/myfiles_cgi.c:504]--cmd = normal
[2020-07-04 15:33:46]--[src_cgi/myfiles_cgi.c:536]--buf = {
    "count": 2,
    "start": 0,
    "token": "82b363791cc123e9a50d0fbf60412652",
    "user": "milo"
}

[2020-07-04 15:33:46]--[src_cgi/myfiles_cgi.c:556]--user = milo, token = 82b363791cc123e9a50d0fbf60412652, start = 0, count = 2
[2020-07-04 15:33:46]--[src_cgi/myfiles_cgi.c:305]--select user_file_list.*, file_info.url, file_info.size, file_info.type from file_info, user_file_list where user = 'milo' and file_info.md5 = user_file_list.md5 limit 0, 2 在操作
[2020-07-04 15:33:46]--[src_cgi/myfiles_cgi.c:436]--{
	"files":	[{
			"user":	"milo",
			"md5":	"a89390d867d5da18c8b1a95908d7c653",
			"create_time":	"2020-07-04 14:26:41",
			"file_name":	"ui_buttongroup.h",
			"share_status":	1,
			"pv":	0,
			"url":	"http://172.16.0.15:80/group1/M00/00/00/rBAAD18AISGAP6QrAAACRhizVvQ79062.h",
			"size":	582,
			"type":	"h"
		}, {
			"user":	"milo",
			"md5":	"4d41f1670e561265d08d8900a5b33550",
			"create_time":	"2020-07-04 15:31:05",
			"file_name":	"object_script.0voiceCloudDisk.Debug",
			"share_status":	0,
			"pv":	1,
			"url":	"http://172.16.0.15:80/group1/M00/00/00/rBAAD18AMDmATF-XAAADCJyG1G02.Debug",
			"size":	776,
			"type":	"Debug"
		}]
}
[2020-07-04 15:47:51]--[src_cgi/myfiles_cgi.c:504]--cmd = count
[2020-07-04 15:47:51]--[src_cgi/myfiles_cgi.c:536]--buf = {
    "token": "82b363791cc123e9a50d0fbf60412652",
    "user": "milo"
}

[2020-07-04 15:47:51]--[src_cgi/myfiles_cgi.c:175]--line = 2
[2020-07-04 15:47:51]--[src_cgi/myfiles_cgi.c:504]--cmd = normal
[2020-07-04 15:47:51]--[src_cgi/myfiles_cgi.c:536]--buf = {
    "count": 2,
    "start": 0,
    "token": "82b363791cc123e9a50d0fbf60412652",
    "user": "milo"
}

[2020-07-04 15:47:51]--[src_cgi/myfiles_cgi.c:556]--user = milo, token = 82b363791cc123e9a50d0fbf60412652, start = 0, count = 2
[2020-07-04 15:47:51]--[src_cgi/myfiles_cgi.c:305]--select user_file_list.*, file_info.url, file_info.size, file_info.type from file_info, user_file_list where user = 'milo' and file_info.md5 = user_file_list.md5 limit 0, 2 在操作
[2020-07-04 15:47:51]--[src_cgi/myfiles_cgi.c:436]--{
	"files":	[{
			"user":	"milo",
			"md5":	"a89390d867d5da18c8b1a95908d7c653",
			"create_time":	"2020-07-04 14:26:41",
			"file_name":	"ui_buttongroup.h",
			"share_status":	1,
			"pv":	0,
			"url":	"http://172.16.0.15:80/group1/M00/00/00/rBAAD18AISGAP6QrAAACRhizVvQ79062.h",
			"size":	582,
			"type":	"h"
		}, {
			"user":	"milo",
			"md5":	"4d41f1670e561265d08d8900a5b33550",
			"create_time":	"2020-07-04 15:31:05",
			"file_name":	"object_script.0voiceCloudDisk.Debug",
			"share_status":	1,
			"pv":	1,
			"url":	"http://172.16.0.15:80/group1/M00/00/00/rBAAD18AMDmATF-XAAADCJyG1G02.Debug",
			"size":	776,
			"type":	"Debug"
		}]
}
[2020-07-04 16:56:57]--[src_cgi/myfiles_cgi.c:504]--cmd = count
[2020-07-04 16:56:57]--[src_cgi/myfiles_cgi.c:536]--buf = {
    "token": "d41bdaa138a274b32c2a97b321b3323f",
    "user": "milo"
}

[2020-07-04 16:56:57]--[src_cgi/myfiles_cgi.c:175]--line = 2
[2020-07-04 16:56:57]--[src_cgi/myfiles_cgi.c:504]--cmd = normal
[2020-07-04 16:56:57]--[src_cgi/myfiles_cgi.c:536]--buf = {
    "count": 2,
    "start": 0,
    "token": "d41bdaa138a274b32c2a97b321b3323f",
    "user": "milo"
}

[2020-07-04 16:56:57]--[src_cgi/myfiles_cgi.c:556]--user = milo, token = d41bdaa138a274b32c2a97b321b3323f, start = 0, count = 2
[2020-07-04 16:56:57]--[src_cgi/myfiles_cgi.c:305]--select user_file_list.*, file_info.url, file_info.size, file_info.type from file_info, user_file_list where user = 'milo' and file_info.md5 = user_file_list.md5 limit 0, 2 在操作
[2020-07-04 16:56:57]--[src_cgi/myfiles_cgi.c:436]--{
	"files":	[{
			"user":	"milo",
			"md5":	"a89390d867d5da18c8b1a95908d7c653",
			"create_time":	"2020-07-04 14:26:41",
			"file_name":	"ui_buttongroup.h",
			"share_status":	1,
			"pv":	0,
			"url":	"http://172.16.0.15:80/group1/M00/00/00/rBAAD18AISGAP6QrAAACRhizVvQ79062.h",
			"size":	582,
			"type":	"h"
		}, {
			"user":	"milo",
			"md5":	"4d41f1670e561265d08d8900a5b33550",
			"create_time":	"2020-07-04 15:31:05",
			"file_name":	"object_script.0voiceCloudDisk.Debug",
			"share_status":	1,
			"pv":	1,
			"url":	"http://172.16.0.15:80/group1/M00/00/00/rBAAD18AMDmATF-XAAADCJyG1G02.Debug",
			"size":	776,
			"type":	"Debug"
		}]
}
[2020-07-04 17:22:11]--[src_cgi/myfiles_cgi.c:504]--cmd = count
[2020-07-04 17:22:11]--[src_cgi/myfiles_cgi.c:536]--buf = {
    "token": "dce2ed0c6c7fb5a7f370cfeade24cc6c",
    "user": "milo"
}

[2020-07-04 17:22:11]--[src_cgi/myfiles_cgi.c:175]--line = 2
[2020-07-04 17:22:11]--[src_cgi/myfiles_cgi.c:504]--cmd = normal
[2020-07-04 17:22:11]--[src_cgi/myfiles_cgi.c:536]--buf = {
    "count": 2,
    "start": 0,
    "token": "dce2ed0c6c7fb5a7f370cfeade24cc6c",
    "user": "milo"
}

[2020-07-04 17:22:11]--[src_cgi/myfiles_cgi.c:556]--user = milo, token = dce2ed0c6c7fb5a7f370cfeade24cc6c, start = 0, count = 2
[2020-07-04 17:22:11]--[src_cgi/myfiles_cgi.c:305]--select user_file_list.*, file_info.url, file_info.size, file_info.type from file_info, user_file_list where user = 'milo' and file_info.md5 = user_file_list.md5 limit 0, 2 在操作
[2020-07-04 17:22:11]--[src_cgi/myfiles_cgi.c:436]--{
	"files":	[{
			"user":	"milo",
			"md5":	"a89390d867d5da18c8b1a95908d7c653",
			"create_time":	"2020-07-04 14:26:41",
			"file_name":	"ui_buttongroup.h",
			"share_status":	1,
			"pv":	0,
			"url":	"http://172.16.0.15:80/group1/M00/00/00/rBAAD18AISGAP6QrAAACRhizVvQ79062.h",
			"size":	582,
			"type":	"h"
		}, {
			"user":	"milo",
			"md5":	"4d41f1670e561265d08d8900a5b33550",
			"create_time":	"2020-07-04 15:31:05",
			"file_name":	"object_script.0voiceCloudDisk.Debug",
			"share_status":	1,
			"pv":	1,
			"url":	"http://172.16.0.15:80/group1/M00/00/00/rBAAD18AMDmATF-XAAADCJyG1G02.Debug",
			"size":	776,
			"type":	"Debug"
		}]
}
[2020-07-04 21:18:19]--[src_cgi/myfiles_cgi.c:504]--cmd = count
[2020-07-04 21:18:19]--[src_cgi/myfiles_cgi.c:536]--buf = {
    "token": "a673062d746c1a9eaac6ee7e2c5930fa",
    "user": "milo"
}

[2020-07-04 21:18:19]--[src_cgi/myfiles_cgi.c:175]--line = 2
[2020-07-04 21:18:19]--[src_cgi/myfiles_cgi.c:504]--cmd = normal
[2020-07-04 21:18:19]--[src_cgi/myfiles_cgi.c:536]--buf = {
    "count": 2,
    "start": 0,
    "token": "a673062d746c1a9eaac6ee7e2c5930fa",
    "user": "milo"
}

[2020-07-04 21:18:19]--[src_cgi/myfiles_cgi.c:556]--user = milo, token = a673062d746c1a9eaac6ee7e2c5930fa, start = 0, count = 2
[2020-07-04 21:18:19]--[src_cgi/myfiles_cgi.c:305]--select user_file_list.*, file_info.url, file_info.size, file_info.type from file_info, user_file_list where user = 'milo' and file_info.md5 = user_file_list.md5 limit 0, 2 在操作
[2020-07-04 21:18:19]--[src_cgi/myfiles_cgi.c:436]--{
	"files":	[{
			"user":	"milo",
			"md5":	"a89390d867d5da18c8b1a95908d7c653",
			"create_time":	"2020-07-04 14:26:41",
			"file_name":	"ui_buttongroup.h",
			"share_status":	1,
			"pv":	0,
			"url":	"http://172.16.0.15:80/group1/M00/00/00/rBAAD18AISGAP6QrAAACRhizVvQ79062.h",
			"size":	582,
			"type":	"h"
		}, {
			"user":	"milo",
			"md5":	"4d41f1670e561265d08d8900a5b33550",
			"create_time":	"2020-07-04 15:31:05",
			"file_name":	"object_script.0voiceCloudDisk.Debug",
			"share_status":	1,
			"pv":	1,
			"url":	"http://172.16.0.15:80/group1/M00/00/00/rBAAD18AMDmATF-XAAADCJyG1G02.Debug",
			"size":	776,
			"type":	"Debug"
		}]
}
[2020-07-04 21:45:17]--[src_cgi/myfiles_cgi.c:504]--cmd = count
[2020-07-04 21:45:17]--[src_cgi/myfiles_cgi.c:536]--buf = {
    "token": "a673062d746c1a9eaac6ee7e2c5930fa",
    "user": "milo"
}

[2020-07-04 21:45:17]--[src_cgi/myfiles_cgi.c:175]--line = 2
[2020-07-04 21:45:17]--[src_cgi/myfiles_cgi.c:504]--cmd = normal
[2020-07-04 21:45:17]--[src_cgi/myfiles_cgi.c:536]--buf = {
    "count": 2,
    "start": 0,
    "token": "a673062d746c1a9eaac6ee7e2c5930fa",
    "user": "milo"
}

[2020-07-04 21:45:17]--[src_cgi/myfiles_cgi.c:556]--user = milo, token = a673062d746c1a9eaac6ee7e2c5930fa, start = 0, count = 2
[2020-07-04 21:45:17]--[src_cgi/myfiles_cgi.c:305]--select user_file_list.*, file_info.url, file_info.size, file_info.type from file_info, user_file_list where user = 'milo' and file_info.md5 = user_file_list.md5 limit 0, 2 在操作
[2020-07-04 21:45:17]--[src_cgi/myfiles_cgi.c:436]--{
	"files":	[{
			"user":	"milo",
			"md5":	"a89390d867d5da18c8b1a95908d7c653",
			"create_time":	"2020-07-04 14:26:41",
			"file_name":	"ui_buttongroup.h",
			"share_status":	1,
			"pv":	0,
			"url":	"http://172.16.0.15:80/group1/M00/00/00/rBAAD18AISGAP6QrAAACRhizVvQ79062.h",
			"size":	582,
			"type":	"h"
		}, {
			"user":	"milo",
			"md5":	"4d41f1670e561265d08d8900a5b33550",
			"create_time":	"2020-07-04 15:31:05",
			"file_name":	"object_script.0voiceCloudDisk.Debug",
			"share_status":	1,
			"pv":	1,
			"url":	"http://172.16.0.15:80/group1/M00/00/00/rBAAD18AMDmATF-XAAADCJyG1G02.Debug",
			"size":	776,
			"type":	"Debug"
		}]
}
[2020-07-04 21:45:26]--[src_cgi/myfiles_cgi.c:504]--cmd = count
[2020-07-04 21:45:26]--[src_cgi/myfiles_cgi.c:536]--buf = {
    "token": "a673062d746c1a9eaac6ee7e2c5930fa",
    "user": "milo"
}

[2020-07-04 21:45:26]--[src_cgi/myfiles_cgi.c:175]--line = 2
[2020-07-04 21:45:27]--[src_cgi/myfiles_cgi.c:504]--cmd = normal
[2020-07-04 21:45:27]--[src_cgi/myfiles_cgi.c:536]--buf = {
    "count": 2,
    "start": 0,
    "token": "a673062d746c1a9eaac6ee7e2c5930fa",
    "user": "milo"
}

[2020-07-04 21:45:27]--[src_cgi/myfiles_cgi.c:556]--user = milo, token = a673062d746c1a9eaac6ee7e2c5930fa, start = 0, count = 2
[2020-07-04 21:45:27]--[src_cgi/myfiles_cgi.c:305]--select user_file_list.*, file_info.url, file_info.size, file_info.type from file_info, user_file_list where user = 'milo' and file_info.md5 = user_file_list.md5 limit 0, 2 在操作
[2020-07-04 21:45:27]--[src_cgi/myfiles_cgi.c:436]--{
	"files":	[{
			"user":	"milo",
			"md5":	"a89390d867d5da18c8b1a95908d7c653",
			"create_time":	"2020-07-04 14:26:41",
			"file_name":	"ui_buttongroup.h",
			"share_status":	1,
			"pv":	0,
			"url":	"http://172.16.0.15:80/group1/M00/00/00/rBAAD18AISGAP6QrAAACRhizVvQ79062.h",
			"size":	582,
			"type":	"h"
		}, {
			"user":	"milo",
			"md5":	"4d41f1670e561265d08d8900a5b33550",
			"create_time":	"2020-07-04 15:31:05",
			"file_name":	"object_script.0voiceCloudDisk.Debug",
			"share_status":	1,
			"pv":	1,
			"url":	"http://172.16.0.15:80/group1/M00/00/00/rBAAD18AMDmATF-XAAADCJyG1G02.Debug",
			"size":	776,
			"type":	"Debug"
		}]
}
[2020-07-04 21:58:09]--[src_cgi/myfiles_cgi.c:504]--cmd = count
[2020-07-04 21:58:09]--[src_cgi/myfiles_cgi.c:536]--buf = {
    "token": "a673062d746c1a9eaac6ee7e2c5930fa",
    "user": "milo"
}

[2020-07-04 21:58:09]--[src_cgi/myfiles_cgi.c:175]--line = 3
[2020-07-04 21:58:09]--[src_cgi/myfiles_cgi.c:504]--cmd = normal
[2020-07-04 21:58:09]--[src_cgi/myfiles_cgi.c:536]--buf = {
    "count": 3,
    "start": 0,
    "token": "a673062d746c1a9eaac6ee7e2c5930fa",
    "user": "milo"
}

[2020-07-04 21:58:09]--[src_cgi/myfiles_cgi.c:556]--user = milo, token = a673062d746c1a9eaac6ee7e2c5930fa, start = 0, count = 3
[2020-07-04 21:58:09]--[src_cgi/myfiles_cgi.c:305]--select user_file_list.*, file_info.url, file_info.size, file_info.type from file_info, user_file_list where user = 'milo' and file_info.md5 = user_file_list.md5 limit 0, 3 在操作
[2020-07-04 21:58:09]--[src_cgi/myfiles_cgi.c:436]--{
	"files":	[{
			"user":	"milo",
			"md5":	"a89390d867d5da18c8b1a95908d7c653",
			"create_time":	"2020-07-04 14:26:41",
			"file_name":	"ui_buttongroup.h",
			"share_status":	1,
			"pv":	0,
			"url":	"http://172.16.0.15:80/group1/M00/00/00/rBAAD18AISGAP6QrAAACRhizVvQ79062.h",
			"size":	582,
			"type":	"h"
		}, {
			"user":	"milo",
			"md5":	"4d41f1670e561265d08d8900a5b33550",
			"create_time":	"2020-07-04 15:31:05",
			"file_name":	"object_script.0voiceCloudDisk.Debug",
			"share_status":	1,
			"pv":	1,
			"url":	"http://172.16.0.15:80/group1/M00/00/00/rBAAD18AMDmATF-XAAADCJyG1G02.Debug",
			"size":	776,
			"type":	"Debug"
		}, {
			"user":	"milo",
			"md5":	"0091239159a4e85dd9f132409e845cfc",
			"create_time":	"2020-07-04 21:56:53",
			"file_name":	"ui_login.h",
			"share_status":	0,
			"pv":	0,
			"url":	"http://172.16.0.15:80/group1/M00/00/00/rBAAD18AiqWAIVtJAABjm5l-kMg56699.h",
			"size":	25499,
			"type":	"h"
		}]
}
[2020-07-04 22:00:30]--[src_cgi/myfiles_cgi.c:504]--cmd = count
[2020-07-04 22:00:30]--[src_cgi/myfiles_cgi.c:536]--buf = {
    "token": "a673062d746c1a9eaac6ee7e2c5930fa",
    "user": "milo"
}

[2020-07-04 22:00:30]--[src_cgi/myfiles_cgi.c:175]--line = 4
[2020-07-04 22:00:30]--[src_cgi/myfiles_cgi.c:504]--cmd = normal
[2020-07-04 22:00:30]--[src_cgi/myfiles_cgi.c:536]--buf = {
    "count": 4,
    "start": 0,
    "token": "a673062d746c1a9eaac6ee7e2c5930fa",
    "user": "milo"
}

[2020-07-04 22:00:30]--[src_cgi/myfiles_cgi.c:556]--user = milo, token = a673062d746c1a9eaac6ee7e2c5930fa, start = 0, count = 4
[2020-07-04 22:00:30]--[src_cgi/myfiles_cgi.c:305]--select user_file_list.*, file_info.url, file_info.size, file_info.type from file_info, user_file_list where user = 'milo' and file_info.md5 = user_file_list.md5 limit 0, 4 在操作
[2020-07-04 22:00:30]--[src_cgi/myfiles_cgi.c:436]--{
	"files":	[{
			"user":	"milo",
			"md5":	"a89390d867d5da18c8b1a95908d7c653",
			"create_time":	"2020-07-04 14:26:41",
			"file_name":	"ui_buttongroup.h",
			"share_status":	1,
			"pv":	0,
			"url":	"http://172.16.0.15:80/group1/M00/00/00/rBAAD18AISGAP6QrAAACRhizVvQ79062.h",
			"size":	582,
			"type":	"h"
		}, {
			"user":	"milo",
			"md5":	"4d41f1670e561265d08d8900a5b33550",
			"create_time":	"2020-07-04 15:31:05",
			"file_name":	"object_script.0voiceCloudDisk.Debug",
			"share_status":	1,
			"pv":	1,
			"url":	"http://172.16.0.15:80/group1/M00/00/00/rBAAD18AMDmATF-XAAADCJyG1G02.Debug",
			"size":	776,
			"type":	"Debug"
		}, {
			"user":	"milo",
			"md5":	"0091239159a4e85dd9f132409e845cfc",
			"create_time":	"2020-07-04 21:56:53",
			"file_name":	"ui_login.h",
			"share_status":	0,
			"pv":	0,
			"url":	"http://172.16.0.15:80/group1/M00/00/00/rBAAD18AiqWAIVtJAABjm5l-kMg56699.h",
			"size":	25499,
			"type":	"h"
		}, {
			"user":	"milo",
			"md5":	"5f2a390a60cb3d51355469fea61efa0b",
			"create_time":	"2020-07-04 21:58:29",
			"file_name":	"main.cpp",
			"share_status":	0,
			"pv":	0,
			"url":	"http://172.16.0.15:80/group1/M00/00/00/rBAAD18AiwWAIfJVAAAAxnRgnrY197.cpp",
			"size":	198,
			"type":	"cpp"
		}]
}
[2020-07-04 22:00:36]--[src_cgi/myfiles_cgi.c:504]--cmd = count
[2020-07-04 22:00:36]--[src_cgi/myfiles_cgi.c:536]--buf = {
    "token": "a673062d746c1a9eaac6ee7e2c5930fa",
    "user": "milo"
}

[2020-07-04 22:00:36]--[src_cgi/myfiles_cgi.c:175]--line = 5
[2020-07-04 22:00:36]--[src_cgi/myfiles_cgi.c:504]--cmd = normal
[2020-07-04 22:00:36]--[src_cgi/myfiles_cgi.c:536]--buf = {
    "count": 5,
    "start": 0,
    "token": "a673062d746c1a9eaac6ee7e2c5930fa",
    "user": "milo"
}

[2020-07-04 22:00:36]--[src_cgi/myfiles_cgi.c:556]--user = milo, token = a673062d746c1a9eaac6ee7e2c5930fa, start = 0, count = 5
[2020-07-04 22:00:36]--[src_cgi/myfiles_cgi.c:305]--select user_file_list.*, file_info.url, file_info.size, file_info.type from file_info, user_file_list where user = 'milo' and file_info.md5 = user_file_list.md5 limit 0, 5 在操作
[2020-07-04 22:00:36]--[src_cgi/myfiles_cgi.c:436]--{
	"files":	[{
			"user":	"milo",
			"md5":	"a89390d867d5da18c8b1a95908d7c653",
			"create_time":	"2020-07-04 14:26:41",
			"file_name":	"ui_buttongroup.h",
			"share_status":	1,
			"pv":	0,
			"url":	"http://172.16.0.15:80/group1/M00/00/00/rBAAD18AISGAP6QrAAACRhizVvQ79062.h",
			"size":	582,
			"type":	"h"
		}, {
			"user":	"milo",
			"md5":	"4d41f1670e561265d08d8900a5b33550",
			"create_time":	"2020-07-04 15:31:05",
			"file_name":	"object_script.0voiceCloudDisk.Debug",
			"share_status":	1,
			"pv":	1,
			"url":	"http://172.16.0.15:80/group1/M00/00/00/rBAAD18AMDmATF-XAAADCJyG1G02.Debug",
			"size":	776,
			"type":	"Debug"
		}, {
			"user":	"milo",
			"md5":	"0091239159a4e85dd9f132409e845cfc",
			"create_time":	"2020-07-04 21:56:53",
			"file_name":	"ui_login.h",
			"share_status":	0,
			"pv":	0,
			"url":	"http://172.16.0.15:80/group1/M00/00/00/rBAAD18AiqWAIVtJAABjm5l-kMg56699.h",
			"size":	25499,
			"type":	"h"
		}, {
			"user":	"milo",
			"md5":	"5f2a390a60cb3d51355469fea61efa0b",
			"create_time":	"2020-07-04 21:58:29",
			"file_name":	"main.cpp",
			"share_status":	0,
			"pv":	0,
			"url":	"http://172.16.0.15:80/group1/M00/00/00/rBAAD18AiwWAIfJVAAAAxnRgnrY197.cpp",
			"size":	198,
			"type":	"cpp"
		}, {
			"user":	"milo",
			"md5":	"2869fd80cf88d03946a1d8b74ffabbac",
			"create_time":	"2020-07-04 22:00:35",
			"file_name":	"avi.png",
			"share_status":	0,
			"pv":	0,
			"url":	"http://172.16.0.15:80/group1/M00/00/00/rBAAD18Ai4OATDjtAABe1OvdyN4283.png",
			"size":	24276,
			"type":	"png"
		}]
}
