[2020-07-06 21:13:25]--[src_cgi/reg_cgi.c:235]--buf = {
    "email": "472251823@qq.com",
    "firstPwd": "e10adc3949ba59abbe56e057f20f883e",
    "nickName": "milo",
    "phone": "18620823143",
    "userName": "milo"
}

[2020-07-06 21:13:25]--[src_cgi/reg_cgi.c:127]--mysql_user = root, mysql_pwd = 123456, mysql_db = 0voice_cloud_disk
[2020-07-06 21:13:25]--[src_cgi/reg_cgi.c:140]--user_name = milo, nick_name = milo, pwd = e10adc3949ba59abbe56e057f20f883e, tel = 18620823143, email = 472251823@qq.com
[2020-07-06 21:13:25]--[src_cgi/reg_cgi.c:164]--【(null)】该用户已存在
[2020-07-06 21:36:20]--[src_cgi/reg_cgi.c:235]--buf = {
    "email": "472251823@qq.com",
    "firstPwd": "e10adc3949ba59abbe56e057f20f883e",
    "nickName": "milo",
    "phone": "18620823143",
    "userName": "milo"
}

[2020-07-06 21:36:20]--[src_cgi/reg_cgi.c:127]--mysql_user = root, mysql_pwd = 123456, mysql_db = 0voice_cloud_disk
[2020-07-06 21:36:20]--[src_cgi/reg_cgi.c:140]--user_name = milo, nick_name = milo, pwd = e10adc3949ba59abbe56e057f20f883e, tel = 18620823143, email = 472251823@qq.com
[2020-07-06 21:36:20]--[src_cgi/reg_cgi.c:164]--【(null)】该用户已存在
[2020-07-06 21:36:25]--[src_cgi/reg_cgi.c:235]--buf = {
    "email": "472251823@qq.com",
    "firstPwd": "e10adc3949ba59abbe56e057f20f883e",
    "nickName": "milo89",
    "phone": "18620823143",
    "userName": "milo89"
}

[2020-07-06 21:36:25]--[src_cgi/reg_cgi.c:127]--mysql_user = root, mysql_pwd = 123456, mysql_db = 0voice_cloud_disk
[2020-07-06 21:36:25]--[src_cgi/reg_cgi.c:140]--user_name = milo89, nick_name = milo89, pwd = e10adc3949ba59abbe56e057f20f883e, tel = 18620823143, email = 472251823@qq.com
[2020-07-06 22:03:43]--[src_cgi/reg_cgi.c:235]--buf = {
    "email": "472251823@qq.com",
    "firstPwd": "e10adc3949ba59abbe56e057f20f883e",
    "nickName": "milo",
    "phone": "18620823143",
    "userName": "milo"
}

[2020-07-06 22:03:43]--[src_cgi/reg_cgi.c:127]--mysql_user = root, mysql_pwd = 123456, mysql_db = 0voice_cloud_disk
[2020-07-06 22:03:43]--[src_cgi/reg_cgi.c:140]--user_name = milo, nick_name = milo, pwd = e10adc3949ba59abbe56e057f20f883e, tel = 18620823143, email = 472251823@qq.com
[2020-07-06 22:03:43]--[src_cgi/reg_cgi.c:164]--【(null)】该用户已存在
