[2020-07-07 14:37:34]--[src_cgi/sharefiles_cgi.c:605]--cmd = count
[2020-07-07 14:37:34]--[src_cgi/sharefiles_cgi.c:84]--line = 2
[2020-07-07 14:37:34]--[src_cgi/sharefiles_cgi.c:605]--cmd = pvdesc
[2020-07-07 14:37:34]--[src_cgi/sharefiles_cgi.c:643]--buf = {
    "count": 2,
    "start": 0
}

[2020-07-07 14:37:34]--[src_cgi/sharefiles_cgi.c:652]--start = 0, count = 2
[2020-07-07 14:37:34]--[src_cgi/sharefiles_cgi.c:406]--sql_num = 2, redis_num = 2
[2020-07-07 14:37:34]--[src_cgi/sharefiles_cgi.c:536]--{
	"files":	[{
			"filename":	"ui_buttongroup.h",
			"pv":	1
		}, {
			"filename":	"object_script.0voiceCloudDisk.Debug",
			"pv":	1
		}]
}
[2020-07-07 15:34:33]--[src_cgi/sharefiles_cgi.c:605]--cmd = count
[2020-07-07 15:34:33]--[src_cgi/sharefiles_cgi.c:84]--line = 2
[2020-07-07 15:34:33]--[src_cgi/sharefiles_cgi.c:605]--cmd = normal
[2020-07-07 15:34:33]--[src_cgi/sharefiles_cgi.c:643]--buf = {
    "count": 2,
    "start": 0
}

[2020-07-07 15:34:33]--[src_cgi/sharefiles_cgi.c:652]--start = 0, count = 2
[2020-07-07 15:34:33]--[src_cgi/sharefiles_cgi.c:171]--select share_file_list.*, file_info.url, file_info.size, file_info.type from file_info, share_file_list where file_info.md5 = share_file_list.md5 limit 0, 2 在操作
[2020-07-07 15:34:33]--[src_cgi/sharefiles_cgi.c:299]--{
	"files":	[{
			"user":	"milo",
			"md5":	"a89390d867d5da18c8b1a95908d7c653",
			"file_name":	"ui_buttongroup.h",
			"share_status":	1,
			"pv":	1,
			"create_time":	"2020-07-04 14:34:35",
			"url":	"http://172.16.0.15:80/group1/M00/00/00/rBAAD18AISGAP6QrAAACRhizVvQ79062.h",
			"size":	582,
			"type":	"h"
		}, {
			"user":	"milo",
			"md5":	"4d41f1670e561265d08d8900a5b33550",
			"file_name":	"object_script.0voiceCloudDisk.Debug",
			"share_status":	1,
			"pv":	1,
			"create_time":	"2020-07-04 15:33:49",
			"url":	"http://172.16.0.15:80/group1/M00/00/00/rBAAD18AMDmATF-XAAADCJyG1G02.Debug",
			"size":	776,
			"type":	"Debug"
		}]
}
[2020-07-07 15:38:20]--[src_cgi/sharefiles_cgi.c:605]--cmd = count
[2020-07-07 15:38:20]--[src_cgi/sharefiles_cgi.c:84]--line = 2
[2020-07-07 15:38:20]--[src_cgi/sharefiles_cgi.c:605]--cmd = normal
[2020-07-07 15:38:20]--[src_cgi/sharefiles_cgi.c:643]--buf = {
    "count": 2,
    "start": 0
}

[2020-07-07 15:38:20]--[src_cgi/sharefiles_cgi.c:652]--start = 0, count = 2
[2020-07-07 15:38:20]--[src_cgi/sharefiles_cgi.c:171]--select share_file_list.*, file_info.url, file_info.size, file_info.type from file_info, share_file_list where file_info.md5 = share_file_list.md5 limit 0, 2 在操作
[2020-07-07 15:38:20]--[src_cgi/sharefiles_cgi.c:299]--{
	"files":	[{
			"user":	"milo",
			"md5":	"a89390d867d5da18c8b1a95908d7c653",
			"file_name":	"ui_buttongroup.h",
			"share_status":	1,
			"pv":	1,
			"create_time":	"2020-07-04 14:34:35",
			"url":	"http://172.16.0.15:80/group1/M00/00/00/rBAAD18AISGAP6QrAAACRhizVvQ79062.h",
			"size":	582,
			"type":	"h"
		}, {
			"user":	"milo",
			"md5":	"4d41f1670e561265d08d8900a5b33550",
			"file_name":	"object_script.0voiceCloudDisk.Debug",
			"share_status":	1,
			"pv":	1,
			"create_time":	"2020-07-04 15:33:49",
			"url":	"http://172.16.0.15:80/group1/M00/00/00/rBAAD18AMDmATF-XAAADCJyG1G02.Debug",
			"size":	776,
			"type":	"Debug"
		}]
}
[2020-07-07 15:38:58]--[src_cgi/sharefiles_cgi.c:605]--cmd = count
[2020-07-07 15:38:58]--[src_cgi/sharefiles_cgi.c:84]--line = 2
[2020-07-07 15:38:58]--[src_cgi/sharefiles_cgi.c:605]--cmd = pvdesc
[2020-07-07 15:38:58]--[src_cgi/sharefiles_cgi.c:643]--buf = {
    "count": 2,
    "start": 0
}

[2020-07-07 15:38:58]--[src_cgi/sharefiles_cgi.c:652]--start = 0, count = 2
[2020-07-07 15:38:58]--[src_cgi/sharefiles_cgi.c:406]--sql_num = 2, redis_num = 2
[2020-07-07 15:38:58]--[src_cgi/sharefiles_cgi.c:536]--{
	"files":	[{
			"filename":	"ui_buttongroup.h",
			"pv":	1
		}, {
			"filename":	"object_script.0voiceCloudDisk.Debug",
			"pv":	1
		}]
}
[2020-07-07 21:27:24]--[src_cgi/sharefiles_cgi.c:605]--cmd = count
[2020-07-07 21:27:24]--[src_cgi/sharefiles_cgi.c:84]--line = 2
[2020-07-07 21:27:24]--[src_cgi/sharefiles_cgi.c:605]--cmd = normal
[2020-07-07 21:27:24]--[src_cgi/sharefiles_cgi.c:643]--buf = {
    "count": 2,
    "start": 0
}

[2020-07-07 21:27:24]--[src_cgi/sharefiles_cgi.c:652]--start = 0, count = 2
[2020-07-07 21:27:24]--[src_cgi/sharefiles_cgi.c:171]--select share_file_list.*, file_info.url, file_info.size, file_info.type from file_info, share_file_list where file_info.md5 = share_file_list.md5 limit 0, 2 在操作
[2020-07-07 21:27:24]--[src_cgi/sharefiles_cgi.c:299]--{
	"files":	[{
			"user":	"milo",
			"md5":	"a89390d867d5da18c8b1a95908d7c653",
			"file_name":	"ui_buttongroup.h",
			"share_status":	1,
			"pv":	1,
			"create_time":	"2020-07-04 14:34:35",
			"url":	"http://172.16.0.15:80/group1/M00/00/00/rBAAD18AISGAP6QrAAACRhizVvQ79062.h",
			"size":	582,
			"type":	"h"
		}, {
			"user":	"milo",
			"md5":	"4d41f1670e561265d08d8900a5b33550",
			"file_name":	"object_script.0voiceCloudDisk.Debug",
			"share_status":	1,
			"pv":	1,
			"create_time":	"2020-07-04 15:33:49",
			"url":	"http://172.16.0.15:80/group1/M00/00/00/rBAAD18AMDmATF-XAAADCJyG1G02.Debug",
			"size":	776,
			"type":	"Debug"
		}]
}
