[2020-07-04 10:40:49]--[src_cgi/sharefiles_cgi.c:605]--cmd = count
[2020-07-04 10:40:49]--[src_cgi/sharefiles_cgi.c:84]--line = 1
[2020-07-04 10:40:49]--[src_cgi/sharefiles_cgi.c:605]--cmd = normal
[2020-07-04 10:40:49]--[src_cgi/sharefiles_cgi.c:643]--buf = {
    "count": 1,
    "start": 0
}

[2020-07-04 10:40:49]--[src_cgi/sharefiles_cgi.c:652]--start = 0, count = 1
[2020-07-04 10:40:49]--[src_cgi/sharefiles_cgi.c:171]--select share_file_list.*, file_info.url, file_info.size, file_info.type from file_info, share_file_list where file_info.md5 = share_file_list.md5 limit 0, 1 在操作
[2020-07-04 10:40:49]--[src_cgi/sharefiles_cgi.c:299]--{
	"files":	[{
			"user":	"milo",
			"md5":	"602fdf30db2aacf517badf4565124f51",
			"file_name":	"Makefile",
			"share_status":	1,
			"pv":	0,
			"create_time":	"2020-07-03 23:41:15",
			"url":	"http://172.16.0.15:80/group1/M00/00/00/rBAAD17_Jn6AM-iuAACBBC5AIsc2532509",
			"size":	33028,
			"type":	"null"
		}]
}
[2020-07-04 10:45:05]--[src_cgi/sharefiles_cgi.c:605]--cmd = count
[2020-07-04 10:45:05]--[src_cgi/sharefiles_cgi.c:84]--line = 1
[2020-07-04 10:45:21]--[src_cgi/sharefiles_cgi.c:605]--cmd = count
[2020-07-04 10:45:21]--[src_cgi/sharefiles_cgi.c:84]--line = 1
[2020-07-04 10:45:29]--[src_cgi/sharefiles_cgi.c:605]--cmd = count
[2020-07-04 10:45:29]--[src_cgi/sharefiles_cgi.c:84]--line = 1
[2020-07-04 14:16:32]--[src_cgi/sharefiles_cgi.c:605]--cmd = count
[2020-07-04 14:16:32]--[src_cgi/sharefiles_cgi.c:84]--line = 1
[2020-07-04 14:16:32]--[src_cgi/sharefiles_cgi.c:605]--cmd = normal
[2020-07-04 14:16:32]--[src_cgi/sharefiles_cgi.c:643]--buf = {
    "count": 1,
    "start": 0
}

[2020-07-04 14:16:32]--[src_cgi/sharefiles_cgi.c:652]--start = 0, count = 1
[2020-07-04 14:16:32]--[src_cgi/sharefiles_cgi.c:171]--select share_file_list.*, file_info.url, file_info.size, file_info.type from file_info, share_file_list where file_info.md5 = share_file_list.md5 limit 0, 1 在操作
[2020-07-04 14:16:32]--[src_cgi/sharefiles_cgi.c:299]--{
	"files":	[{
			"user":	"milo",
			"md5":	"602fdf30db2aacf517badf4565124f51",
			"file_name":	"Makefile",
			"share_status":	1,
			"pv":	0,
			"create_time":	"2020-07-03 23:41:15",
			"url":	"http://172.16.0.15:80/group1/M00/00/00/rBAAD17_Jn6AM-iuAACBBC5AIsc2532509",
			"size":	33028,
			"type":	"null"
		}]
}
[2020-07-04 14:22:21]--[src_cgi/sharefiles_cgi.c:605]--cmd = count
[2020-07-04 14:22:21]--[src_cgi/sharefiles_cgi.c:84]--line = 1
[2020-07-04 14:22:21]--[src_cgi/sharefiles_cgi.c:605]--cmd = normal
[2020-07-04 14:22:21]--[src_cgi/sharefiles_cgi.c:643]--buf = {
    "count": 1,
    "start": 0
}

[2020-07-04 14:22:21]--[src_cgi/sharefiles_cgi.c:652]--start = 0, count = 1
[2020-07-04 14:22:21]--[src_cgi/sharefiles_cgi.c:171]--select share_file_list.*, file_info.url, file_info.size, file_info.type from file_info, share_file_list where file_info.md5 = share_file_list.md5 limit 0, 1 在操作
[2020-07-04 14:22:21]--[src_cgi/sharefiles_cgi.c:299]--{
	"files":	[{
			"user":	"milo",
			"md5":	"602fdf30db2aacf517badf4565124f51",
			"file_name":	"Makefile",
			"share_status":	1,
			"pv":	0,
			"create_time":	"2020-07-03 23:41:15",
			"url":	"http://172.16.0.15:80/group1/M00/00/00/rBAAD17_Jn6AM-iuAACBBC5AIsc2532509",
			"size":	33028,
			"type":	"null"
		}]
}
[2020-07-04 14:32:10]--[src_cgi/sharefiles_cgi.c:605]--cmd = count
[2020-07-04 14:32:10]--[src_cgi/sharefiles_cgi.c:84]--line = 0
[2020-07-04 14:32:15]--[src_cgi/sharefiles_cgi.c:605]--cmd = count
[2020-07-04 14:32:15]--[src_cgi/sharefiles_cgi.c:84]--line = 0
[2020-07-04 14:32:28]--[src_cgi/sharefiles_cgi.c:605]--cmd = count
[2020-07-04 14:32:28]--[src_cgi/sharefiles_cgi.c:84]--line = 0
[2020-07-04 14:32:33]--[src_cgi/sharefiles_cgi.c:605]--cmd = count
[2020-07-04 14:32:33]--[src_cgi/sharefiles_cgi.c:84]--line = 1
[2020-07-04 14:32:33]--[src_cgi/sharefiles_cgi.c:605]--cmd = normal
[2020-07-04 14:32:33]--[src_cgi/sharefiles_cgi.c:643]--buf = {
    "count": 1,
    "start": 0
}

[2020-07-04 14:32:33]--[src_cgi/sharefiles_cgi.c:652]--start = 0, count = 1
[2020-07-04 14:32:33]--[src_cgi/sharefiles_cgi.c:171]--select share_file_list.*, file_info.url, file_info.size, file_info.type from file_info, share_file_list where file_info.md5 = share_file_list.md5 limit 0, 1 在操作
[2020-07-04 14:32:33]--[src_cgi/sharefiles_cgi.c:299]--{
	"files":	[{
			"user":	"milo",
			"md5":	"a89390d867d5da18c8b1a95908d7c653",
			"file_name":	"ui_buttongroup.h",
			"share_status":	1,
			"pv":	0,
			"create_time":	"2020-07-04 14:32:31",
			"url":	"http://172.16.0.15:80/group1/M00/00/00/rBAAD18AISGAP6QrAAACRhizVvQ79062.h",
			"size":	582,
			"type":	"h"
		}]
}
[2020-07-04 14:34:37]--[src_cgi/sharefiles_cgi.c:605]--cmd = count
[2020-07-04 14:34:37]--[src_cgi/sharefiles_cgi.c:84]--line = 1
[2020-07-04 14:34:37]--[src_cgi/sharefiles_cgi.c:605]--cmd = normal
[2020-07-04 14:34:37]--[src_cgi/sharefiles_cgi.c:643]--buf = {
    "count": 1,
    "start": 0
}

[2020-07-04 14:34:37]--[src_cgi/sharefiles_cgi.c:652]--start = 0, count = 1
[2020-07-04 14:34:37]--[src_cgi/sharefiles_cgi.c:171]--select share_file_list.*, file_info.url, file_info.size, file_info.type from file_info, share_file_list where file_info.md5 = share_file_list.md5 limit 0, 1 在操作
[2020-07-04 14:34:37]--[src_cgi/sharefiles_cgi.c:299]--{
	"files":	[{
			"user":	"milo",
			"md5":	"a89390d867d5da18c8b1a95908d7c653",
			"file_name":	"ui_buttongroup.h",
			"share_status":	1,
			"pv":	0,
			"create_time":	"2020-07-04 14:34:35",
			"url":	"http://172.16.0.15:80/group1/M00/00/00/rBAAD18AISGAP6QrAAACRhizVvQ79062.h",
			"size":	582,
			"type":	"h"
		}]
}
[2020-07-04 14:35:32]--[src_cgi/sharefiles_cgi.c:605]--cmd = count
[2020-07-04 14:35:32]--[src_cgi/sharefiles_cgi.c:84]--line = 1
[2020-07-04 14:35:32]--[src_cgi/sharefiles_cgi.c:605]--cmd = normal
[2020-07-04 14:35:32]--[src_cgi/sharefiles_cgi.c:643]--buf = {
    "count": 1,
    "start": 0
}

[2020-07-04 14:35:32]--[src_cgi/sharefiles_cgi.c:652]--start = 0, count = 1
[2020-07-04 14:35:32]--[src_cgi/sharefiles_cgi.c:171]--select share_file_list.*, file_info.url, file_info.size, file_info.type from file_info, share_file_list where file_info.md5 = share_file_list.md5 limit 0, 1 在操作
[2020-07-04 14:35:32]--[src_cgi/sharefiles_cgi.c:299]--{
	"files":	[{
			"user":	"milo",
			"md5":	"a89390d867d5da18c8b1a95908d7c653",
			"file_name":	"ui_buttongroup.h",
			"share_status":	1,
			"pv":	0,
			"create_time":	"2020-07-04 14:34:35",
			"url":	"http://172.16.0.15:80/group1/M00/00/00/rBAAD18AISGAP6QrAAACRhizVvQ79062.h",
			"size":	582,
			"type":	"h"
		}]
}
[2020-07-04 14:55:36]--[src_cgi/sharefiles_cgi.c:605]--cmd = count
[2020-07-04 14:55:36]--[src_cgi/sharefiles_cgi.c:84]--line = 1
[2020-07-04 14:55:36]--[src_cgi/sharefiles_cgi.c:605]--cmd = normal
[2020-07-04 14:55:36]--[src_cgi/sharefiles_cgi.c:643]--buf = {
    "count": 1,
    "start": 0
}

[2020-07-04 14:55:36]--[src_cgi/sharefiles_cgi.c:652]--start = 0, count = 1
[2020-07-04 14:55:36]--[src_cgi/sharefiles_cgi.c:171]--select share_file_list.*, file_info.url, file_info.size, file_info.type from file_info, share_file_list where file_info.md5 = share_file_list.md5 limit 0, 1 在操作
[2020-07-04 14:55:36]--[src_cgi/sharefiles_cgi.c:299]--{
	"files":	[{
			"user":	"milo",
			"md5":	"a89390d867d5da18c8b1a95908d7c653",
			"file_name":	"ui_buttongroup.h",
			"share_status":	1,
			"pv":	0,
			"create_time":	"2020-07-04 14:34:35",
			"url":	"http://172.16.0.15:80/group1/M00/00/00/rBAAD18AISGAP6QrAAACRhizVvQ79062.h",
			"size":	582,
			"type":	"h"
		}]
}
[2020-07-04 15:15:38]--[src_cgi/sharefiles_cgi.c:605]--cmd = count
[2020-07-04 15:15:38]--[src_cgi/sharefiles_cgi.c:84]--line = 1
[2020-07-04 15:15:38]--[src_cgi/sharefiles_cgi.c:605]--cmd = normal
[2020-07-04 15:15:38]--[src_cgi/sharefiles_cgi.c:643]--buf = {
    "count": 1,
    "start": 0
}

[2020-07-04 15:15:38]--[src_cgi/sharefiles_cgi.c:652]--start = 0, count = 1
[2020-07-04 15:15:38]--[src_cgi/sharefiles_cgi.c:171]--select share_file_list.*, file_info.url, file_info.size, file_info.type from file_info, share_file_list where file_info.md5 = share_file_list.md5 limit 0, 1 在操作
[2020-07-04 15:15:38]--[src_cgi/sharefiles_cgi.c:299]--{
	"files":	[{
			"user":	"milo",
			"md5":	"a89390d867d5da18c8b1a95908d7c653",
			"file_name":	"ui_buttongroup.h",
			"share_status":	1,
			"pv":	0,
			"create_time":	"2020-07-04 14:34:35",
			"url":	"http://172.16.0.15:80/group1/M00/00/00/rBAAD18AISGAP6QrAAACRhizVvQ79062.h",
			"size":	582,
			"type":	"h"
		}]
}
[2020-07-04 15:15:39]--[src_cgi/sharefiles_cgi.c:605]--cmd = count
[2020-07-04 15:15:39]--[src_cgi/sharefiles_cgi.c:84]--line = 1
[2020-07-04 15:15:39]--[src_cgi/sharefiles_cgi.c:605]--cmd = normal
[2020-07-04 15:15:39]--[src_cgi/sharefiles_cgi.c:643]--buf = {
    "count": 1,
    "start": 0
}

[2020-07-04 15:15:39]--[src_cgi/sharefiles_cgi.c:652]--start = 0, count = 1
[2020-07-04 15:15:39]--[src_cgi/sharefiles_cgi.c:171]--select share_file_list.*, file_info.url, file_info.size, file_info.type from file_info, share_file_list where file_info.md5 = share_file_list.md5 limit 0, 1 在操作
[2020-07-04 15:15:39]--[src_cgi/sharefiles_cgi.c:299]--{
	"files":	[{
			"user":	"milo",
			"md5":	"a89390d867d5da18c8b1a95908d7c653",
			"file_name":	"ui_buttongroup.h",
			"share_status":	1,
			"pv":	0,
			"create_time":	"2020-07-04 14:34:35",
			"url":	"http://172.16.0.15:80/group1/M00/00/00/rBAAD18AISGAP6QrAAACRhizVvQ79062.h",
			"size":	582,
			"type":	"h"
		}]
}
[2020-07-04 15:15:41]--[src_cgi/sharefiles_cgi.c:605]--cmd = count
[2020-07-04 15:15:41]--[src_cgi/sharefiles_cgi.c:84]--line = 1
[2020-07-04 15:15:41]--[src_cgi/sharefiles_cgi.c:605]--cmd = normal
[2020-07-04 15:15:41]--[src_cgi/sharefiles_cgi.c:643]--buf = {
    "count": 1,
    "start": 0
}

[2020-07-04 15:15:41]--[src_cgi/sharefiles_cgi.c:652]--start = 0, count = 1
[2020-07-04 15:15:41]--[src_cgi/sharefiles_cgi.c:171]--select share_file_list.*, file_info.url, file_info.size, file_info.type from file_info, share_file_list where file_info.md5 = share_file_list.md5 limit 0, 1 在操作
[2020-07-04 15:15:41]--[src_cgi/sharefiles_cgi.c:299]--{
	"files":	[{
			"user":	"milo",
			"md5":	"a89390d867d5da18c8b1a95908d7c653",
			"file_name":	"ui_buttongroup.h",
			"share_status":	1,
			"pv":	0,
			"create_time":	"2020-07-04 14:34:35",
			"url":	"http://172.16.0.15:80/group1/M00/00/00/rBAAD18AISGAP6QrAAACRhizVvQ79062.h",
			"size":	582,
			"type":	"h"
		}]
}
[2020-07-04 15:15:42]--[src_cgi/sharefiles_cgi.c:605]--cmd = count
[2020-07-04 15:15:42]--[src_cgi/sharefiles_cgi.c:84]--line = 1
[2020-07-04 15:15:42]--[src_cgi/sharefiles_cgi.c:605]--cmd = pvdesc
[2020-07-04 15:15:42]--[src_cgi/sharefiles_cgi.c:643]--buf = {
    "count": 1,
    "start": 0
}

[2020-07-04 15:15:42]--[src_cgi/sharefiles_cgi.c:652]--start = 0, count = 1
[2020-07-04 15:15:42]--[src_cgi/sharefiles_cgi.c:406]--sql_num = 1, redis_num = 5
[2020-07-04 15:15:42]--[src_cgi/sharefiles_cgi.c:420]--select md5, file_name, pv from share_file_list order by pv desc 在操作
[2020-07-04 15:15:42]--[src_cgi/sharefiles_cgi.c:536]--{
	"files":	[{
			"filename":	"ui_buttongroup.h",
			"pv":	0
		}]
}
[2020-07-04 15:15:49]--[src_cgi/sharefiles_cgi.c:605]--cmd = count
[2020-07-04 15:15:49]--[src_cgi/sharefiles_cgi.c:84]--line = 1
[2020-07-04 15:15:49]--[src_cgi/sharefiles_cgi.c:605]--cmd = pvdesc
[2020-07-04 15:15:49]--[src_cgi/sharefiles_cgi.c:643]--buf = {
    "count": 1,
    "start": 0
}

[2020-07-04 15:15:49]--[src_cgi/sharefiles_cgi.c:652]--start = 0, count = 1
[2020-07-04 15:15:49]--[src_cgi/sharefiles_cgi.c:406]--sql_num = 1, redis_num = 1
[2020-07-04 15:15:49]--[src_cgi/sharefiles_cgi.c:536]--{
	"files":	[{
			"filename":	"ui_buttongroup.h",
			"pv":	0
		}]
}
[2020-07-04 15:18:51]--[src_cgi/sharefiles_cgi.c:605]--cmd = count
[2020-07-04 15:18:51]--[src_cgi/sharefiles_cgi.c:84]--line = 1
[2020-07-04 15:18:51]--[src_cgi/sharefiles_cgi.c:605]--cmd = normal
[2020-07-04 15:18:51]--[src_cgi/sharefiles_cgi.c:643]--buf = {
    "count": 1,
    "start": 0
}

[2020-07-04 15:18:51]--[src_cgi/sharefiles_cgi.c:652]--start = 0, count = 1
[2020-07-04 15:18:51]--[src_cgi/sharefiles_cgi.c:171]--select share_file_list.*, file_info.url, file_info.size, file_info.type from file_info, share_file_list where file_info.md5 = share_file_list.md5 limit 0, 1 在操作
[2020-07-04 15:18:51]--[src_cgi/sharefiles_cgi.c:299]--{
	"files":	[{
			"user":	"milo",
			"md5":	"a89390d867d5da18c8b1a95908d7c653",
			"file_name":	"ui_buttongroup.h",
			"share_status":	1,
			"pv":	0,
			"create_time":	"2020-07-04 14:34:35",
			"url":	"http://172.16.0.15:80/group1/M00/00/00/rBAAD18AISGAP6QrAAACRhizVvQ79062.h",
			"size":	582,
			"type":	"h"
		}]
}
[2020-07-04 15:31:09]--[src_cgi/sharefiles_cgi.c:605]--cmd = count
[2020-07-04 15:31:09]--[src_cgi/sharefiles_cgi.c:84]--line = 1
[2020-07-04 15:31:09]--[src_cgi/sharefiles_cgi.c:605]--cmd = normal
[2020-07-04 15:31:09]--[src_cgi/sharefiles_cgi.c:643]--buf = {
    "count": 1,
    "start": 0
}

[2020-07-04 15:31:09]--[src_cgi/sharefiles_cgi.c:652]--start = 0, count = 1
[2020-07-04 15:31:09]--[src_cgi/sharefiles_cgi.c:171]--select share_file_list.*, file_info.url, file_info.size, file_info.type from file_info, share_file_list where file_info.md5 = share_file_list.md5 limit 0, 1 在操作
[2020-07-04 15:31:09]--[src_cgi/sharefiles_cgi.c:299]--{
	"files":	[{
			"user":	"milo",
			"md5":	"a89390d867d5da18c8b1a95908d7c653",
			"file_name":	"ui_buttongroup.h",
			"share_status":	1,
			"pv":	0,
			"create_time":	"2020-07-04 14:34:35",
			"url":	"http://172.16.0.15:80/group1/M00/00/00/rBAAD18AISGAP6QrAAACRhizVvQ79062.h",
			"size":	582,
			"type":	"h"
		}]
}
[2020-07-04 15:33:28]--[src_cgi/sharefiles_cgi.c:605]--cmd = count
[2020-07-04 15:33:28]--[src_cgi/sharefiles_cgi.c:84]--line = 1
[2020-07-04 15:33:28]--[src_cgi/sharefiles_cgi.c:605]--cmd = normal
[2020-07-04 15:33:28]--[src_cgi/sharefiles_cgi.c:643]--buf = {
    "count": 1,
    "start": 0
}

[2020-07-04 15:33:28]--[src_cgi/sharefiles_cgi.c:652]--start = 0, count = 1
[2020-07-04 15:33:28]--[src_cgi/sharefiles_cgi.c:171]--select share_file_list.*, file_info.url, file_info.size, file_info.type from file_info, share_file_list where file_info.md5 = share_file_list.md5 limit 0, 1 在操作
[2020-07-04 15:33:28]--[src_cgi/sharefiles_cgi.c:299]--{
	"files":	[{
			"user":	"milo",
			"md5":	"a89390d867d5da18c8b1a95908d7c653",
			"file_name":	"ui_buttongroup.h",
			"share_status":	1,
			"pv":	0,
			"create_time":	"2020-07-04 14:34:35",
			"url":	"http://172.16.0.15:80/group1/M00/00/00/rBAAD18AISGAP6QrAAACRhizVvQ79062.h",
			"size":	582,
			"type":	"h"
		}]
}
[2020-07-04 15:33:45]--[src_cgi/sharefiles_cgi.c:605]--cmd = count
[2020-07-04 15:33:45]--[src_cgi/sharefiles_cgi.c:84]--line = 1
[2020-07-04 15:33:45]--[src_cgi/sharefiles_cgi.c:605]--cmd = normal
[2020-07-04 15:33:45]--[src_cgi/sharefiles_cgi.c:643]--buf = {
    "count": 1,
    "start": 0
}

[2020-07-04 15:33:45]--[src_cgi/sharefiles_cgi.c:652]--start = 0, count = 1
[2020-07-04 15:33:45]--[src_cgi/sharefiles_cgi.c:171]--select share_file_list.*, file_info.url, file_info.size, file_info.type from file_info, share_file_list where file_info.md5 = share_file_list.md5 limit 0, 1 在操作
[2020-07-04 15:33:45]--[src_cgi/sharefiles_cgi.c:299]--{
	"files":	[{
			"user":	"milo",
			"md5":	"a89390d867d5da18c8b1a95908d7c653",
			"file_name":	"ui_buttongroup.h",
			"share_status":	1,
			"pv":	0,
			"create_time":	"2020-07-04 14:34:35",
			"url":	"http://172.16.0.15:80/group1/M00/00/00/rBAAD18AISGAP6QrAAACRhizVvQ79062.h",
			"size":	582,
			"type":	"h"
		}]
}
[2020-07-04 15:33:52]--[src_cgi/sharefiles_cgi.c:605]--cmd = count
[2020-07-04 15:33:52]--[src_cgi/sharefiles_cgi.c:84]--line = 2
[2020-07-04 15:33:52]--[src_cgi/sharefiles_cgi.c:605]--cmd = normal
[2020-07-04 15:33:52]--[src_cgi/sharefiles_cgi.c:643]--buf = {
    "count": 2,
    "start": 0
}

[2020-07-04 15:33:52]--[src_cgi/sharefiles_cgi.c:652]--start = 0, count = 2
[2020-07-04 15:33:52]--[src_cgi/sharefiles_cgi.c:171]--select share_file_list.*, file_info.url, file_info.size, file_info.type from file_info, share_file_list where file_info.md5 = share_file_list.md5 limit 0, 2 在操作
[2020-07-04 15:33:52]--[src_cgi/sharefiles_cgi.c:299]--{
	"files":	[{
			"user":	"milo",
			"md5":	"a89390d867d5da18c8b1a95908d7c653",
			"file_name":	"ui_buttongroup.h",
			"share_status":	1,
			"pv":	0,
			"create_time":	"2020-07-04 14:34:35",
			"url":	"http://172.16.0.15:80/group1/M00/00/00/rBAAD18AISGAP6QrAAACRhizVvQ79062.h",
			"size":	582,
			"type":	"h"
		}, {
			"user":	"milo",
			"md5":	"4d41f1670e561265d08d8900a5b33550",
			"file_name":	"object_script.0voiceCloudDisk.Debug",
			"share_status":	1,
			"pv":	0,
			"create_time":	"2020-07-04 15:33:49",
			"url":	"http://172.16.0.15:80/group1/M00/00/00/rBAAD18AMDmATF-XAAADCJyG1G02.Debug",
			"size":	776,
			"type":	"Debug"
		}]
}
[2020-07-04 21:19:03]--[src_cgi/sharefiles_cgi.c:605]--cmd = count
[2020-07-04 21:19:03]--[src_cgi/sharefiles_cgi.c:84]--line = 2
[2020-07-04 21:19:03]--[src_cgi/sharefiles_cgi.c:605]--cmd = normal
[2020-07-04 21:19:03]--[src_cgi/sharefiles_cgi.c:643]--buf = {
    "count": 2,
    "start": 0
}

[2020-07-04 21:19:03]--[src_cgi/sharefiles_cgi.c:652]--start = 0, count = 2
[2020-07-04 21:19:03]--[src_cgi/sharefiles_cgi.c:171]--select share_file_list.*, file_info.url, file_info.size, file_info.type from file_info, share_file_list where file_info.md5 = share_file_list.md5 limit 0, 2 在操作
[2020-07-04 21:19:03]--[src_cgi/sharefiles_cgi.c:299]--{
	"files":	[{
			"user":	"milo",
			"md5":	"a89390d867d5da18c8b1a95908d7c653",
			"file_name":	"ui_buttongroup.h",
			"share_status":	1,
			"pv":	1,
			"create_time":	"2020-07-04 14:34:35",
			"url":	"http://172.16.0.15:80/group1/M00/00/00/rBAAD18AISGAP6QrAAACRhizVvQ79062.h",
			"size":	582,
			"type":	"h"
		}, {
			"user":	"milo",
			"md5":	"4d41f1670e561265d08d8900a5b33550",
			"file_name":	"object_script.0voiceCloudDisk.Debug",
			"share_status":	1,
			"pv":	1,
			"create_time":	"2020-07-04 15:33:49",
			"url":	"http://172.16.0.15:80/group1/M00/00/00/rBAAD18AMDmATF-XAAADCJyG1G02.Debug",
			"size":	776,
			"type":	"Debug"
		}]
}
[2020-07-04 21:45:23]--[src_cgi/sharefiles_cgi.c:605]--cmd = count
[2020-07-04 21:45:23]--[src_cgi/sharefiles_cgi.c:84]--line = 2
[2020-07-04 21:45:23]--[src_cgi/sharefiles_cgi.c:605]--cmd = normal
[2020-07-04 21:45:23]--[src_cgi/sharefiles_cgi.c:643]--buf = {
    "count": 2,
    "start": 0
}

[2020-07-04 21:45:23]--[src_cgi/sharefiles_cgi.c:652]--start = 0, count = 2
[2020-07-04 21:45:23]--[src_cgi/sharefiles_cgi.c:171]--select share_file_list.*, file_info.url, file_info.size, file_info.type from file_info, share_file_list where file_info.md5 = share_file_list.md5 limit 0, 2 在操作
[2020-07-04 21:45:23]--[src_cgi/sharefiles_cgi.c:299]--{
	"files":	[{
			"user":	"milo",
			"md5":	"a89390d867d5da18c8b1a95908d7c653",
			"file_name":	"ui_buttongroup.h",
			"share_status":	1,
			"pv":	1,
			"create_time":	"2020-07-04 14:34:35",
			"url":	"http://172.16.0.15:80/group1/M00/00/00/rBAAD18AISGAP6QrAAACRhizVvQ79062.h",
			"size":	582,
			"type":	"h"
		}, {
			"user":	"milo",
			"md5":	"4d41f1670e561265d08d8900a5b33550",
			"file_name":	"object_script.0voiceCloudDisk.Debug",
			"share_status":	1,
			"pv":	1,
			"create_time":	"2020-07-04 15:33:49",
			"url":	"http://172.16.0.15:80/group1/M00/00/00/rBAAD18AMDmATF-XAAADCJyG1G02.Debug",
			"size":	776,
			"type":	"Debug"
		}]
}
