[2020-08-09 12:04:50]--[src_cgi/login_cgi.c:292]--buf = {
    "pwd": "e3b4238e105aa9196dcb6399386a5ba2",
    "user": "dongshao"
}

[2020-08-09 12:04:50]--[src_cgi/login_cgi.c:299]--username = dongshao, pwd = e3b4238e105aa9196dcb6399386a5ba2
[2020-08-09 12:04:50]--[src_cgi/login_cgi.c:101]--mysql_user = root, mysql_pwd = 1286550014, mysql_db = cloud_disk
[2020-08-09 12:04:50]--[src_cgi/login_cgi.c:161]--redis:[ip=127.0.0.1,port=6379]
[2020-08-09 12:04:50]--[src_cgi/login_cgi.c:187]--tmp = dongshao963723988801
[2020-08-09 12:04:50]--[src_cgi/login_cgi.c:203]--base64 = MzhC3IbBHyR0IsnxXhT+jbUWCVqaPAw2
[2020-08-09 12:04:50]--[src_cgi/login_cgi.c:309]--token = 9d473bf75fd69d5a741ef1449c006a38
[2020-08-09 12:05:02]--[src_cgi/login_cgi.c:292]--buf = {
    "pwd": "e3b4238e105aa9196dcb6399386a5ba2",
    "user": "dongshao"
}

[2020-08-09 12:05:02]--[src_cgi/login_cgi.c:299]--username = dongshao, pwd = e3b4238e105aa9196dcb6399386a5ba2
[2020-08-09 12:05:02]--[src_cgi/login_cgi.c:101]--mysql_user = root, mysql_pwd = 1286550014, mysql_db = cloud_disk
[2020-08-09 12:05:02]--[src_cgi/login_cgi.c:161]--redis:[ip=127.0.0.1,port=6379]
[2020-08-09 12:05:02]--[src_cgi/login_cgi.c:187]--tmp = dongshao121734269237
[2020-08-09 12:05:02]--[src_cgi/login_cgi.c:203]--base64 = MzhC3IbBHyRhOIlYONlA8YqYw/eJ4Jqe
[2020-08-09 12:05:02]--[src_cgi/login_cgi.c:309]--token = 1a79e71f6e672351ae67e142ac465ee6
[2020-08-09 12:06:09]--[src_cgi/login_cgi.c:292]--buf = {
    "pwd": "e10adc3949ba59abbe56e057f20f883e",
    "user": "dongshao"
}

[2020-08-09 12:06:09]--[src_cgi/login_cgi.c:299]--username = dongshao, pwd = e10adc3949ba59abbe56e057f20f883e
[2020-08-09 12:06:09]--[src_cgi/login_cgi.c:101]--mysql_user = root, mysql_pwd = 1286550014, mysql_db = cloud_disk
[2020-08-09 12:12:24]--[src_cgi/login_cgi.c:292]--buf = {
    "pwd": "e10adc3949ba59abbe56e057f20f883e",
    "user": "dongshao"
}

[2020-08-09 12:12:24]--[src_cgi/login_cgi.c:299]--username = dongshao, pwd = e10adc3949ba59abbe56e057f20f883e
[2020-08-09 12:12:24]--[src_cgi/login_cgi.c:101]--mysql_user = root, mysql_pwd = 1286550014, mysql_db = cloud_disk
[2020-08-09 12:12:28]--[src_cgi/login_cgi.c:292]--buf = {
    "pwd": "e3b4238e105aa9196dcb6399386a5ba2",
    "user": "dongshao"
}

[2020-08-09 12:12:28]--[src_cgi/login_cgi.c:299]--username = dongshao, pwd = e3b4238e105aa9196dcb6399386a5ba2
[2020-08-09 12:12:28]--[src_cgi/login_cgi.c:101]--mysql_user = root, mysql_pwd = 1286550014, mysql_db = cloud_disk
[2020-08-09 12:12:28]--[src_cgi/login_cgi.c:161]--redis:[ip=127.0.0.1,port=6379]
[2020-08-09 12:12:28]--[src_cgi/login_cgi.c:187]--tmp = dongshao816416124919
[2020-08-09 12:12:28]--[src_cgi/login_cgi.c:203]--base64 = MzhC3IbBHyTn9lPQDp8aVjBFBQh94v0J
[2020-08-09 12:12:28]--[src_cgi/login_cgi.c:309]--token = 3b0fb544425fd8edb450925c5c540321
[2020-08-09 12:12:53]--[src_cgi/login_cgi.c:292]--buf = {
    "pwd": "e3b4238e105aa9196dcb6399386a5ba2",
    "user": "dongshao"
}

[2020-08-09 12:12:53]--[src_cgi/login_cgi.c:299]--username = dongshao, pwd = e3b4238e105aa9196dcb6399386a5ba2
[2020-08-09 12:12:53]--[src_cgi/login_cgi.c:101]--mysql_user = root, mysql_pwd = 1286550014, mysql_db = cloud_disk
[2020-08-09 12:12:53]--[src_cgi/login_cgi.c:161]--redis:[ip=127.0.0.1,port=6379]
[2020-08-09 12:12:53]--[src_cgi/login_cgi.c:187]--tmp = dongshao939219349173
[2020-08-09 12:12:53]--[src_cgi/login_cgi.c:203]--base64 = MzhC3IbBHySbZ4v+iyifRUeR/FRVeKtH
[2020-08-09 12:12:53]--[src_cgi/login_cgi.c:309]--token = bcf67c5b8d8464e020158578226d657d
[2020-08-09 12:20:44]--[src_cgi/login_cgi.c:292]--buf = {
    "pwd": "e3b4238e105aa9196dcb6399386a5ba2",
    "user": "dongshao"
}

[2020-08-09 12:20:44]--[src_cgi/login_cgi.c:299]--username = dongshao, pwd = e3b4238e105aa9196dcb6399386a5ba2
[2020-08-09 12:20:44]--[src_cgi/login_cgi.c:101]--mysql_user = root, mysql_pwd = 1286550014, mysql_db = cloud_disk
[2020-08-09 12:20:44]--[src_cgi/login_cgi.c:161]--redis:[ip=127.0.0.1,port=6379]
[2020-08-09 12:20:44]--[src_cgi/login_cgi.c:187]--tmp = dongshao3516196827
[2020-08-09 12:20:44]--[src_cgi/login_cgi.c:203]--base64 = MzhC3IbBHyRlqhHKhiGQjl/TqDrFjvqT
[2020-08-09 12:20:44]--[src_cgi/login_cgi.c:309]--token = 9a82fbdb0ba01554d59f52812b2b4137
[2020-08-09 12:21:43]--[src_cgi/login_cgi.c:292]--buf = {
    "pwd": "e3b4238e105aa9196dcb6399386a5ba2",
    "user": "dongshao"
}

[2020-08-09 12:21:43]--[src_cgi/login_cgi.c:299]--username = dongshao, pwd = e3b4238e105aa9196dcb6399386a5ba2
[2020-08-09 12:21:43]--[src_cgi/login_cgi.c:101]--mysql_user = root, mysql_pwd = 1286550014, mysql_db = cloud_disk
[2020-08-09 12:21:43]--[src_cgi/login_cgi.c:161]--redis:[ip=127.0.0.1,port=6379]
[2020-08-09 12:21:43]--[src_cgi/login_cgi.c:187]--tmp = dongshao53615318988
[2020-08-09 12:21:43]--[src_cgi/login_cgi.c:203]--base64 = MzhC3IbBHyRfwxvtcNr/bkyr/1F4MndH
[2020-08-09 12:21:43]--[src_cgi/login_cgi.c:309]--token = 9018fc0ce858d0fb1512a616c837ee2f
[2020-08-09 12:21:54]--[src_cgi/login_cgi.c:292]--buf = {
    "pwd": "e3b4238e105aa9196dcb6399386a5ba2",
    "user": "dongshao"
}

[2020-08-09 12:21:54]--[src_cgi/login_cgi.c:299]--username = dongshao, pwd = e3b4238e105aa9196dcb6399386a5ba2
[2020-08-09 12:21:54]--[src_cgi/login_cgi.c:101]--mysql_user = root, mysql_pwd = 1286550014, mysql_db = cloud_disk
[2020-08-09 12:21:54]--[src_cgi/login_cgi.c:161]--redis:[ip=127.0.0.1,port=6379]
[2020-08-09 12:21:54]--[src_cgi/login_cgi.c:187]--tmp = dongshao37380518618
[2020-08-09 12:21:54]--[src_cgi/login_cgi.c:203]--base64 = MzhC3IbBHySiKB8z/fHRy/scxjxJ92rm
[2020-08-09 12:21:54]--[src_cgi/login_cgi.c:309]--token = c797e3c3277bdc23ddd8fa4615c480f1
[2020-08-09 12:29:55]--[src_cgi/login_cgi.c:292]--buf = {
    "pwd": "e3b4238e105aa9196dcb6399386a5ba2",
    "user": "dongshao"
}

[2020-08-09 12:29:55]--[src_cgi/login_cgi.c:299]--username = dongshao, pwd = e3b4238e105aa9196dcb6399386a5ba2
[2020-08-09 12:29:55]--[src_cgi/login_cgi.c:101]--mysql_user = root, mysql_pwd = 1286550014, mysql_db = cloud_disk
[2020-08-09 12:29:55]--[src_cgi/login_cgi.c:161]--redis:[ip=127.0.0.1,port=6379]
[2020-08-09 12:29:55]--[src_cgi/login_cgi.c:187]--tmp = dongshao347222265516
[2020-08-09 12:29:55]--[src_cgi/login_cgi.c:203]--base64 = MzhC3IbBHyR2PhAqM7u0HTdCDGEZAO67
[2020-08-09 12:29:55]--[src_cgi/login_cgi.c:309]--token = f973c8af0f661f270acff0f81da75632
[2020-08-09 12:31:40]--[src_cgi/login_cgi.c:292]--buf = {
    "pwd": "e3b4238e105aa9196dcb6399386a5ba2",
    "user": "dongshao"
}

[2020-08-09 12:31:40]--[src_cgi/login_cgi.c:299]--username = dongshao, pwd = e3b4238e105aa9196dcb6399386a5ba2
[2020-08-09 12:31:40]--[src_cgi/login_cgi.c:101]--mysql_user = root, mysql_pwd = 1286550014, mysql_db = cloud_disk
[2020-08-09 12:31:40]--[src_cgi/login_cgi.c:161]--redis:[ip=127.0.0.1,port=6379]
[2020-08-09 12:31:40]--[src_cgi/login_cgi.c:187]--tmp = dongshao68662615393
[2020-08-09 12:31:40]--[src_cgi/login_cgi.c:203]--base64 = MzhC3IbBHyQeh3XKbKKfIMp7weZbAcu1
[2020-08-09 12:31:40]--[src_cgi/login_cgi.c:309]--token = 6814ffc8fdff381ba723129ac8234270
[2020-08-09 12:35:53]--[src_cgi/login_cgi.c:292]--buf = {
    "pwd": "e3b4238e105aa9196dcb6399386a5ba2",
    "user": "dongshao"
}

[2020-08-09 12:35:53]--[src_cgi/login_cgi.c:299]--username = dongshao, pwd = e3b4238e105aa9196dcb6399386a5ba2
[2020-08-09 12:35:53]--[src_cgi/login_cgi.c:101]--mysql_user = root, mysql_pwd = 1286550014, mysql_db = cloud_disk
[2020-08-09 12:35:53]--[src_cgi/login_cgi.c:161]--redis:[ip=127.0.0.1,port=6379]
[2020-08-09 12:35:53]--[src_cgi/login_cgi.c:187]--tmp = dongshao66021888404
[2020-08-09 12:35:53]--[src_cgi/login_cgi.c:203]--base64 = MzhC3IbBHyQxlrALfrMIKpYcUyAeJvAX
[2020-08-09 12:35:53]--[src_cgi/login_cgi.c:309]--token = b3cb2672b0d9a6228e8d14e72c0c5c59
[2020-08-09 12:46:44]--[src_cgi/login_cgi.c:292]--buf = {
    "pwd": "e3b4238e105aa9196dcb6399386a5ba2",
    "user": "dongshao"
}

[2020-08-09 12:46:44]--[src_cgi/login_cgi.c:299]--username = dongshao, pwd = e3b4238e105aa9196dcb6399386a5ba2
[2020-08-09 12:46:44]--[src_cgi/login_cgi.c:101]--mysql_user = root, mysql_pwd = 1286550014, mysql_db = cloud_disk
[2020-08-09 12:46:44]--[src_cgi/login_cgi.c:161]--redis:[ip=127.0.0.1,port=6379]
[2020-08-09 12:46:44]--[src_cgi/login_cgi.c:187]--tmp = dongshao639898704338
[2020-08-09 12:46:44]--[src_cgi/login_cgi.c:203]--base64 = MzhC3IbBHySubOBtTzpjrP1D8sw0Ruxh
[2020-08-09 12:46:44]--[src_cgi/login_cgi.c:309]--token = a0c13b7d11cc3e4239f11e92f4055041
[2020-08-09 12:46:56]--[src_cgi/login_cgi.c:292]--buf = {
    "pwd": "e3b4238e105aa9196dcb6399386a5ba2",
    "user": "dongshao"
}

[2020-08-09 12:46:56]--[src_cgi/login_cgi.c:299]--username = dongshao, pwd = e3b4238e105aa9196dcb6399386a5ba2
[2020-08-09 12:46:56]--[src_cgi/login_cgi.c:101]--mysql_user = root, mysql_pwd = 1286550014, mysql_db = cloud_disk
[2020-08-09 12:46:56]--[src_cgi/login_cgi.c:161]--redis:[ip=127.0.0.1,port=6379]
[2020-08-09 12:46:56]--[src_cgi/login_cgi.c:187]--tmp = dongshao471821658509
[2020-08-09 12:46:56]--[src_cgi/login_cgi.c:203]--base64 = MzhC3IbBHyRpoSaOiq8eSEsToZzGnm2y
[2020-08-09 12:46:56]--[src_cgi/login_cgi.c:309]--token = 7489100141c14a4caa277bb60f28e6af
[2020-08-09 12:53:23]--[src_cgi/login_cgi.c:292]--buf = {
    "pwd": "e3b4238e105aa9196dcb6399386a5ba2",
    "user": "dongshao"
}

[2020-08-09 12:53:23]--[src_cgi/login_cgi.c:299]--username = dongshao, pwd = e3b4238e105aa9196dcb6399386a5ba2
[2020-08-09 12:53:23]--[src_cgi/login_cgi.c:101]--mysql_user = root, mysql_pwd = 1286550014, mysql_db = cloud_disk
[2020-08-09 12:53:23]--[src_cgi/login_cgi.c:161]--redis:[ip=127.0.0.1,port=6379]
[2020-08-09 12:53:23]--[src_cgi/login_cgi.c:187]--tmp = dongshao483485154221
[2020-08-09 12:53:23]--[src_cgi/login_cgi.c:203]--base64 = MzhC3IbBHyTOZA03zs1MySmFyN3y3RDo
[2020-08-09 12:53:23]--[src_cgi/login_cgi.c:309]--token = ad6439381ebebf1154e2cdb4d2ee52ab
[2020-08-09 12:55:19]--[src_cgi/login_cgi.c:292]--buf = {
    "pwd": "e3b4238e105aa9196dcb6399386a5ba2",
    "user": "dongshao"
}

[2020-08-09 12:55:19]--[src_cgi/login_cgi.c:299]--username = dongshao, pwd = e3b4238e105aa9196dcb6399386a5ba2
[2020-08-09 12:55:19]--[src_cgi/login_cgi.c:101]--mysql_user = root, mysql_pwd = 1286550014, mysql_db = cloud_disk
[2020-08-09 12:55:19]--[src_cgi/login_cgi.c:161]--redis:[ip=127.0.0.1,port=6379]
[2020-08-09 12:55:19]--[src_cgi/login_cgi.c:187]--tmp = dongshao497798347921
[2020-08-09 12:55:19]--[src_cgi/login_cgi.c:203]--base64 = MzhC3IbBHyTXSCQRTxeJEFgLrpqk0WmG
[2020-08-09 12:55:19]--[src_cgi/login_cgi.c:309]--token = 221baa93e8cec87fdac72d3b59fcd031
[2020-08-09 12:59:22]--[src_cgi/login_cgi.c:292]--buf = {
    "pwd": "e3b4238e105aa9196dcb6399386a5ba2",
    "user": "dongshao"
}

[2020-08-09 12:59:22]--[src_cgi/login_cgi.c:299]--username = dongshao, pwd = e3b4238e105aa9196dcb6399386a5ba2
[2020-08-09 12:59:22]--[src_cgi/login_cgi.c:101]--mysql_user = root, mysql_pwd = 1286550014, mysql_db = cloud_disk
[2020-08-09 12:59:22]--[src_cgi/login_cgi.c:161]--redis:[ip=127.0.0.1,port=6379]
[2020-08-09 12:59:22]--[src_cgi/login_cgi.c:187]--tmp = dongshao704342641667
[2020-08-09 12:59:22]--[src_cgi/login_cgi.c:203]--base64 = MzhC3IbBHyTDcrET8ELHOrF+V8Jt8foG
[2020-08-09 12:59:22]--[src_cgi/login_cgi.c:309]--token = 82cf32ae8a544a24732e2517aafbfce9
[2020-08-09 12:59:43]--[src_cgi/login_cgi.c:292]--buf = {
    "pwd": "e3b4238e105aa9196dcb6399386a5ba2",
    "user": "dongshao"
}

[2020-08-09 12:59:43]--[src_cgi/login_cgi.c:299]--username = dongshao, pwd = e3b4238e105aa9196dcb6399386a5ba2
[2020-08-09 12:59:43]--[src_cgi/login_cgi.c:101]--mysql_user = root, mysql_pwd = 1286550014, mysql_db = cloud_disk
[2020-08-09 12:59:43]--[src_cgi/login_cgi.c:161]--redis:[ip=127.0.0.1,port=6379]
[2020-08-09 12:59:43]--[src_cgi/login_cgi.c:187]--tmp = dongshao897236426615
[2020-08-09 12:59:43]--[src_cgi/login_cgi.c:203]--base64 = MzhC3IbBHyQRDMa645PbTegslJAA29+a
[2020-08-09 12:59:43]--[src_cgi/login_cgi.c:309]--token = 35a1b6fe583de1e931d17a26205cf5f9
[2020-08-09 13:14:33]--[src_cgi/login_cgi.c:292]--buf = {
    "pwd": "e3b4238e105aa9196dcb6399386a5ba2",
    "user": "dongshao"
}

[2020-08-09 13:14:33]--[src_cgi/login_cgi.c:299]--username = dongshao, pwd = e3b4238e105aa9196dcb6399386a5ba2
[2020-08-09 13:14:33]--[src_cgi/login_cgi.c:101]--mysql_user = root, mysql_pwd = 1286550014, mysql_db = cloud_disk
[2020-08-09 13:14:33]--[src_cgi/login_cgi.c:161]--redis:[ip=127.0.0.1,port=6379]
[2020-08-09 13:14:33]--[src_cgi/login_cgi.c:187]--tmp = dongshao872234906239
[2020-08-09 13:14:33]--[src_cgi/login_cgi.c:203]--base64 = MzhC3IbBHyTWhQw2DZIL2eMoLf7NVHTm
[2020-08-09 13:14:33]--[src_cgi/login_cgi.c:309]--token = f021412e2835074d9a3348abef761662
[2020-08-09 13:14:52]--[src_cgi/login_cgi.c:292]--buf = {
    "pwd": "e3b4238e105aa9196dcb6399386a5ba2",
    "user": "dongshao"
}

[2020-08-09 13:14:52]--[src_cgi/login_cgi.c:299]--username = dongshao, pwd = e3b4238e105aa9196dcb6399386a5ba2
[2020-08-09 13:14:52]--[src_cgi/login_cgi.c:101]--mysql_user = root, mysql_pwd = 1286550014, mysql_db = cloud_disk
[2020-08-09 13:14:52]--[src_cgi/login_cgi.c:161]--redis:[ip=127.0.0.1,port=6379]
[2020-08-09 13:14:52]--[src_cgi/login_cgi.c:187]--tmp = dongshao385910670878
[2020-08-09 13:14:52]--[src_cgi/login_cgi.c:203]--base64 = MzhC3IbBHyQDTXbK2AEhR3YQv27bK4Y4
[2020-08-09 13:14:52]--[src_cgi/login_cgi.c:309]--token = 4f162dd98dec5adb7aac9895121733e0
[2020-08-09 13:16:08]--[src_cgi/login_cgi.c:292]--buf = {
    "pwd": "e3b4238e105aa9196dcb6399386a5ba2",
    "user": "dongshao"
}

[2020-08-09 13:16:08]--[src_cgi/login_cgi.c:299]--username = dongshao, pwd = e3b4238e105aa9196dcb6399386a5ba2
[2020-08-09 13:16:08]--[src_cgi/login_cgi.c:101]--mysql_user = root, mysql_pwd = 1286550014, mysql_db = cloud_disk
[2020-08-09 13:16:08]--[src_cgi/login_cgi.c:161]--redis:[ip=127.0.0.1,port=6379]
[2020-08-09 13:16:08]--[src_cgi/login_cgi.c:187]--tmp = dongshao470306546247
[2020-08-09 13:16:08]--[src_cgi/login_cgi.c:203]--base64 = MzhC3IbBHyQFc5BAZ8igTJGMpp9ORODz
[2020-08-09 13:16:08]--[src_cgi/login_cgi.c:309]--token = e43481ddf074513fb5f025f850f8975a
